Using pre-set license
Built from '2022.3/staging' branch; Version is '2022.3.27f1 (73effa14754f) revision 7598074'; Using compiler version '192829333'; Build Type 'Release'
OS: 'Windows 10  (10.0.19045) 64bit Professional' Language: 'en' Physical Memory: 32540 MB
BatchMode: 1, IsHumanControllingUs: 0, StartBugReporterOnCrash: 0, Is64bit: 1, IsPro: 1

COMMAND LINE ARGUMENTS:
D:\Apps\Unity\2022.3.27f1\Editor\Unity.exe
-adb2
-batchMode
-noUpm
-name
AssetImportWorker7
-projectPath
E:/Unity Projects/Aqua-Architect/Aqua Architect
-logFile
Logs/AssetImportWorker7.log
-srvPort
64972
Successfully changed project path to: E:/Unity Projects/Aqua-Architect/Aqua Architect
E:/Unity Projects/Aqua-Architect/Aqua Architect
[UnityMemory] Configuration Parameters - Can be set up in boot.config
    "memorysetup-bucket-allocator-granularity=16"
    "memorysetup-bucket-allocator-bucket-count=8"
    "memorysetup-bucket-allocator-block-size=33554432"
    "memorysetup-bucket-allocator-block-count=8"
    "memorysetup-main-allocator-block-size=16777216"
    "memorysetup-thread-allocator-block-size=16777216"
    "memorysetup-gfx-main-allocator-block-size=16777216"
    "memorysetup-gfx-thread-allocator-block-size=16777216"
    "memorysetup-cache-allocator-block-size=4194304"
    "memorysetup-typetree-allocator-block-size=2097152"
    "memorysetup-profiler-bucket-allocator-granularity=16"
    "memorysetup-profiler-bucket-allocator-bucket-count=8"
    "memorysetup-profiler-bucket-allocator-block-size=33554432"
    "memorysetup-profiler-bucket-allocator-block-count=8"
    "memorysetup-profiler-allocator-block-size=16777216"
    "memorysetup-profiler-editor-allocator-block-size=1048576"
    "memorysetup-temp-allocator-size-main=16777216"
    "memorysetup-job-temp-allocator-block-size=2097152"
    "memorysetup-job-temp-allocator-block-size-background=1048576"
    "memorysetup-job-temp-allocator-reduction-small-platforms=262144"
    "memorysetup-allocator-temp-initial-block-size-main=262144"
    "memorysetup-allocator-temp-initial-block-size-worker=262144"
    "memorysetup-temp-allocator-size-background-worker=32768"
    "memorysetup-temp-allocator-size-job-worker=262144"
    "memorysetup-temp-allocator-size-preload-manager=33554432"
    "memorysetup-temp-allocator-size-nav-mesh-worker=65536"
    "memorysetup-temp-allocator-size-audio-worker=65536"
    "memorysetup-temp-allocator-size-cloud-worker=32768"
    "memorysetup-temp-allocator-size-gi-baking-worker=262144"
    "memorysetup-temp-allocator-size-gfx=262144"
Player connection [41284] Host "[IP] 192.168.1.23 [Port] 0 [Flags] 2 [Guid] 3362617330 [EditorId] 3362617330 [Version] 1048832 [Id] WindowsEditor(7,DESKTOP-7K5S1Q8) [Debug] 1 [PackageName] WindowsEditor [ProjectName] Editor" joined multi-casting on [225.0.0.222:54997]...

Player connection [41284] Host "[IP] 192.168.1.23 [Port] 0 [Flags] 2 [Guid] 3362617330 [EditorId] 3362617330 [Version] 1048832 [Id] WindowsEditor(7,DESKTOP-7K5S1Q8) [Debug] 1 [PackageName] WindowsEditor [ProjectName] Editor" joined alternative multi-casting on [225.0.0.222:34997]...

[Physics::Module] Initialized MultithreadedJobDispatcher with 15 workers.
Refreshing native plugins compatible for Editor in 9.63 ms, found 3 plugins.
Preloading 0 native plugins for Editor in 0.00 ms.
Initialize engine version: 2022.3.27f1 (73effa14754f)
[Subsystems] Discovering subsystems at path D:/Apps/Unity/2022.3.27f1/Editor/Data/Resources/UnitySubsystems
[Subsystems] Discovering subsystems at path E:/Unity Projects/Aqua-Architect/Aqua Architect/Assets
GfxDevice: creating device client; threaded=0; jobified=0
Direct3D:
    Version:  Direct3D 11.0 [level 11.1]
    Renderer: NVIDIA GeForce RTX 3060 (ID=0x2487)
    Vendor:   NVIDIA
    VRAM:     12124 MB
    Driver:   31.0.15.3699
Initialize mono
Mono path[0] = 'D:/Apps/Unity/2022.3.27f1/Editor/Data/Managed'
Mono path[1] = 'D:/Apps/Unity/2022.3.27f1/Editor/Data/MonoBleedingEdge/lib/mono/unityjit-win32'
Mono config path = 'D:/Apps/Unity/2022.3.27f1/Editor/Data/MonoBleedingEdge/etc'
Using monoOptions --debugger-agent=transport=dt_socket,embedding=1,server=y,suspend=n,address=127.0.0.1:56112
Begin MonoManager ReloadAssembly
Registering precompiled unity dll's ...
Register platform support module: D:/Apps/Unity/2022.3.27f1/Editor/Data/PlaybackEngines/WebGLSupport/UnityEditor.WebGL.Extensions.dll
Register platform support module: D:/Apps/Unity/2022.3.27f1/Editor/Data/PlaybackEngines/MacStandaloneSupport/UnityEditor.OSXStandalone.Extensions.dll
Register platform support module: D:/Apps/Unity/2022.3.27f1/Editor/Data/PlaybackEngines/AndroidPlayer/UnityEditor.Android.Extensions.dll
Register platform support module: D:/Apps/Unity/2022.3.27f1/Editor/Data/PlaybackEngines/iOSSupport/UnityEditor.iOS.Extensions.dll
Register platform support module: D:/Apps/Unity/2022.3.27f1/Editor/Data/PlaybackEngines/WindowsStandaloneSupport/UnityEditor.WindowsStandalone.Extensions.dll
Register platform support module: D:/Apps/Unity/2022.3.27f1/Editor/Data/PlaybackEngines/MetroSupport/UnityEditor.UWP.Extensions.dll
Registered in 0.009943 seconds.
- Loaded All Assemblies, in  0.666 seconds
Native extension for UWP target not found
Native extension for WindowsStandalone target not found
[usbmuxd] Start listen thread
Native extension for iOS target not found
[usbmuxd] Listen thread started
Native extension for Android target not found
Android Extension - Scanning For ADB Devices 629 ms
Native extension for OSXStandalone target not found
Native extension for WebGL target not found
Mono: successfully reloaded assembly
- Finished resetting the current domain, in  1.135 seconds
Domain Reload Profiling: 1801ms
	BeginReloadAssembly (298ms)
		ExecutionOrderSort (0ms)
		DisableScriptedObjects (0ms)
		BackupInstance (0ms)
		ReleaseScriptingObjects (0ms)
		CreateAndSetChildDomain (1ms)
	RebuildCommonClasses (46ms)
	RebuildNativeTypeToScriptingClass (14ms)
	initialDomainReloadingComplete (114ms)
	LoadAllAssembliesAndSetupDomain (194ms)
		LoadAssemblies (298ms)
		RebuildTransferFunctionScriptingTraits (0ms)
		AnalyzeDomain (190ms)
			TypeCache.Refresh (188ms)
				TypeCache.ScanAssembly (171ms)
			ScanForSourceGeneratedMonoScriptInfo (1ms)
			ResolveRequiredComponents (1ms)
	FinalizeReload (1136ms)
		ReleaseScriptCaches (0ms)
		RebuildScriptCaches (0ms)
		SetupLoadedEditorAssemblies (1054ms)
			LogAssemblyErrors (0ms)
			InitializePlatformSupportModulesInManaged (808ms)
			SetLoadedEditorAssemblies (7ms)
			RefreshPlugins (0ms)
			BeforeProcessingInitializeOnLoad (3ms)
			ProcessInitializeOnLoadAttributes (162ms)
			ProcessInitializeOnLoadMethodAttributes (75ms)
			AfterProcessingInitializeOnLoad (0ms)
			EditorAssembliesLoaded (0ms)
		ExecutionOrderSort2 (0ms)
		AwakeInstancesAfterBackupRestoration (0ms)
========================================================================
Worker process is ready to serve import requests
Begin MonoManager ReloadAssembly
- Loaded All Assemblies, in  1.287 seconds
Refreshing native plugins compatible for Editor in 3.43 ms, found 3 plugins.
Native extension for UWP target not found
Native extension for WindowsStandalone target not found
Native extension for iOS target not found
Native extension for Android target not found
Native extension for OSXStandalone target not found
Native extension for WebGL target not found
Package Manager log level set to [2]
[Package Manager] Server::EnsureServerProcessIsRunning -- launch failed, reason: Unity was launched with the -noUpm command-line argument
[Package Manager] UpmClient::Send -- Unable to send message (not connected to UPM process).
[Package Manager] Cannot connect to Unity Package Manager local server
Mono: successfully reloaded assembly
- Finished resetting the current domain, in  0.970 seconds
Domain Reload Profiling: 2257ms
	BeginReloadAssembly (323ms)
		ExecutionOrderSort (0ms)
		DisableScriptedObjects (8ms)
		BackupInstance (0ms)
		ReleaseScriptingObjects (0ms)
		CreateAndSetChildDomain (61ms)
	RebuildCommonClasses (57ms)
	RebuildNativeTypeToScriptingClass (14ms)
	initialDomainReloadingComplete (81ms)
	LoadAllAssembliesAndSetupDomain (811ms)
		LoadAssemblies (556ms)
		RebuildTransferFunctionScriptingTraits (0ms)
		AnalyzeDomain (402ms)
			TypeCache.Refresh (352ms)
				TypeCache.ScanAssembly (323ms)
			ScanForSourceGeneratedMonoScriptInfo (32ms)
			ResolveRequiredComponents (15ms)
	FinalizeReload (971ms)
		ReleaseScriptCaches (0ms)
		RebuildScriptCaches (0ms)
		SetupLoadedEditorAssemblies (691ms)
			LogAssemblyErrors (0ms)
			InitializePlatformSupportModulesInManaged (50ms)
			SetLoadedEditorAssemblies (4ms)
			RefreshPlugins (0ms)
			BeforeProcessingInitializeOnLoad (92ms)
			ProcessInitializeOnLoadAttributes (441ms)
			ProcessInitializeOnLoadMethodAttributes (99ms)
			AfterProcessingInitializeOnLoad (4ms)
			EditorAssembliesLoaded (0ms)
		ExecutionOrderSort2 (0ms)
		AwakeInstancesAfterBackupRestoration (19ms)
Launched and connected shader compiler UnityShaderCompiler.exe after 0.17 seconds
Refreshing native plugins compatible for Editor in 2.38 ms, found 3 plugins.
Preloading 0 native plugins for Editor in 0.00 ms.
Unloading 5231 Unused Serialized files (Serialized files now loaded: 0)
Unloading 80 unused Assets / (421.5 KB). Loaded Objects now: 5692.
Memory consumption went from 213.1 MB to 212.7 MB.
Total: 5.967200 ms (FindLiveObjects: 1.229900 ms CreateObjectMapping: 0.471200 ms MarkObjects: 4.000300 ms  DeleteObjects: 0.264100 ms)

AssetImportParameters requested are different than current active one (requested -> active):
  custom:container-demuxer-ogg: 62fdf1f143b41e24485cea50d1cbac27 -> 
  custom:video-decoder-ogg-theora: a1e56fd34408186e4bbccfd4996cb3dc -> 
  custom:framework-win-MediaFoundation: 216162199b28c13a410421893ffa2e32 -> 
  custom:CustomObjectIndexerAttribute: 72b91833f83ae208fae7752999fa3104 -> 
  custom:container-demuxer-webm: 4f35f7cbe854078d1ac9338744f61a02 -> 
  custom:container-muxer-webm: aa71ff27fc2769a1b78a27578f13a17b -> 
  custom:video-decoder-webm-vp8: 9c59270c3fd7afecdb556c50c9e8de78 -> 
  custom:SearchIndexIgnoredProperties: e643bd26f0fe6173181afceb89e7c659 -> 
  custom:AudioImporter_EditorPlatform: d09bf68614088b80899f8185d706f6e7 -> 
  custom:video-encoder-webm-vp8: eb34c28f22e8b96e1ab97ce403110664 -> 
  custom:audio-decoder-ogg-vorbis: bf7c407c2cedff20999df2af8eb42d56 -> 
  custom:audio-encoder-webm-vorbis: bf7c407c2cedff20999df2af8eb42d56 -> 
========================================================================
Received Prepare
Refreshing native plugins compatible for Editor in 3.40 ms, found 3 plugins.
Preloading 0 native plugins for Editor in 0.00 ms.
Unloading 5 Unused Serialized files (Serialized files now loaded: 0)
Unloading 7 unused Assets / (370.6 KB). Loaded Objects now: 5691.
Memory consumption went from 108.1 MB to 107.7 MB.
Total: 27.088000 ms (FindLiveObjects: 0.977400 ms CreateObjectMapping: 0.368600 ms MarkObjects: 25.019700 ms  DeleteObjects: 0.720700 ms)

Prepare: number of updated asset objects reloaded= 0
AssetImportParameters requested are different than current active one (requested -> active):
  custom:container-demuxer-ogg: 62fdf1f143b41e24485cea50d1cbac27 -> 
  custom:video-decoder-ogg-theora: a1e56fd34408186e4bbccfd4996cb3dc -> 
  custom:framework-win-MediaFoundation: 216162199b28c13a410421893ffa2e32 -> 
  custom:CustomObjectIndexerAttribute: 72b91833f83ae208fae7752999fa3104 -> 
  custom:container-demuxer-webm: 4f35f7cbe854078d1ac9338744f61a02 -> 
  custom:container-muxer-webm: aa71ff27fc2769a1b78a27578f13a17b -> 
  custom:video-decoder-webm-vp8: 9c59270c3fd7afecdb556c50c9e8de78 -> 
  custom:SearchIndexIgnoredProperties: e643bd26f0fe6173181afceb89e7c659 -> 
  custom:AudioImporter_EditorPlatform: d09bf68614088b80899f8185d706f6e7 -> 
  custom:video-encoder-webm-vp8: eb34c28f22e8b96e1ab97ce403110664 -> 
  custom:audio-decoder-ogg-vorbis: bf7c407c2cedff20999df2af8eb42d56 -> 
  custom:audio-encoder-webm-vorbis: bf7c407c2cedff20999df2af8eb42d56 -> 
========================================================================
Received Import Request.
  Time since last request: 361902.883446 seconds.
  path: Assets/Scenes/GameScene.unity
  artifactKey: Guid(9aefc5e832693544eaaea230ef833ded) Importer(2089858483,0ecaa5967403d082aa24f35e1b516d23)
Start importing Assets/Scenes/GameScene.unity using Guid(9aefc5e832693544eaaea230ef833ded) Importer(2089858483,0ecaa5967403d082aa24f35e1b516d23)  -> (artifact id: '268c2987686345cbe9e021e708adfc25') in 0.369913 seconds
Number of updated asset objects reloaded before import = 0
Number of asset objects unloaded after import = 1
========================================================================
Received Import Request.
  Time since last request: 0.000035 seconds.
  path: Assets/Cartoon_Texture_Pack/SAND/SAND_Underwater/Textures/Sand_Underwater_Shell_Basecolor.png
  artifactKey: Guid(922b2f4389cf30f46ad4dd56df061162) Importer(2089858483,0ecaa5967403d082aa24f35e1b516d23)
Start importing Assets/Cartoon_Texture_Pack/SAND/SAND_Underwater/Textures/Sand_Underwater_Shell_Basecolor.png using Guid(922b2f4389cf30f46ad4dd56df061162) Importer(2089858483,0ecaa5967403d082aa24f35e1b516d23)  -> (artifact id: 'cb3921275a2f1e5da59d0361a27af558') in 0.136957 seconds
Number of updated asset objects reloaded before import = 0
Number of asset objects unloaded after import = 1
========================================================================
Received Import Request.
  Time since last request: 0.000047 seconds.
  path: Assets/Materials/CellIndicatorMat.mat
  artifactKey: Guid(66a037e4737bd374c88e788da9cb04dd) Importer(2089858483,0ecaa5967403d082aa24f35e1b516d23)
Start importing Assets/Materials/CellIndicatorMat.mat using Guid(66a037e4737bd374c88e788da9cb04dd) Importer(2089858483,0ecaa5967403d082aa24f35e1b516d23)  -> (artifact id: '1b50908270b805a77d9dd14571ea3c54') in 0.055821 seconds
Number of updated asset objects reloaded before import = 0
Number of asset objects unloaded after import = 1
========================================================================
Received Import Request.
  Time since last request: 0.000029 seconds.
  path: Assets/Samples/Shader Graph/14.0.11/Procedural Patterns/Hex Lattice.ShaderSubGraph
  artifactKey: Guid(ae6f2edd46e88d5459d149f7a35446e1) Importer(2089858483,0ecaa5967403d082aa24f35e1b516d23)
Start importing Assets/Samples/Shader Graph/14.0.11/Procedural Patterns/Hex Lattice.ShaderSubGraph using Guid(ae6f2edd46e88d5459d149f7a35446e1) Importer(2089858483,0ecaa5967403d082aa24f35e1b516d23)  -> (artifact id: '0148a64d197be3d4905d2d6e1d089b21') in 0.058495 seconds
Number of updated asset objects reloaded before import = 0
Number of asset objects unloaded after import = 1
========================================================================
Received Import Request.
  Time since last request: 0.000033 seconds.
  path: Assets/Prefabs/CellIndicatorParent.prefab
  artifactKey: Guid(0b8c348b96d10d04d80e71c791c5e724) Importer(2089858483,0ecaa5967403d082aa24f35e1b516d23)
Start importing Assets/Prefabs/CellIndicatorParent.prefab using Guid(0b8c348b96d10d04d80e71c791c5e724) Importer(2089858483,0ecaa5967403d082aa24f35e1b516d23)  -> (artifact id: '3208028758c173bcbbc5a2906ecfee56') in 0.052336 seconds
Number of updated asset objects reloaded before import = 0
Number of asset objects unloaded after import = 9
========================================================================
Received Import Request.
  Time since last request: 0.000046 seconds.
  path: Assets/Samples/Shader Graph/14.0.11/Procedural Patterns/Houndstooth.ShaderSubGraph
  artifactKey: Guid(67a22abd94d077a4282e47a4cc312992) Importer(2089858483,0ecaa5967403d082aa24f35e1b516d23)
Start importing Assets/Samples/Shader Graph/14.0.11/Procedural Patterns/Houndstooth.ShaderSubGraph using Guid(67a22abd94d077a4282e47a4cc312992) Importer(2089858483,0ecaa5967403d082aa24f35e1b516d23)  -> (artifact id: 'f82362d01ed23cb90ac906e780f8d499') in 0.029338 seconds
Number of updated asset objects reloaded before import = 0
Number of asset objects unloaded after import = 1
========================================================================
Received Import Request.
  Time since last request: 0.000057 seconds.
  path: Assets/Cartoon_Texture_Pack/SAND/SAND_Underwater/Textures/Sand_Underwater_Base_Basecolor.png
  artifactKey: Guid(29cf16dcfaae11f46bccf7ae069faa60) Importer(2089858483,0ecaa5967403d082aa24f35e1b516d23)
Start importing Assets/Cartoon_Texture_Pack/SAND/SAND_Underwater/Textures/Sand_Underwater_Base_Basecolor.png using Guid(29cf16dcfaae11f46bccf7ae069faa60) Importer(2089858483,0ecaa5967403d082aa24f35e1b516d23)  -> (artifact id: 'd26a6b33b107be962d222db26dc1d05b') in 0.163577 seconds
Number of updated asset objects reloaded before import = 0
Number of asset objects unloaded after import = 1
========================================================================
Received Import Request.
  Time since last request: 0.000036 seconds.
  path: Assets/Samples/Shader Graph/14.0.11/Procedural Patterns/Truchet.ShaderSubGraph
  artifactKey: Guid(443a06ee36571b848aa0cc4eb4f681b4) Importer(2089858483,0ecaa5967403d082aa24f35e1b516d23)
Start importing Assets/Samples/Shader Graph/14.0.11/Procedural Patterns/Truchet.ShaderSubGraph using Guid(443a06ee36571b848aa0cc4eb4f681b4) Importer(2089858483,0ecaa5967403d082aa24f35e1b516d23)  -> (artifact id: '93500f08098248dede6befa62077a7f8') in 0.030503 seconds
Number of updated asset objects reloaded before import = 0
Number of asset objects unloaded after import = 1
========================================================================
Received Import Request.
  Time since last request: 0.000040 seconds.
  path: Assets/Samples/Shader Graph/14.0.11/Procedural Patterns/Stripes.ShaderSubGraph
  artifactKey: Guid(1957c4e211f004e43b5a2040d7082630) Importer(2089858483,0ecaa5967403d082aa24f35e1b516d23)
Start importing Assets/Samples/Shader Graph/14.0.11/Procedural Patterns/Stripes.ShaderSubGraph using Guid(1957c4e211f004e43b5a2040d7082630) Importer(2089858483,0ecaa5967403d082aa24f35e1b516d23)  -> (artifact id: 'fe0b7a86066f626a0d5877baba9e99eb') in 0.043257 seconds
Number of updated asset objects reloaded before import = 0
Number of asset objects unloaded after import = 1
========================================================================
Received Import Request.
  Time since last request: 0.000055 seconds.
  path: Assets/Cartoon_Texture_Pack/SAND/SAND_Underwater/Materials/Sand_Underwater_Base.mat
  artifactKey: Guid(e55445e0da1f0a24ab59dba263813e61) Importer(2089858483,0ecaa5967403d082aa24f35e1b516d23)
Start importing Assets/Cartoon_Texture_Pack/SAND/SAND_Underwater/Materials/Sand_Underwater_Base.mat using Guid(e55445e0da1f0a24ab59dba263813e61) Importer(2089858483,0ecaa5967403d082aa24f35e1b516d23)  -> (artifact id: 'ec38257d24237e7f0ee4e13b165d9d1b') in 0.349736 seconds
Number of updated asset objects reloaded before import = 0
Number of asset objects unloaded after import = 6
========================================================================
Received Import Request.
  Time since last request: 0.000062 seconds.
  path: Assets/Images/sand.jpg
  artifactKey: Guid(aa1ebdd3ad8e36b4590de4b21418199a) Importer(2089858483,0ecaa5967403d082aa24f35e1b516d23)
Start importing Assets/Images/sand.jpg using Guid(aa1ebdd3ad8e36b4590de4b21418199a) Importer(2089858483,0ecaa5967403d082aa24f35e1b516d23)  -> (artifact id: '715f75a179eb3f221e47cb97534f7f53') in 0.082009 seconds
Number of updated asset objects reloaded before import = 0
Number of asset objects unloaded after import = 1
========================================================================
Received Import Request.
  Time since last request: 0.000079 seconds.
  path: Assets/Rendering/URP.asset
  artifactKey: Guid(7c5e33ddd1670a64e9ddb551440a580d) Importer(815301076,1909f56bfc062723c751e8b465ee728b)
Start importing Assets/Rendering/URP.asset using Guid(7c5e33ddd1670a64e9ddb551440a580d) Importer(815301076,1909f56bfc062723c751e8b465ee728b)  -> (artifact id: '1ecc6480dd8fa99f5b0b405718febba0') in 0.022288 seconds
Number of updated asset objects reloaded before import = 0
Number of asset objects unloaded after import = 4
========================================================================
Received Import Request.
  Time since last request: 0.591301 seconds.
  path: Assets/Settings/Very Low_PipelineAsset_ForwardRenderer.asset
  artifactKey: Guid(21317cb0349f7624d90cfabf2cf78c9a) Importer(2089858483,0ecaa5967403d082aa24f35e1b516d23)
Start importing Assets/Settings/Very Low_PipelineAsset_ForwardRenderer.asset using Guid(21317cb0349f7624d90cfabf2cf78c9a) Importer(2089858483,0ecaa5967403d082aa24f35e1b516d23)  -> (artifact id: '10865fab60b74a1382ebdca1c8957783') in 0.056278 seconds
Number of updated asset objects reloaded before import = 0
Number of asset objects unloaded after import = 1
========================================================================
Received Import Request.
  Time since last request: 0.000046 seconds.
  path: Assets/Settings/Low_PipelineAsset_ForwardRenderer.asset
  artifactKey: Guid(94680efccf7cd124db475704f1c6aabc) Importer(2089858483,0ecaa5967403d082aa24f35e1b516d23)
Start importing Assets/Settings/Low_PipelineAsset_ForwardRenderer.asset using Guid(94680efccf7cd124db475704f1c6aabc) Importer(2089858483,0ecaa5967403d082aa24f35e1b516d23)  -> (artifact id: 'bb5c93cb7337f5095152069a7fdf7bcb') in 0.034540 seconds
Number of updated asset objects reloaded before import = 0
Number of asset objects unloaded after import = 1
========================================================================
Received Import Request.
  Time since last request: 0.000033 seconds.
  path: Assets/Settings/Medium_PipelineAsset_ForwardRenderer.asset
  artifactKey: Guid(09d528a34fac6dc40bc76dc23f82b328) Importer(2089858483,0ecaa5967403d082aa24f35e1b516d23)
Start importing Assets/Settings/Medium_PipelineAsset_ForwardRenderer.asset using Guid(09d528a34fac6dc40bc76dc23f82b328) Importer(2089858483,0ecaa5967403d082aa24f35e1b516d23)  -> (artifact id: 'f7dc4eb70113ee091cc5b269cb60238a') in 0.041122 seconds
Number of updated asset objects reloaded before import = 0
Number of asset objects unloaded after import = 1
========================================================================
Received Import Request.
  Time since last request: 0.000036 seconds.
  path: Assets/Settings/Ultra_PipelineAsset_ForwardRenderer.asset
  artifactKey: Guid(a393a601721332a4eb661e8153561ba1) Importer(2089858483,0ecaa5967403d082aa24f35e1b516d23)
Start importing Assets/Settings/Ultra_PipelineAsset_ForwardRenderer.asset using Guid(a393a601721332a4eb661e8153561ba1) Importer(2089858483,0ecaa5967403d082aa24f35e1b516d23)  -> (artifact id: '73a329f0cc01a80c1da45f94499bfc5c') in 0.039245 seconds
Number of updated asset objects reloaded before import = 0
Number of asset objects unloaded after import = 1
========================================================================
Received Import Request.
  Time since last request: 0.000045 seconds.
  path: Assets/Settings/High_PipelineAsset.asset
  artifactKey: Guid(3d60deaf23ffa2749a6540b6d4be39fb) Importer(2089858483,0ecaa5967403d082aa24f35e1b516d23)
Start importing Assets/Settings/High_PipelineAsset.asset using Guid(3d60deaf23ffa2749a6540b6d4be39fb) Importer(2089858483,0ecaa5967403d082aa24f35e1b516d23)  -> (artifact id: '5f817c3df7107076a3389aec5541a24f') in 0.076354 seconds
Number of updated asset objects reloaded before import = 0
Number of asset objects unloaded after import = 2
========================================================================
Received Prepare
Begin MonoManager ReloadAssembly
- Loaded All Assemblies, in  0.589 seconds
Refreshing native plugins compatible for Editor in 3.21 ms, found 3 plugins.
Native extension for UWP target not found
Native extension for WindowsStandalone target not found
Native extension for iOS target not found
Native extension for Android target not found
Native extension for OSXStandalone target not found
Native extension for WebGL target not found
[Package Manager] Server::EnsureServerProcessIsRunning -- launch failed, reason: Unity was launched with the -noUpm command-line argument
[Package Manager] UpmClient::Send -- Unable to send message (not connected to UPM process).
[Package Manager] Cannot connect to Unity Package Manager local server
Mono: successfully reloaded assembly
- Finished resetting the current domain, in  1.378 seconds
Domain Reload Profiling: 1965ms
	BeginReloadAssembly (198ms)
		ExecutionOrderSort (0ms)
		DisableScriptedObjects (5ms)
		BackupInstance (0ms)
		ReleaseScriptingObjects (0ms)
		CreateAndSetChildDomain (64ms)
	RebuildCommonClasses (36ms)
	RebuildNativeTypeToScriptingClass (14ms)
	initialDomainReloadingComplete (31ms)
	LoadAllAssembliesAndSetupDomain (308ms)
		LoadAssemblies (375ms)
		RebuildTransferFunctionScriptingTraits (0ms)
		AnalyzeDomain (27ms)
			TypeCache.Refresh (10ms)
				TypeCache.ScanAssembly (0ms)
			ScanForSourceGeneratedMonoScriptInfo (0ms)
			ResolveRequiredComponents (15ms)
	FinalizeReload (1378ms)
		ReleaseScriptCaches (0ms)
		RebuildScriptCaches (0ms)
		SetupLoadedEditorAssemblies (656ms)
			LogAssemblyErrors (0ms)
			InitializePlatformSupportModulesInManaged (52ms)
			SetLoadedEditorAssemblies (5ms)
			RefreshPlugins (0ms)
			BeforeProcessingInitializeOnLoad (88ms)
			ProcessInitializeOnLoadAttributes (414ms)
			ProcessInitializeOnLoadMethodAttributes (93ms)
			AfterProcessingInitializeOnLoad (4ms)
			EditorAssembliesLoaded (0ms)
		ExecutionOrderSort2 (0ms)
		AwakeInstancesAfterBackupRestoration (24ms)
Refreshing native plugins compatible for Editor in 3.63 ms, found 3 plugins.
Preloading 0 native plugins for Editor in 0.00 ms.
Unloading 5083 Unused Serialized files (Serialized files now loaded: 0)
Unloading 43 unused Assets / (390.8 KB). Loaded Objects now: 5709.
Memory consumption went from 187.8 MB to 187.4 MB.
Total: 6.781400 ms (FindLiveObjects: 1.819300 ms CreateObjectMapping: 0.426400 ms MarkObjects: 4.351100 ms  DeleteObjects: 0.182200 ms)

Prepare: number of updated asset objects reloaded= 0
AssetImportParameters requested are different than current active one (requested -> active):
  custom:container-demuxer-ogg: 62fdf1f143b41e24485cea50d1cbac27 -> 
  custom:video-decoder-ogg-theora: a1e56fd34408186e4bbccfd4996cb3dc -> 
  custom:framework-win-MediaFoundation: 216162199b28c13a410421893ffa2e32 -> 
  custom:CustomObjectIndexerAttribute: 72b91833f83ae208fae7752999fa3104 -> 
  custom:container-demuxer-webm: 4f35f7cbe854078d1ac9338744f61a02 -> 
  custom:container-muxer-webm: aa71ff27fc2769a1b78a27578f13a17b -> 
  custom:video-decoder-webm-vp8: 9c59270c3fd7afecdb556c50c9e8de78 -> 
  custom:SearchIndexIgnoredProperties: e643bd26f0fe6173181afceb89e7c659 -> 
  custom:AudioImporter_EditorPlatform: d09bf68614088b80899f8185d706f6e7 -> 
  custom:video-encoder-webm-vp8: eb34c28f22e8b96e1ab97ce403110664 -> 
  custom:audio-decoder-ogg-vorbis: bf7c407c2cedff20999df2af8eb42d56 -> 
  custom:audio-encoder-webm-vorbis: bf7c407c2cedff20999df2af8eb42d56 -> 
========================================================================
Received Import Request.
  Time since last request: 24.657141 seconds.
  path: Assets/Samples/Shader Graph/14.0.11/Procedural Patterns/BacteriaSmoothstep.shadersubgraph
  artifactKey: Guid(e3991c0bfe9e06945833b46fb6e56055) Importer(815301076,1909f56bfc062723c751e8b465ee728b)
Start importing Assets/Samples/Shader Graph/14.0.11/Procedural Patterns/BacteriaSmoothstep.shadersubgraph using Guid(e3991c0bfe9e06945833b46fb6e56055) Importer(815301076,1909f56bfc062723c751e8b465ee728b)  -> (artifact id: '96ee84014ab218c27c201f5307aa4b23') in 0.053685 seconds
Number of updated asset objects reloaded before import = 0
Number of asset objects unloaded after import = 1
========================================================================
Received Import Request.
  Time since last request: 0.000027 seconds.
  path: Assets/Samples/Shader Graph/14.0.11/Procedural Patterns/Stripes.ShaderSubGraph
  artifactKey: Guid(1957c4e211f004e43b5a2040d7082630) Importer(815301076,1909f56bfc062723c751e8b465ee728b)
Start importing Assets/Samples/Shader Graph/14.0.11/Procedural Patterns/Stripes.ShaderSubGraph using Guid(1957c4e211f004e43b5a2040d7082630) Importer(815301076,1909f56bfc062723c751e8b465ee728b)  -> (artifact id: 'f13f7fe90152f2e8e9f4c24febf4c8c8') in 0.001391 seconds
Number of updated asset objects reloaded before import = 0
Number of asset objects unloaded after import = 1
========================================================================
Received Import Request.
  Time since last request: 0.000016 seconds.
  path: Assets/Samples/Shader Graph/14.0.11/Procedural Patterns/Smooth Wave.ShaderSubGraph
  artifactKey: Guid(f450689a19af5fd4a98b097aa9136722) Importer(815301076,1909f56bfc062723c751e8b465ee728b)
Start importing Assets/Samples/Shader Graph/14.0.11/Procedural Patterns/Smooth Wave.ShaderSubGraph using Guid(f450689a19af5fd4a98b097aa9136722) Importer(815301076,1909f56bfc062723c751e8b465ee728b)  -> (artifact id: '48d5529fe62549ffc22fd261dfd57539') in 0.001444 seconds
Number of updated asset objects reloaded before import = 0
Number of asset objects unloaded after import = 1
========================================================================
Received Import Request.
  Time since last request: 0.000015 seconds.
  path: Assets/Samples/Shader Graph/14.0.11/Procedural Patterns/Whirl.ShaderSubGraph
  artifactKey: Guid(44f87539b2be2d24d86b8843f98ad277) Importer(815301076,1909f56bfc062723c751e8b465ee728b)
Start importing Assets/Samples/Shader Graph/14.0.11/Procedural Patterns/Whirl.ShaderSubGraph using Guid(44f87539b2be2d24d86b8843f98ad277) Importer(815301076,1909f56bfc062723c751e8b465ee728b)  -> (artifact id: '950f7b2d78b79468bf4a286af02f7ec0') in 0.001954 seconds
Number of updated asset objects reloaded before import = 0
Number of asset objects unloaded after import = 1
Editor requested this worker to shutdown with reason: Scaling down because of idle timeout
TcpMessagingSession - receive error: operation aborted. errorcode: 995, details: The I/O operation has been aborted because of either a thread exit or an application request.
AssetImportWorker is now disconnected from the server
Process exiting
Exiting without the bug reporter. Application will terminate with return code 0