Using pre-set license
Built from '2022.3/staging' branch; Version is '2022.3.27f1 (73effa14754f) revision 7598074'; Using compiler version '192829333'; Build Type 'Release'
OS: 'Windows 10  (10.0.19045) 64bit Professional' Language: 'en' Physical Memory: 32540 MB
BatchMode: 1, IsHumanControllingUs: 0, StartBugReporterOnCrash: 0, Is64bit: 1, IsPro: 1

COMMAND LINE ARGUMENTS:
D:\Apps\Unity\2022.3.27f1\Editor\Unity.exe
-adb2
-batchMode
-noUpm
-name
AssetImportWorker1
-projectPath
E:/Unity Projects/Aqua-Architect/Aqua Architect
-logFile
Logs/AssetImportWorker1.log
-srvPort
50088
Successfully changed project path to: E:/Unity Projects/Aqua-Architect/Aqua Architect
E:/Unity Projects/Aqua-Architect/Aqua Architect
[UnityMemory] Configuration Parameters - Can be set up in boot.config
    "memorysetup-bucket-allocator-granularity=16"
    "memorysetup-bucket-allocator-bucket-count=8"
    "memorysetup-bucket-allocator-block-size=33554432"
    "memorysetup-bucket-allocator-block-count=8"
    "memorysetup-main-allocator-block-size=16777216"
    "memorysetup-thread-allocator-block-size=16777216"
    "memorysetup-gfx-main-allocator-block-size=16777216"
    "memorysetup-gfx-thread-allocator-block-size=16777216"
    "memorysetup-cache-allocator-block-size=4194304"
    "memorysetup-typetree-allocator-block-size=2097152"
    "memorysetup-profiler-bucket-allocator-granularity=16"
    "memorysetup-profiler-bucket-allocator-bucket-count=8"
    "memorysetup-profiler-bucket-allocator-block-size=33554432"
    "memorysetup-profiler-bucket-allocator-block-count=8"
    "memorysetup-profiler-allocator-block-size=16777216"
    "memorysetup-profiler-editor-allocator-block-size=1048576"
    "memorysetup-temp-allocator-size-main=16777216"
    "memorysetup-job-temp-allocator-block-size=2097152"
    "memorysetup-job-temp-allocator-block-size-background=1048576"
    "memorysetup-job-temp-allocator-reduction-small-platforms=262144"
    "memorysetup-allocator-temp-initial-block-size-main=262144"
    "memorysetup-allocator-temp-initial-block-size-worker=262144"
    "memorysetup-temp-allocator-size-background-worker=32768"
    "memorysetup-temp-allocator-size-job-worker=262144"
    "memorysetup-temp-allocator-size-preload-manager=33554432"
    "memorysetup-temp-allocator-size-nav-mesh-worker=65536"
    "memorysetup-temp-allocator-size-audio-worker=65536"
    "memorysetup-temp-allocator-size-cloud-worker=32768"
    "memorysetup-temp-allocator-size-gi-baking-worker=262144"
    "memorysetup-temp-allocator-size-gfx=262144"
Player connection [19816] Host "[IP] 192.168.1.23 [Port] 0 [Flags] 2 [Guid] 3120526203 [EditorId] 3120526203 [Version] 1048832 [Id] WindowsEditor(7,DESKTOP-7K5S1Q8) [Debug] 1 [PackageName] WindowsEditor [ProjectName] Editor" joined multi-casting on [225.0.0.222:54997]...

Player connection [19816] Host "[IP] 192.168.1.23 [Port] 0 [Flags] 2 [Guid] 3120526203 [EditorId] 3120526203 [Version] 1048832 [Id] WindowsEditor(7,DESKTOP-7K5S1Q8) [Debug] 1 [PackageName] WindowsEditor [ProjectName] Editor" joined alternative multi-casting on [225.0.0.222:34997]...

[Physics::Module] Initialized MultithreadedJobDispatcher with 15 workers.
Refreshing native plugins compatible for Editor in 7.58 ms, found 3 plugins.
Preloading 0 native plugins for Editor in 0.00 ms.
Initialize engine version: 2022.3.27f1 (73effa14754f)
[Subsystems] Discovering subsystems at path D:/Apps/Unity/2022.3.27f1/Editor/Data/Resources/UnitySubsystems
[Subsystems] Discovering subsystems at path E:/Unity Projects/Aqua-Architect/Aqua Architect/Assets
GfxDevice: creating device client; threaded=0; jobified=0
Direct3D:
    Version:  Direct3D 11.0 [level 11.1]
    Renderer: NVIDIA GeForce RTX 3060 (ID=0x2487)
    Vendor:   NVIDIA
    VRAM:     12124 MB
    Driver:   31.0.15.3699
Initialize mono
Mono path[0] = 'D:/Apps/Unity/2022.3.27f1/Editor/Data/Managed'
Mono path[1] = 'D:/Apps/Unity/2022.3.27f1/Editor/Data/MonoBleedingEdge/lib/mono/unityjit-win32'
Mono config path = 'D:/Apps/Unity/2022.3.27f1/Editor/Data/MonoBleedingEdge/etc'
Using monoOptions --debugger-agent=transport=dt_socket,embedding=1,server=y,suspend=n,address=127.0.0.1:56300
Begin MonoManager ReloadAssembly
Registering precompiled unity dll's ...
Register platform support module: D:/Apps/Unity/2022.3.27f1/Editor/Data/PlaybackEngines/WebGLSupport/UnityEditor.WebGL.Extensions.dll
Register platform support module: D:/Apps/Unity/2022.3.27f1/Editor/Data/PlaybackEngines/MacStandaloneSupport/UnityEditor.OSXStandalone.Extensions.dll
Register platform support module: D:/Apps/Unity/2022.3.27f1/Editor/Data/PlaybackEngines/AndroidPlayer/UnityEditor.Android.Extensions.dll
Register platform support module: D:/Apps/Unity/2022.3.27f1/Editor/Data/PlaybackEngines/iOSSupport/UnityEditor.iOS.Extensions.dll
Register platform support module: D:/Apps/Unity/2022.3.27f1/Editor/Data/PlaybackEngines/WindowsStandaloneSupport/UnityEditor.WindowsStandalone.Extensions.dll
Register platform support module: D:/Apps/Unity/2022.3.27f1/Editor/Data/PlaybackEngines/MetroSupport/UnityEditor.UWP.Extensions.dll
Registered in 0.010519 seconds.
- Loaded All Assemblies, in  0.400 seconds
Native extension for UWP target not found
Native extension for WindowsStandalone target not found
[usbmuxd] Start listen thread
[usbmuxd] Listen thread started
Native extension for iOS target not found
Native extension for Android target not found
Android Extension - Scanning For ADB Devices 359 ms
Native extension for OSXStandalone target not found
Native extension for WebGL target not found
Mono: successfully reloaded assembly
- Finished resetting the current domain, in  0.787 seconds
Domain Reload Profiling: 1186ms
	BeginReloadAssembly (114ms)
		ExecutionOrderSort (0ms)
		DisableScriptedObjects (0ms)
		BackupInstance (0ms)
		ReleaseScriptingObjects (0ms)
		CreateAndSetChildDomain (1ms)
	RebuildCommonClasses (37ms)
	RebuildNativeTypeToScriptingClass (12ms)
	initialDomainReloadingComplete (66ms)
	LoadAllAssembliesAndSetupDomain (171ms)
		LoadAssemblies (115ms)
		RebuildTransferFunctionScriptingTraits (0ms)
		AnalyzeDomain (167ms)
			TypeCache.Refresh (165ms)
				TypeCache.ScanAssembly (150ms)
			ScanForSourceGeneratedMonoScriptInfo (0ms)
			ResolveRequiredComponents (1ms)
	FinalizeReload (787ms)
		ReleaseScriptCaches (0ms)
		RebuildScriptCaches (0ms)
		SetupLoadedEditorAssemblies (717ms)
			LogAssemblyErrors (0ms)
			InitializePlatformSupportModulesInManaged (517ms)
			SetLoadedEditorAssemblies (5ms)
			RefreshPlugins (0ms)
			BeforeProcessingInitializeOnLoad (2ms)
			ProcessInitializeOnLoadAttributes (129ms)
			ProcessInitializeOnLoadMethodAttributes (63ms)
			AfterProcessingInitializeOnLoad (0ms)
			EditorAssembliesLoaded (0ms)
		ExecutionOrderSort2 (0ms)
		AwakeInstancesAfterBackupRestoration (0ms)
========================================================================
Worker process is ready to serve import requests
Begin MonoManager ReloadAssembly
- Loaded All Assemblies, in  0.771 seconds
Refreshing native plugins compatible for Editor in 3.25 ms, found 3 plugins.
Native extension for UWP target not found
Native extension for WindowsStandalone target not found
Native extension for iOS target not found
Native extension for Android target not found
Native extension for OSXStandalone target not found
Native extension for WebGL target not found
Package Manager log level set to [2]
[Package Manager] Server::EnsureServerProcessIsRunning -- launch failed, reason: Unity was launched with the -noUpm command-line argument
[Package Manager] UpmClient::Send -- Unable to send message (not connected to UPM process).
[Package Manager] Cannot connect to Unity Package Manager local server
Mono: successfully reloaded assembly
- Finished resetting the current domain, in  0.786 seconds
Domain Reload Profiling: 1556ms
	BeginReloadAssembly (155ms)
		ExecutionOrderSort (0ms)
		DisableScriptedObjects (6ms)
		BackupInstance (0ms)
		ReleaseScriptingObjects (0ms)
		CreateAndSetChildDomain (23ms)
	RebuildCommonClasses (35ms)
	RebuildNativeTypeToScriptingClass (12ms)
	initialDomainReloadingComplete (41ms)
	LoadAllAssembliesAndSetupDomain (526ms)
		LoadAssemblies (345ms)
		RebuildTransferFunctionScriptingTraits (0ms)
		AnalyzeDomain (271ms)
			TypeCache.Refresh (229ms)
				TypeCache.ScanAssembly (209ms)
			ScanForSourceGeneratedMonoScriptInfo (27ms)
			ResolveRequiredComponents (13ms)
	FinalizeReload (787ms)
		ReleaseScriptCaches (0ms)
		RebuildScriptCaches (0ms)
		SetupLoadedEditorAssemblies (572ms)
			LogAssemblyErrors (0ms)
			InitializePlatformSupportModulesInManaged (43ms)
			SetLoadedEditorAssemblies (4ms)
			RefreshPlugins (0ms)
			BeforeProcessingInitializeOnLoad (74ms)
			ProcessInitializeOnLoadAttributes (365ms)
			ProcessInitializeOnLoadMethodAttributes (83ms)
			AfterProcessingInitializeOnLoad (3ms)
			EditorAssembliesLoaded (0ms)
		ExecutionOrderSort2 (0ms)
		AwakeInstancesAfterBackupRestoration (17ms)
Launched and connected shader compiler UnityShaderCompiler.exe after 0.05 seconds
Refreshing native plugins compatible for Editor in 3.03 ms, found 3 plugins.
Preloading 0 native plugins for Editor in 0.00 ms.
Unloading 5232 Unused Serialized files (Serialized files now loaded: 0)
Unloading 80 unused Assets / (422.3 KB). Loaded Objects now: 5693.
Memory consumption went from 213.6 MB to 213.1 MB.
Total: 4.535500 ms (FindLiveObjects: 0.817900 ms CreateObjectMapping: 0.215300 ms MarkObjects: 3.220600 ms  DeleteObjects: 0.279100 ms)

AssetImportParameters requested are different than current active one (requested -> active):
  custom:container-demuxer-ogg: 62fdf1f143b41e24485cea50d1cbac27 -> 
  custom:video-decoder-ogg-theora: a1e56fd34408186e4bbccfd4996cb3dc -> 
  custom:framework-win-MediaFoundation: 216162199b28c13a410421893ffa2e32 -> 
  custom:CustomObjectIndexerAttribute: 72b91833f83ae208fae7752999fa3104 -> 
  custom:container-demuxer-webm: 4f35f7cbe854078d1ac9338744f61a02 -> 
  custom:container-muxer-webm: aa71ff27fc2769a1b78a27578f13a17b -> 
  custom:video-decoder-webm-vp8: 9c59270c3fd7afecdb556c50c9e8de78 -> 
  custom:SearchIndexIgnoredProperties: e643bd26f0fe6173181afceb89e7c659 -> 
  custom:AudioImporter_EditorPlatform: d09bf68614088b80899f8185d706f6e7 -> 
  custom:video-encoder-webm-vp8: eb34c28f22e8b96e1ab97ce403110664 -> 
  custom:audio-decoder-ogg-vorbis: bf7c407c2cedff20999df2af8eb42d56 -> 
  custom:audio-encoder-webm-vorbis: bf7c407c2cedff20999df2af8eb42d56 -> 
========================================================================
Received Import Request.
  Time since last request: 400971.672012 seconds.
  path: Assets/Models/Space kit/astronautA.fbx
  artifactKey: Guid(dde1c32879c249b4abf8237c92f59a7e) Importer(815301076,1909f56bfc062723c751e8b465ee728b)
Start importing Assets/Models/Space kit/astronautA.fbx using Guid(dde1c32879c249b4abf8237c92f59a7e) Importer(815301076,1909f56bfc062723c751e8b465ee728b)  -> (artifact id: '376ed11ea1418b681dea4835e1b78156') in 0.585374 seconds
Number of updated asset objects reloaded before import = 0
Number of asset objects unloaded after import = 43
========================================================================
Received Import Request.
  Time since last request: 0.000039 seconds.
  path: Assets/Models/Space kit/machine_generator.fbx
  artifactKey: Guid(e8bbad839b5a63247916d777a0062c27) Importer(815301076,1909f56bfc062723c751e8b465ee728b)
Start importing Assets/Models/Space kit/machine_generator.fbx using Guid(e8bbad839b5a63247916d777a0062c27) Importer(815301076,1909f56bfc062723c751e8b465ee728b)  -> (artifact id: 'f5becd1688fbfafe56079394e9931851') in 0.058353 seconds
Number of updated asset objects reloaded before import = 0
Number of asset objects unloaded after import = 18
========================================================================
Received Import Request.
  Time since last request: 0.000039 seconds.
  path: Assets/Models/Space kit/platform_small.fbx
  artifactKey: Guid(5371bb7af284e3d448844f3cfd131b76) Importer(815301076,1909f56bfc062723c751e8b465ee728b)
Start importing Assets/Models/Space kit/platform_small.fbx using Guid(5371bb7af284e3d448844f3cfd131b76) Importer(815301076,1909f56bfc062723c751e8b465ee728b)  -> (artifact id: '92b271d037530dc9bea73cf529e3c845') in 0.033864 seconds
Number of updated asset objects reloaded before import = 0
Number of asset objects unloaded after import = 11
========================================================================
Received Import Request.
  Time since last request: 0.000025 seconds.
  path: Assets/Models/Space kit/corridor_end.fbx
  artifactKey: Guid(9893f0d0c8d0326448574cc5bd03d343) Importer(815301076,1909f56bfc062723c751e8b465ee728b)
Start importing Assets/Models/Space kit/corridor_end.fbx using Guid(9893f0d0c8d0326448574cc5bd03d343) Importer(815301076,1909f56bfc062723c751e8b465ee728b)  -> (artifact id: '9c8c9ea9848c414064e405d0ae5c5161') in 0.042789 seconds
Number of updated asset objects reloaded before import = 0
Number of asset objects unloaded after import = 12
========================================================================
Received Import Request.
  Time since last request: 0.000032 seconds.
  path: Assets/Models/Space kit/corridor_corner.fbx
  artifactKey: Guid(59dfb835737126b46842445ee0048f85) Importer(815301076,1909f56bfc062723c751e8b465ee728b)
Start importing Assets/Models/Space kit/corridor_corner.fbx using Guid(59dfb835737126b46842445ee0048f85) Importer(815301076,1909f56bfc062723c751e8b465ee728b)  -> (artifact id: '559b9fb45041f6a33763c7da2998e0f4') in 0.037479 seconds
Number of updated asset objects reloaded before import = 0
Number of asset objects unloaded after import = 11
========================================================================
Received Import Request.
  Time since last request: 0.000022 seconds.
  path: Assets/Models/Space kit/pipe_end.fbx
  artifactKey: Guid(c099057303f4c014ba143cb704e691c6) Importer(815301076,1909f56bfc062723c751e8b465ee728b)
Start importing Assets/Models/Space kit/pipe_end.fbx using Guid(c099057303f4c014ba143cb704e691c6) Importer(815301076,1909f56bfc062723c751e8b465ee728b)  -> (artifact id: 'd4dd2c2901c6e8ede627328ea5b7642b') in 0.037656 seconds
Number of updated asset objects reloaded before import = 0
Number of asset objects unloaded after import = 11
========================================================================
Received Import Request.
  Time since last request: 0.000022 seconds.
  path: Assets/Models/Space kit/hangar_largeB.fbx
  artifactKey: Guid(5c558e5a8c5f7904fa4b002fea8b377f) Importer(815301076,1909f56bfc062723c751e8b465ee728b)
Start importing Assets/Models/Space kit/hangar_largeB.fbx using Guid(5c558e5a8c5f7904fa4b002fea8b377f) Importer(815301076,1909f56bfc062723c751e8b465ee728b)  -> (artifact id: 'f1f0600ff35930a0bcd209e097e54255') in 0.062456 seconds
Number of updated asset objects reloaded before import = 0
Number of asset objects unloaded after import = 22
========================================================================
Received Import Request.
  Time since last request: 0.000025 seconds.
  path: Assets/Models/Space kit/platform_straight.fbx
  artifactKey: Guid(b9032f628619d8b48b69d351ac18cb3b) Importer(815301076,1909f56bfc062723c751e8b465ee728b)
Start importing Assets/Models/Space kit/platform_straight.fbx using Guid(b9032f628619d8b48b69d351ac18cb3b) Importer(815301076,1909f56bfc062723c751e8b465ee728b)  -> (artifact id: 'e6cef373b4bb28a3e1f1c624c1f51882') in 0.040910 seconds
Number of updated asset objects reloaded before import = 0
Number of asset objects unloaded after import = 12
========================================================================
Received Import Request.
  Time since last request: 0.000032 seconds.
  path: Assets/Models/Space kit/machine_wirelessCable.fbx
  artifactKey: Guid(b2ba3f2c80124a743b15c54ff38eec68) Importer(815301076,1909f56bfc062723c751e8b465ee728b)
Start importing Assets/Models/Space kit/machine_wirelessCable.fbx using Guid(b2ba3f2c80124a743b15c54ff38eec68) Importer(815301076,1909f56bfc062723c751e8b465ee728b)  -> (artifact id: '90cf3070e25c4890510f32c6a2281940') in 0.050982 seconds
Number of updated asset objects reloaded before import = 0
Number of asset objects unloaded after import = 17
========================================================================
Received Import Request.
  Time since last request: 0.000027 seconds.
  path: Assets/Models/Space kit/desk_chairArms.fbx
  artifactKey: Guid(7e89caf3d5d92c94ea71317008ff6a48) Importer(815301076,1909f56bfc062723c751e8b465ee728b)
Start importing Assets/Models/Space kit/desk_chairArms.fbx using Guid(7e89caf3d5d92c94ea71317008ff6a48) Importer(815301076,1909f56bfc062723c751e8b465ee728b)  -> (artifact id: '9f937875d26d692663ea0c60e335e9c6') in 0.054719 seconds
Number of updated asset objects reloaded before import = 0
Number of asset objects unloaded after import = 11
========================================================================
Received Import Request.
  Time since last request: 0.000031 seconds.
  path: Assets/Models/Space kit/machine_wireless.fbx
  artifactKey: Guid(d902fb320fca44d4f93316238dce7a8f) Importer(815301076,1909f56bfc062723c751e8b465ee728b)
Start importing Assets/Models/Space kit/machine_wireless.fbx using Guid(d902fb320fca44d4f93316238dce7a8f) Importer(815301076,1909f56bfc062723c751e8b465ee728b)  -> (artifact id: '18089318a5cbe6b5c6d460a0b13c0430') in 0.042080 seconds
Number of updated asset objects reloaded before import = 0
Number of asset objects unloaded after import = 12
========================================================================
Received Import Request.
  Time since last request: 0.000023 seconds.
  path: Assets/Models/Space kit/monorail_trackCornerSmall.fbx
  artifactKey: Guid(26d6490f85130124bbb702fe316c328d) Importer(815301076,1909f56bfc062723c751e8b465ee728b)
Start importing Assets/Models/Space kit/monorail_trackCornerSmall.fbx using Guid(26d6490f85130124bbb702fe316c328d) Importer(815301076,1909f56bfc062723c751e8b465ee728b)  -> (artifact id: '89a176707d5d822f6f9903463a71f8fb') in 0.028615 seconds
Number of updated asset objects reloaded before import = 0
Number of asset objects unloaded after import = 10
========================================================================
Received Import Request.
  Time since last request: 0.000027 seconds.
  path: Assets/Models/Space kit/pipe_cornerDiagonal.fbx
  artifactKey: Guid(2333533c3f789bc479e17d5421afcab2) Importer(815301076,1909f56bfc062723c751e8b465ee728b)
Start importing Assets/Models/Space kit/pipe_cornerDiagonal.fbx using Guid(2333533c3f789bc479e17d5421afcab2) Importer(815301076,1909f56bfc062723c751e8b465ee728b)  -> (artifact id: '9d0fecf32bfe34ef78d87f5f353536a7') in 0.030724 seconds
Number of updated asset objects reloaded before import = 0
Number of asset objects unloaded after import = 10
========================================================================
Received Import Request.
  Time since last request: 0.000031 seconds.
  path: Assets/Models/Space kit/monorail_trackSlope.fbx
  artifactKey: Guid(3b505c66d80baf84fb3c7ed71819e1c9) Importer(815301076,1909f56bfc062723c751e8b465ee728b)
Start importing Assets/Models/Space kit/monorail_trackSlope.fbx using Guid(3b505c66d80baf84fb3c7ed71819e1c9) Importer(815301076,1909f56bfc062723c751e8b465ee728b)  -> (artifact id: 'aab48238c8d5a32160fe0a0f1b0c3c2b') in 0.027185 seconds
Number of updated asset objects reloaded before import = 0
Number of asset objects unloaded after import = 10
========================================================================
Received Import Request.
  Time since last request: 0.000025 seconds.
  path: Assets/Models/Space kit/bones.fbx
  artifactKey: Guid(51d3173034d86d64f8999e4cbb5e5281) Importer(815301076,1909f56bfc062723c751e8b465ee728b)
Start importing Assets/Models/Space kit/bones.fbx using Guid(51d3173034d86d64f8999e4cbb5e5281) Importer(815301076,1909f56bfc062723c751e8b465ee728b)  -> (artifact id: 'bc75c141e88489de7434a321da7cc814') in 0.025080 seconds
Number of updated asset objects reloaded before import = 0
Number of asset objects unloaded after import = 9
========================================================================
Received Import Request.
  Time since last request: 0.000025 seconds.
  path: Assets/Models/Space kit/pipe_corner.fbx
  artifactKey: Guid(6cbaac9c7e842fa499f80f63a827c4cf) Importer(815301076,1909f56bfc062723c751e8b465ee728b)
Start importing Assets/Models/Space kit/pipe_corner.fbx using Guid(6cbaac9c7e842fa499f80f63a827c4cf) Importer(815301076,1909f56bfc062723c751e8b465ee728b)  -> (artifact id: 'ab9b62252081bf97cf455a785efde5a5') in 0.034430 seconds
Number of updated asset objects reloaded before import = 0
Number of asset objects unloaded after import = 10
========================================================================
Received Import Request.
  Time since last request: 0.000034 seconds.
  path: Assets/Models/Space kit/corridor.fbx
  artifactKey: Guid(f6266402e9785f646a0fc0dc7e8f45dd) Importer(815301076,1909f56bfc062723c751e8b465ee728b)
Start importing Assets/Models/Space kit/corridor.fbx using Guid(f6266402e9785f646a0fc0dc7e8f45dd) Importer(815301076,1909f56bfc062723c751e8b465ee728b)  -> (artifact id: '8ce8932fa5fdc421e50af1cf36a1e80f') in 0.035210 seconds
Number of updated asset objects reloaded before import = 0
Number of asset objects unloaded after import = 11
========================================================================
Received Import Request.
  Time since last request: 0.000030 seconds.
  path: Assets/Models/Space kit/corridor_cross.fbx
  artifactKey: Guid(c8343856d5db0bf4cbcf1c7797cc9dbf) Importer(815301076,1909f56bfc062723c751e8b465ee728b)
Start importing Assets/Models/Space kit/corridor_cross.fbx using Guid(c8343856d5db0bf4cbcf1c7797cc9dbf) Importer(815301076,1909f56bfc062723c751e8b465ee728b)  -> (artifact id: '85b1a2104d6014656631db9119029737') in 0.036846 seconds
Number of updated asset objects reloaded before import = 0
Number of asset objects unloaded after import = 11
========================================================================
Received Import Request.
  Time since last request: 0.000026 seconds.
  path: Assets/Models/Space kit/pipe_cornerRoundLarge.fbx
  artifactKey: Guid(122cd12411f6350428679e1bcc604a82) Importer(815301076,1909f56bfc062723c751e8b465ee728b)
Start importing Assets/Models/Space kit/pipe_cornerRoundLarge.fbx using Guid(122cd12411f6350428679e1bcc604a82) Importer(815301076,1909f56bfc062723c751e8b465ee728b)  -> (artifact id: 'a0766c88de9fe7516bb6f14f6b1c1a2d') in 0.029459 seconds
Number of updated asset objects reloaded before import = 0
Number of asset objects unloaded after import = 10
========================================================================
Received Import Request.
  Time since last request: 0.000142 seconds.
  path: Assets/Models/Space kit/pipe_open.fbx
  artifactKey: Guid(eec41073e6772644fa03c39c9d4bdcde) Importer(815301076,1909f56bfc062723c751e8b465ee728b)
Start importing Assets/Models/Space kit/pipe_open.fbx using Guid(eec41073e6772644fa03c39c9d4bdcde) Importer(815301076,1909f56bfc062723c751e8b465ee728b)  -> (artifact id: 'cd8bf4c33da7b63b7bb1e35447a0d34b') in 0.030362 seconds
Number of updated asset objects reloaded before import = 0
Number of asset objects unloaded after import = 10
========================================================================
Received Import Request.
  Time since last request: 0.000056 seconds.
  path: Assets/Models/Space kit/monorail_trainBox.fbx
  artifactKey: Guid(0c4139114f267aa468f92fc4901ce81d) Importer(815301076,1909f56bfc062723c751e8b465ee728b)
Start importing Assets/Models/Space kit/monorail_trainBox.fbx using Guid(0c4139114f267aa468f92fc4901ce81d) Importer(815301076,1909f56bfc062723c751e8b465ee728b)  -> (artifact id: 'a66a1c52c8f2e36123de055895491cdf') in 0.034819 seconds
Number of updated asset objects reloaded before import = 0
Number of asset objects unloaded after import = 11
========================================================================
Received Import Request.
  Time since last request: 0.000021 seconds.
  path: Assets/Models/Space kit/platform_cornerOpen.fbx
  artifactKey: Guid(4e1ae46e605161143933ea10e69a95e8) Importer(815301076,1909f56bfc062723c751e8b465ee728b)
Start importing Assets/Models/Space kit/platform_cornerOpen.fbx using Guid(4e1ae46e605161143933ea10e69a95e8) Importer(815301076,1909f56bfc062723c751e8b465ee728b)  -> (artifact id: 'eb9d84cabb525b8990425ffc803c2dca') in 0.035196 seconds
Number of updated asset objects reloaded before import = 0
Number of asset objects unloaded after import = 11
========================================================================
Received Import Request.
  Time since last request: 0.000022 seconds.
  path: Assets/Models/Space kit/platform_long.fbx
  artifactKey: Guid(cbd4961f784645544a85bd9e36ae64ed) Importer(815301076,1909f56bfc062723c751e8b465ee728b)
Start importing Assets/Models/Space kit/platform_long.fbx using Guid(cbd4961f784645544a85bd9e36ae64ed) Importer(815301076,1909f56bfc062723c751e8b465ee728b)  -> (artifact id: '1ce9bd47849a99025b3d9e0a25445db9') in 0.038823 seconds
Number of updated asset objects reloaded before import = 0
Number of asset objects unloaded after import = 11
========================================================================
Received Import Request.
  Time since last request: 0.000025 seconds.
  path: Assets/Models/Space kit/corridor_detailed.fbx
  artifactKey: Guid(5c2cd45b3a57774448195b73e8254470) Importer(815301076,1909f56bfc062723c751e8b465ee728b)
Start importing Assets/Models/Space kit/corridor_detailed.fbx using Guid(5c2cd45b3a57774448195b73e8254470) Importer(815301076,1909f56bfc062723c751e8b465ee728b)  -> (artifact id: '1c3a9d9516a8f1cf07a63d27e9349e0e') in 0.046418 seconds
Number of updated asset objects reloaded before import = 0
Number of asset objects unloaded after import = 12
========================================================================
Received Import Request.
  Time since last request: 0.000268 seconds.
  path: Assets/Models/Space kit/meteor.fbx
  artifactKey: Guid(a77a0df7d13ebab40bdb385300c96ef9) Importer(815301076,1909f56bfc062723c751e8b465ee728b)
Start importing Assets/Models/Space kit/meteor.fbx using Guid(a77a0df7d13ebab40bdb385300c96ef9) Importer(815301076,1909f56bfc062723c751e8b465ee728b)  -> (artifact id: 'b2832ec1922e0b9a848f4110cdf342ab') in 0.025821 seconds
Number of updated asset objects reloaded before import = 0
Number of asset objects unloaded after import = 9
========================================================================
Received Import Request.
  Time since last request: 0.000026 seconds.
  path: Assets/Models/Space kit/hangar_smallB.fbx
  artifactKey: Guid(8effa2f93fa60524d98ffe5cdf17091f) Importer(815301076,1909f56bfc062723c751e8b465ee728b)
Start importing Assets/Models/Space kit/hangar_smallB.fbx using Guid(8effa2f93fa60524d98ffe5cdf17091f) Importer(815301076,1909f56bfc062723c751e8b465ee728b)  -> (artifact id: '0d723d7c77fada45a3467caeb418b01d') in 0.067696 seconds
Number of updated asset objects reloaded before import = 0
Number of asset objects unloaded after import = 22
========================================================================
Received Import Request.
  Time since last request: 0.000036 seconds.
  path: Assets/Models/Space kit/craft_speederD.fbx
  artifactKey: Guid(601d31d29b8e18b4199b38836be7b6f8) Importer(815301076,1909f56bfc062723c751e8b465ee728b)
Start importing Assets/Models/Space kit/craft_speederD.fbx using Guid(601d31d29b8e18b4199b38836be7b6f8) Importer(815301076,1909f56bfc062723c751e8b465ee728b)  -> (artifact id: '1a7a4e1e0c49f346bf99b8180103cfa1') in 0.041242 seconds
Number of updated asset objects reloaded before import = 0
Number of asset objects unloaded after import = 12
========================================================================
Received Import Request.
  Time since last request: 0.000280 seconds.
  path: Assets/Models/Space kit/desk_computerCorner.fbx
  artifactKey: Guid(c99a7086a0230d5439eefd890eb15833) Importer(815301076,1909f56bfc062723c751e8b465ee728b)
Start importing Assets/Models/Space kit/desk_computerCorner.fbx using Guid(c99a7086a0230d5439eefd890eb15833) Importer(815301076,1909f56bfc062723c751e8b465ee728b)  -> (artifact id: '2c85bcd2f65c9e92b4989ab03d6e7ef2') in 0.038514 seconds
Number of updated asset objects reloaded before import = 0
Number of asset objects unloaded after import = 11
========================================================================
Received Import Request.
  Time since last request: 0.000312 seconds.
  path: Assets/Models/Space kit/platform_large.fbx
  artifactKey: Guid(7d39cacd40359334d80b35f5696920f2) Importer(815301076,1909f56bfc062723c751e8b465ee728b)
Start importing Assets/Models/Space kit/platform_large.fbx using Guid(7d39cacd40359334d80b35f5696920f2) Importer(815301076,1909f56bfc062723c751e8b465ee728b)  -> (artifact id: '5999b93e7e965bf9b32eed2d1a74bcd3') in 0.037870 seconds
Number of updated asset objects reloaded before import = 0
Number of asset objects unloaded after import = 11
========================================================================
Received Import Request.
  Time since last request: 0.000026 seconds.
  path: Assets/Models/Space kit/corridor_split.fbx
  artifactKey: Guid(af93aed8096921b4ea2f940a55ee54db) Importer(815301076,1909f56bfc062723c751e8b465ee728b)
Start importing Assets/Models/Space kit/corridor_split.fbx using Guid(af93aed8096921b4ea2f940a55ee54db) Importer(815301076,1909f56bfc062723c751e8b465ee728b)  -> (artifact id: 'ee54d3808bdac36ed9b24e8d3305898a') in 0.040037 seconds
Number of updated asset objects reloaded before import = 0
Number of asset objects unloaded after import = 12
========================================================================
Received Import Request.
  Time since last request: 0.000029 seconds.
  path: Assets/Models/Space kit/crater.fbx
  artifactKey: Guid(8a2bc5f2d1fb4fd4ab8e95c74929a989) Importer(815301076,1909f56bfc062723c751e8b465ee728b)
Start importing Assets/Models/Space kit/crater.fbx using Guid(8a2bc5f2d1fb4fd4ab8e95c74929a989) Importer(815301076,1909f56bfc062723c751e8b465ee728b)  -> (artifact id: '11f63690fa11c86352010e6934b94c10') in 0.036775 seconds
Number of updated asset objects reloaded before import = 0
Number of asset objects unloaded after import = 10
========================================================================
Received Import Request.
  Time since last request: 0.000024 seconds.
  path: Assets/Models/Space kit/pipe_ringSupport.fbx
  artifactKey: Guid(dc8655f59a7d1e54cac2b8c57873b922) Importer(815301076,1909f56bfc062723c751e8b465ee728b)
Start importing Assets/Models/Space kit/pipe_ringSupport.fbx using Guid(dc8655f59a7d1e54cac2b8c57873b922) Importer(815301076,1909f56bfc062723c751e8b465ee728b)  -> (artifact id: '8f88d1119fd6cc1b8a3336cdfa720cf3') in 0.043386 seconds
Number of updated asset objects reloaded before import = 0
Number of asset objects unloaded after import = 11
========================================================================
Received Import Request.
  Time since last request: 0.000384 seconds.
  path: Assets/Models/Space kit/monorail_trainPassenger.fbx
  artifactKey: Guid(4469db49da7212b4789f985af3025de5) Importer(815301076,1909f56bfc062723c751e8b465ee728b)
Start importing Assets/Models/Space kit/monorail_trainPassenger.fbx using Guid(4469db49da7212b4789f985af3025de5) Importer(815301076,1909f56bfc062723c751e8b465ee728b)  -> (artifact id: 'fcece7cefbf9c5743990057181a8a142') in 0.045438 seconds
Number of updated asset objects reloaded before import = 0
Number of asset objects unloaded after import = 12
========================================================================
Received Import Request.
  Time since last request: 0.000036 seconds.
  path: Assets/Models/Space kit/monorail_trainCargo.fbx
  artifactKey: Guid(bcef9ecab5a87f54fa6ed01e62ed83d2) Importer(815301076,1909f56bfc062723c751e8b465ee728b)
Start importing Assets/Models/Space kit/monorail_trainCargo.fbx using Guid(bcef9ecab5a87f54fa6ed01e62ed83d2) Importer(815301076,1909f56bfc062723c751e8b465ee728b)  -> (artifact id: '2d232fc11c6fb59795c82e86c376dad3') in 0.058315 seconds
Number of updated asset objects reloaded before import = 0
Number of asset objects unloaded after import = 18
========================================================================
Received Import Request.
  Time since last request: 0.000033 seconds.
  path: Assets/Models/Space kit/corridor_cornerRoundWindow.fbx
  artifactKey: Guid(50ebb8ecb869d2d43b1112dd9c367f81) Importer(815301076,1909f56bfc062723c751e8b465ee728b)
Start importing Assets/Models/Space kit/corridor_cornerRoundWindow.fbx using Guid(50ebb8ecb869d2d43b1112dd9c367f81) Importer(815301076,1909f56bfc062723c751e8b465ee728b)  -> (artifact id: '45959743a0b6a01e1d829c55d7069d2b') in 0.044838 seconds
Number of updated asset objects reloaded before import = 0
Number of asset objects unloaded after import = 12
========================================================================
Received Import Request.
  Time since last request: 0.000331 seconds.
  path: Assets/Models/Space kit/monorail_trackCornerLarge.fbx
  artifactKey: Guid(652c554ed5df66a458ab279699f55f0c) Importer(815301076,1909f56bfc062723c751e8b465ee728b)
Start importing Assets/Models/Space kit/monorail_trackCornerLarge.fbx using Guid(652c554ed5df66a458ab279699f55f0c) Importer(815301076,1909f56bfc062723c751e8b465ee728b)  -> (artifact id: '7c27a5367c83dc8c653209a37005ca28') in 0.034755 seconds
Number of updated asset objects reloaded before import = 0
Number of asset objects unloaded after import = 10
========================================================================
Received Import Request.
  Time since last request: 0.000028 seconds.
  path: Assets/Models/Space kit/craft_cargoA.fbx
  artifactKey: Guid(1f27d4d843e2fec4a99e68339d7d0042) Importer(815301076,1909f56bfc062723c751e8b465ee728b)
Start importing Assets/Models/Space kit/craft_cargoA.fbx using Guid(1f27d4d843e2fec4a99e68339d7d0042) Importer(815301076,1909f56bfc062723c751e8b465ee728b)  -> (artifact id: 'd76948dccf0fcf4c058e8a994fa8a3b0') in 0.044290 seconds
Number of updated asset objects reloaded before import = 0
Number of asset objects unloaded after import = 12
========================================================================
Received Import Request.
  Time since last request: 0.000023 seconds.
  path: Assets/Models/Space kit/corridor_wall.fbx
  artifactKey: Guid(a7b563314a7b4a74b96b080ed8193a66) Importer(815301076,1909f56bfc062723c751e8b465ee728b)
Start importing Assets/Models/Space kit/corridor_wall.fbx using Guid(a7b563314a7b4a74b96b080ed8193a66) Importer(815301076,1909f56bfc062723c751e8b465ee728b)  -> (artifact id: '577bd27d0fc8214de99f0d6abe934046') in 0.034959 seconds
Number of updated asset objects reloaded before import = 0
Number of asset objects unloaded after import = 11
========================================================================
Received Import Request.
  Time since last request: 0.000024 seconds.
  path: Assets/Models/Space kit/craft_speederA.fbx
  artifactKey: Guid(98842d99f51597b41a18e80a2a40e0fd) Importer(815301076,1909f56bfc062723c751e8b465ee728b)
Start importing Assets/Models/Space kit/craft_speederA.fbx using Guid(98842d99f51597b41a18e80a2a40e0fd) Importer(815301076,1909f56bfc062723c751e8b465ee728b)  -> (artifact id: '69706380562611fba84a827302f3913b') in 0.038676 seconds
Number of updated asset objects reloaded before import = 0
Number of asset objects unloaded after import = 12
========================================================================
Received Import Request.
  Time since last request: 0.000024 seconds.
  path: Assets/Models/Space kit/monorail_trackStraight.fbx
  artifactKey: Guid(4b54c7c5c05a13941997b6961eab9f15) Importer(815301076,1909f56bfc062723c751e8b465ee728b)
Start importing Assets/Models/Space kit/monorail_trackStraight.fbx using Guid(4b54c7c5c05a13941997b6961eab9f15) Importer(815301076,1909f56bfc062723c751e8b465ee728b)  -> (artifact id: '8d67658ad9d3b06d62794f130f24dc08') in 0.028517 seconds
Number of updated asset objects reloaded before import = 0
Number of asset objects unloaded after import = 10
========================================================================
Received Import Request.
  Time since last request: 0.000031 seconds.
  path: Assets/Models/Space kit/pipe_rampLarge.fbx
  artifactKey: Guid(4b8740a339f363f4aa02229bb0e3ef82) Importer(815301076,1909f56bfc062723c751e8b465ee728b)
Start importing Assets/Models/Space kit/pipe_rampLarge.fbx using Guid(4b8740a339f363f4aa02229bb0e3ef82) Importer(815301076,1909f56bfc062723c751e8b465ee728b)  -> (artifact id: '304ff89a5c0526d5e69fb9e79b4bd5a3') in 0.036877 seconds
Number of updated asset objects reloaded before import = 0
Number of asset objects unloaded after import = 11
========================================================================
Received Import Request.
  Time since last request: 0.000035 seconds.
  path: Assets/Models/Space kit/pipe_rampSmall.fbx
  artifactKey: Guid(f2302eae9ccf93c4b97e0dd2921d52d8) Importer(815301076,1909f56bfc062723c751e8b465ee728b)
Start importing Assets/Models/Space kit/pipe_rampSmall.fbx using Guid(f2302eae9ccf93c4b97e0dd2921d52d8) Importer(815301076,1909f56bfc062723c751e8b465ee728b)  -> (artifact id: '426f3feb1e13e17d249c42055e3d19c3') in 0.034881 seconds
Number of updated asset objects reloaded before import = 0
Number of asset objects unloaded after import = 11
========================================================================
Received Import Request.
  Time since last request: 0.000022 seconds.
  path: Assets/Models/Space kit/pipe_split.fbx
  artifactKey: Guid(51a2eb43e313dda4d943ffe4f3101287) Importer(815301076,1909f56bfc062723c751e8b465ee728b)
Start importing Assets/Models/Space kit/pipe_split.fbx using Guid(51a2eb43e313dda4d943ffe4f3101287) Importer(815301076,1909f56bfc062723c751e8b465ee728b)  -> (artifact id: '78beee61398da448c622a20339155760') in 0.035438 seconds
Number of updated asset objects reloaded before import = 0
Number of asset objects unloaded after import = 11
========================================================================
Received Import Request.
  Time since last request: 0.000023 seconds.
  path: Assets/Models/Space kit/hangar_roundGlass.fbx
  artifactKey: Guid(953d36e8b5f179a4c9f06ede0d532a67) Importer(815301076,1909f56bfc062723c751e8b465ee728b)
Start importing Assets/Models/Space kit/hangar_roundGlass.fbx using Guid(953d36e8b5f179a4c9f06ede0d532a67) Importer(815301076,1909f56bfc062723c751e8b465ee728b)  -> (artifact id: '20b60f409e8c62d94a02b9c1e2aa8083') in 0.043131 seconds
Number of updated asset objects reloaded before import = 0
Number of asset objects unloaded after import = 12
========================================================================
Received Import Request.
  Time since last request: 0.000024 seconds.
  path: Assets/Models/Space kit/platform_high.fbx
  artifactKey: Guid(6b250c0491949c347b0f8402ce03b682) Importer(815301076,1909f56bfc062723c751e8b465ee728b)
Start importing Assets/Models/Space kit/platform_high.fbx using Guid(6b250c0491949c347b0f8402ce03b682) Importer(815301076,1909f56bfc062723c751e8b465ee728b)  -> (artifact id: '18ccfed166d16c4c738393ee706fc383') in 0.046102 seconds
Number of updated asset objects reloaded before import = 0
Number of asset objects unloaded after import = 12
========================================================================
Received Import Request.
  Time since last request: 0.000043 seconds.
  path: Assets/Models/Space kit/machine_generatorLarge.fbx
  artifactKey: Guid(2d151684909440d41b179bda4edc7330) Importer(815301076,1909f56bfc062723c751e8b465ee728b)
Start importing Assets/Models/Space kit/machine_generatorLarge.fbx using Guid(2d151684909440d41b179bda4edc7330) Importer(815301076,1909f56bfc062723c751e8b465ee728b)  -> (artifact id: '480c5a2590965507be0ebb27f1d92f0a') in 0.041599 seconds
Number of updated asset objects reloaded before import = 0
Number of asset objects unloaded after import = 12
========================================================================
Received Import Request.
  Time since last request: 0.000028 seconds.
  path: Assets/Models/Space kit/gate_complex.fbx
  artifactKey: Guid(73f3e436ea27cbb4697b9bd55d536e6f) Importer(815301076,1909f56bfc062723c751e8b465ee728b)
Start importing Assets/Models/Space kit/gate_complex.fbx using Guid(73f3e436ea27cbb4697b9bd55d536e6f) Importer(815301076,1909f56bfc062723c751e8b465ee728b)  -> (artifact id: '875e27033875db8cabd9603d8854ef45') in 0.042242 seconds
Number of updated asset objects reloaded before import = 0
Number of asset objects unloaded after import = 12
========================================================================
Received Import Request.
  Time since last request: 0.000022 seconds.
  path: Assets/Models/Space kit/corridor_wallCorner.fbx
  artifactKey: Guid(b270ee168ee1ee546b3920c3669ac8de) Importer(815301076,1909f56bfc062723c751e8b465ee728b)
Start importing Assets/Models/Space kit/corridor_wallCorner.fbx using Guid(b270ee168ee1ee546b3920c3669ac8de) Importer(815301076,1909f56bfc062723c751e8b465ee728b)  -> (artifact id: 'abe3a9f610d9d774aa41acd1ba9cb8f3') in 0.039499 seconds
Number of updated asset objects reloaded before import = 0
Number of asset objects unloaded after import = 12
========================================================================
Received Import Request.
  Time since last request: 0.000021 seconds.
  path: Assets/Models/Space kit/corridor_windowClosed.fbx
  artifactKey: Guid(7b7189ea2c977d846a81a533cfaeb0e6) Importer(815301076,1909f56bfc062723c751e8b465ee728b)
Start importing Assets/Models/Space kit/corridor_windowClosed.fbx using Guid(7b7189ea2c977d846a81a533cfaeb0e6) Importer(815301076,1909f56bfc062723c751e8b465ee728b)  -> (artifact id: '0255de7d0fbeebca3c85e7760773e082') in 0.044789 seconds
Number of updated asset objects reloaded before import = 0
Number of asset objects unloaded after import = 12
========================================================================
Received Import Request.
  Time since last request: 0.000021 seconds.
  path: Assets/Models/Space kit/barrels.fbx
  artifactKey: Guid(80376dc355cb5b54f81982a3763cc0b3) Importer(815301076,1909f56bfc062723c751e8b465ee728b)
Start importing Assets/Models/Space kit/barrels.fbx using Guid(80376dc355cb5b54f81982a3763cc0b3) Importer(815301076,1909f56bfc062723c751e8b465ee728b)  -> (artifact id: '0d358b91e6c762d4319d418f93de5d1d') in 0.084195 seconds
Number of updated asset objects reloaded before import = 0
Number of asset objects unloaded after import = 31
========================================================================
Received Import Request.
  Time since last request: 1.436786 seconds.
  path: Assets/Models/Space kit/rail_end.fbx
  artifactKey: Guid(a31df8fcec5977746a5b34a0b4caa9d8) Importer(815301076,1909f56bfc062723c751e8b465ee728b)
Start importing Assets/Models/Space kit/rail_end.fbx using Guid(a31df8fcec5977746a5b34a0b4caa9d8) Importer(815301076,1909f56bfc062723c751e8b465ee728b)  -> (artifact id: '6ed8c29660f831ecb1f29a60c6c530dd') in 0.035173 seconds
Number of updated asset objects reloaded before import = 0
Number of asset objects unloaded after import = 10
========================================================================
Received Import Request.
  Time since last request: 0.000023 seconds.
  path: Assets/Models/Space kit/rock_crystals.fbx
  artifactKey: Guid(acf8276ed7ae3194b96c5bb76f17eeaf) Importer(815301076,1909f56bfc062723c751e8b465ee728b)
Start importing Assets/Models/Space kit/rock_crystals.fbx using Guid(acf8276ed7ae3194b96c5bb76f17eeaf) Importer(815301076,1909f56bfc062723c751e8b465ee728b)  -> (artifact id: '734e9de0d82093d371a23674d4607712') in 0.038421 seconds
Number of updated asset objects reloaded before import = 0
Number of asset objects unloaded after import = 11
========================================================================
Received Import Request.
  Time since last request: 0.000035 seconds.
  path: Assets/Models/Space kit/rocket_sidesA.fbx
  artifactKey: Guid(d9874bfb396fea448bdc69535999eec0) Importer(815301076,1909f56bfc062723c751e8b465ee728b)
Start importing Assets/Models/Space kit/rocket_sidesA.fbx using Guid(d9874bfb396fea448bdc69535999eec0) Importer(815301076,1909f56bfc062723c751e8b465ee728b)  -> (artifact id: 'f9fd37961484dacfd219fd49336d7f4b') in 0.035879 seconds
Number of updated asset objects reloaded before import = 0
Number of asset objects unloaded after import = 11
========================================================================
Received Import Request.
  Time since last request: 0.000289 seconds.
  path: Assets/Models/Space kit/rocket_fuelA.fbx
  artifactKey: Guid(e86861409709dd74f9308866e8df1d37) Importer(815301076,1909f56bfc062723c751e8b465ee728b)
Start importing Assets/Models/Space kit/rocket_fuelA.fbx using Guid(e86861409709dd74f9308866e8df1d37) Importer(815301076,1909f56bfc062723c751e8b465ee728b)  -> (artifact id: '669ea03aab367c3945e5fd130f0c5cbb') in 0.026778 seconds
Number of updated asset objects reloaded before import = 0
Number of asset objects unloaded after import = 10
========================================================================
Received Import Request.
  Time since last request: 0.000019 seconds.
  path: Assets/Models/Space kit/structure.fbx
  artifactKey: Guid(895f4a803ad96574ba635a370df69d84) Importer(815301076,1909f56bfc062723c751e8b465ee728b)
Start importing Assets/Models/Space kit/structure.fbx using Guid(895f4a803ad96574ba635a370df69d84) Importer(815301076,1909f56bfc062723c751e8b465ee728b)  -> (artifact id: '9b459b4625362c09f036f54bf190e00d') in 0.030652 seconds
Number of updated asset objects reloaded before import = 0
Number of asset objects unloaded after import = 10
========================================================================
Received Import Request.
  Time since last request: 0.000382 seconds.
  path: Assets/Models/Space kit/supports_low.fbx
  artifactKey: Guid(ca3da9f32c3f4364480126ecc9bebfc4) Importer(815301076,1909f56bfc062723c751e8b465ee728b)
Start importing Assets/Models/Space kit/supports_low.fbx using Guid(ca3da9f32c3f4364480126ecc9bebfc4) Importer(815301076,1909f56bfc062723c751e8b465ee728b)  -> (artifact id: 'e8f2067f4db4ab1a1a6ecfcd77afd2b7') in 0.038803 seconds
Number of updated asset objects reloaded before import = 0
Number of asset objects unloaded after import = 11
========================================================================
Received Import Request.
  Time since last request: 0.000040 seconds.
  path: Assets/Models/Space kit/weapon_rifle.fbx
  artifactKey: Guid(d072a9bb5d72ffa45b155099556e2c01) Importer(815301076,1909f56bfc062723c751e8b465ee728b)
Start importing Assets/Models/Space kit/weapon_rifle.fbx using Guid(d072a9bb5d72ffa45b155099556e2c01) Importer(815301076,1909f56bfc062723c751e8b465ee728b)  -> (artifact id: '1e84f62d6a9d89df4fc8f77ae97d0663') in 0.044331 seconds
Number of updated asset objects reloaded before import = 0
Number of asset objects unloaded after import = 12
========================================================================
Received Import Request.
  Time since last request: 0.000025 seconds.
  path: Assets/Models/Space kit/rover.fbx
  artifactKey: Guid(3b38ba666b119c7499fd4f303b5b237a) Importer(815301076,1909f56bfc062723c751e8b465ee728b)
Start importing Assets/Models/Space kit/rover.fbx using Guid(3b38ba666b119c7499fd4f303b5b237a) Importer(815301076,1909f56bfc062723c751e8b465ee728b)  -> (artifact id: '1e094db17d7db99b09bbb421363c5f5b') in 0.045008 seconds
Number of updated asset objects reloaded before import = 0
Number of asset objects unloaded after import = 12
========================================================================
Received Import Request.
  Time since last request: 0.000035 seconds.
  path: Assets/Models/Space kit/rocket_topA.fbx
  artifactKey: Guid(71549cb821c8a17479dc9ce33e943495) Importer(815301076,1909f56bfc062723c751e8b465ee728b)
Start importing Assets/Models/Space kit/rocket_topA.fbx using Guid(71549cb821c8a17479dc9ce33e943495) Importer(815301076,1909f56bfc062723c751e8b465ee728b)  -> (artifact id: 'dc963f7fa85f1b388733a0313da32395') in 0.043028 seconds
Number of updated asset objects reloaded before import = 0
Number of asset objects unloaded after import = 12
========================================================================
Received Import Request.
  Time since last request: 0.000022 seconds.
  path: Assets/Models/Space kit/terrain_roadCross.fbx
  artifactKey: Guid(dbb2b2e73b9f9694fb207397ab875a57) Importer(815301076,1909f56bfc062723c751e8b465ee728b)
Start importing Assets/Models/Space kit/terrain_roadCross.fbx using Guid(dbb2b2e73b9f9694fb207397ab875a57) Importer(815301076,1909f56bfc062723c751e8b465ee728b)  -> (artifact id: '102bad2aceae31f2f2acee6a80c9fddb') in 0.031078 seconds
Number of updated asset objects reloaded before import = 0
Number of asset objects unloaded after import = 10
========================================================================
Received Import Request.
  Time since last request: 0.000025 seconds.
  path: Assets/Models/Space kit/rock_largeA.fbx
  artifactKey: Guid(babc2ad8462f0e3439be36fe3603c9de) Importer(815301076,1909f56bfc062723c751e8b465ee728b)
Start importing Assets/Models/Space kit/rock_largeA.fbx using Guid(babc2ad8462f0e3439be36fe3603c9de) Importer(815301076,1909f56bfc062723c751e8b465ee728b)  -> (artifact id: '506ab7eaae1ee782175720f17b745ec3') in 0.029558 seconds
Number of updated asset objects reloaded before import = 0
Number of asset objects unloaded after import = 10
========================================================================
Received Import Request.
  Time since last request: 0.000022 seconds.
  path: Assets/Models/Space kit/turret_double.fbx
  artifactKey: Guid(d4a9c81f26979c4469be50c4a781f75e) Importer(815301076,1909f56bfc062723c751e8b465ee728b)
Start importing Assets/Models/Space kit/turret_double.fbx using Guid(d4a9c81f26979c4469be50c4a781f75e) Importer(815301076,1909f56bfc062723c751e8b465ee728b)  -> (artifact id: '7ddf164a1df2c64cb6bf6a339cb35038') in 0.047122 seconds
Number of updated asset objects reloaded before import = 0
Number of asset objects unloaded after import = 17
========================================================================
Received Import Request.
  Time since last request: 0.000025 seconds.
  path: Assets/Models/Space kit/weapon_gun.fbx
  artifactKey: Guid(4c8dd3027e373e14ebdfc4406ffa712d) Importer(815301076,1909f56bfc062723c751e8b465ee728b)
Start importing Assets/Models/Space kit/weapon_gun.fbx using Guid(4c8dd3027e373e14ebdfc4406ffa712d) Importer(815301076,1909f56bfc062723c751e8b465ee728b)  -> (artifact id: '4e4f89daac66512cd7e7164bedfb37f3') in 0.054709 seconds
Number of updated asset objects reloaded before import = 0
Number of asset objects unloaded after import = 12
========================================================================
Received Import Request.
  Time since last request: 0.000035 seconds.
  path: Assets/Models/Space kit/terrain_sideCorner.fbx
  artifactKey: Guid(b2c7916db64a6eb4eab26e998f61e9aa) Importer(815301076,1909f56bfc062723c751e8b465ee728b)
Start importing Assets/Models/Space kit/terrain_sideCorner.fbx using Guid(b2c7916db64a6eb4eab26e998f61e9aa) Importer(815301076,1909f56bfc062723c751e8b465ee728b)  -> (artifact id: 'e8021bacbe7c3dabdc2030d73c9700f5') in 0.031293 seconds
Number of updated asset objects reloaded before import = 0
Number of asset objects unloaded after import = 10
========================================================================
Received Import Request.
  Time since last request: 0.000046 seconds.
  path: Assets/Models/Space kit/rock_crystalsLargeA.fbx
  artifactKey: Guid(cda99f962deba084fabf0bd552236aa8) Importer(815301076,1909f56bfc062723c751e8b465ee728b)
Start importing Assets/Models/Space kit/rock_crystalsLargeA.fbx using Guid(cda99f962deba084fabf0bd552236aa8) Importer(815301076,1909f56bfc062723c751e8b465ee728b)  -> (artifact id: '133c277f8ed75a0bc4c9d848811ef787') in 0.040995 seconds
Number of updated asset objects reloaded before import = 0
Number of asset objects unloaded after import = 11
========================================================================
Received Import Request.
  Time since last request: 0.000032 seconds.
  path: Assets/Models/Space kit/stairs_corner.fbx
  artifactKey: Guid(90f4cc94c5edc7c4b9dd5af28ef1eaf2) Importer(815301076,1909f56bfc062723c751e8b465ee728b)
Start importing Assets/Models/Space kit/stairs_corner.fbx using Guid(90f4cc94c5edc7c4b9dd5af28ef1eaf2) Importer(815301076,1909f56bfc062723c751e8b465ee728b)  -> (artifact id: 'd811e65b66871568d84923c53e701e4e') in 0.040709 seconds
Number of updated asset objects reloaded before import = 0
Number of asset objects unloaded after import = 11
========================================================================
Received Import Request.
  Time since last request: 0.000025 seconds.
  path: Assets/Models/Space kit/rocket_baseA.fbx
  artifactKey: Guid(0c9c7b3a751f807449e4fd7577f5d156) Importer(815301076,1909f56bfc062723c751e8b465ee728b)
Start importing Assets/Models/Space kit/rocket_baseA.fbx using Guid(0c9c7b3a751f807449e4fd7577f5d156) Importer(815301076,1909f56bfc062723c751e8b465ee728b)  -> (artifact id: '66bcb1e03a9d3096b8cf831c341e7e97') in 0.038441 seconds
Number of updated asset objects reloaded before import = 0
Number of asset objects unloaded after import = 11
========================================================================
Received Import Request.
  Time since last request: 0.000025 seconds.
  path: Assets/Models/Space kit/terrain_roadCorner.fbx
  artifactKey: Guid(f1c560e801796f648adb2042ac67be3d) Importer(815301076,1909f56bfc062723c751e8b465ee728b)
Start importing Assets/Models/Space kit/terrain_roadCorner.fbx using Guid(f1c560e801796f648adb2042ac67be3d) Importer(815301076,1909f56bfc062723c751e8b465ee728b)  -> (artifact id: 'ec5dd42f9ececa2cb5b7d689922b9bcf') in 0.037061 seconds
Number of updated asset objects reloaded before import = 0
Number of asset objects unloaded after import = 10
========================================================================
Received Import Request.
  Time since last request: 0.000316 seconds.
  path: Assets/Models/Space kit/rocket_finsB.fbx
  artifactKey: Guid(48a588b0169ecfa46b5bb2eb24fff7cc) Importer(815301076,1909f56bfc062723c751e8b465ee728b)
Start importing Assets/Models/Space kit/rocket_finsB.fbx using Guid(48a588b0169ecfa46b5bb2eb24fff7cc) Importer(815301076,1909f56bfc062723c751e8b465ee728b)  -> (artifact id: '270c0b42dbbc799d5c87efefe6a8e8e6') in 0.038805 seconds
Number of updated asset objects reloaded before import = 0
Number of asset objects unloaded after import = 11
========================================================================
Received Import Request.
  Time since last request: 0.000038 seconds.
  path: Assets/Models/Space kit/terrain_sideEnd.fbx
  artifactKey: Guid(4b0f899b90d56cf488595045750b8981) Importer(815301076,1909f56bfc062723c751e8b465ee728b)
Start importing Assets/Models/Space kit/terrain_sideEnd.fbx using Guid(4b0f899b90d56cf488595045750b8981) Importer(815301076,1909f56bfc062723c751e8b465ee728b)  -> (artifact id: 'eda9adee7334e66b3bece00d2bec6735') in 0.041978 seconds
Number of updated asset objects reloaded before import = 0
Number of asset objects unloaded after import = 11
========================================================================
Received Import Request.
  Time since last request: 0.000038 seconds.
  path: Assets/Models/Space kit/rocket_finsA.fbx
  artifactKey: Guid(1db8d6d6ab16b88439e5c2253b9c5a92) Importer(815301076,1909f56bfc062723c751e8b465ee728b)
Start importing Assets/Models/Space kit/rocket_finsA.fbx using Guid(1db8d6d6ab16b88439e5c2253b9c5a92) Importer(815301076,1909f56bfc062723c751e8b465ee728b)  -> (artifact id: '0adf824008242faf421d932f5ce33670') in 0.040803 seconds
Number of updated asset objects reloaded before import = 0
Number of asset objects unloaded after import = 11
========================================================================
Received Import Request.
  Time since last request: 0.000022 seconds.
  path: Assets/Models/Space kit/turret_single.fbx
  artifactKey: Guid(8bb779a39cb806549a224d2369fc5209) Importer(815301076,1909f56bfc062723c751e8b465ee728b)
Start importing Assets/Models/Space kit/turret_single.fbx using Guid(8bb779a39cb806549a224d2369fc5209) Importer(815301076,1909f56bfc062723c751e8b465ee728b)  -> (artifact id: 'dc7575c273b3609a3074e0a262b8cf02') in 0.065794 seconds
Number of updated asset objects reloaded before import = 0
Number of asset objects unloaded after import = 27
========================================================================
Received Import Request.
  Time since last request: 0.000023 seconds.
  path: Assets/Models/Space kit/rocks_smallA.fbx
  artifactKey: Guid(3c5ba0b5e087b0c4bbcfbc316daddbc6) Importer(815301076,1909f56bfc062723c751e8b465ee728b)
Start importing Assets/Models/Space kit/rocks_smallA.fbx using Guid(3c5ba0b5e087b0c4bbcfbc316daddbc6) Importer(815301076,1909f56bfc062723c751e8b465ee728b)  -> (artifact id: '10a9799ad8a1809c41cd8128bef395fa') in 0.023707 seconds
Number of updated asset objects reloaded before import = 0
Number of asset objects unloaded after import = 9
========================================================================
Received Import Request.
  Time since last request: 0.000029 seconds.
  path: Assets/Models/Space kit/terrain_roadStraight.fbx
  artifactKey: Guid(32d756ee561d18647adaf54320a820c2) Importer(815301076,1909f56bfc062723c751e8b465ee728b)
Start importing Assets/Models/Space kit/terrain_roadStraight.fbx using Guid(32d756ee561d18647adaf54320a820c2) Importer(815301076,1909f56bfc062723c751e8b465ee728b)  -> (artifact id: 'ff9e6446bb9c44caf3d1f6d9881cbdcf') in 0.030947 seconds
Number of updated asset objects reloaded before import = 0
Number of asset objects unloaded after import = 10
========================================================================
Received Import Request.
  Time since last request: 0.000024 seconds.
  path: Assets/Models/Space kit/rocks_smallB.fbx
  artifactKey: Guid(05718208f84c3ca40a0d6c5b75bd9d77) Importer(815301076,1909f56bfc062723c751e8b465ee728b)
Start importing Assets/Models/Space kit/rocks_smallB.fbx using Guid(05718208f84c3ca40a0d6c5b75bd9d77) Importer(815301076,1909f56bfc062723c751e8b465ee728b)  -> (artifact id: '3349b0c7a8f96ce129698e83244a4270') in 0.026006 seconds
Number of updated asset objects reloaded before import = 0
Number of asset objects unloaded after import = 9
========================================================================
Received Prepare
Begin MonoManager ReloadAssembly
- Loaded All Assemblies, in  0.585 seconds
Refreshing native plugins compatible for Editor in 2.96 ms, found 3 plugins.
Native extension for UWP target not found
Native extension for WindowsStandalone target not found
Native extension for iOS target not found
Native extension for Android target not found
Native extension for OSXStandalone target not found
Native extension for WebGL target not found
[Package Manager] Server::EnsureServerProcessIsRunning -- launch failed, reason: Unity was launched with the -noUpm command-line argument
[Package Manager] UpmClient::Send -- Unable to send message (not connected to UPM process).
[Package Manager] Cannot connect to Unity Package Manager local server
Mono: successfully reloaded assembly
- Finished resetting the current domain, in  1.355 seconds
Domain Reload Profiling: 1939ms
	BeginReloadAssembly (204ms)
		ExecutionOrderSort (0ms)
		DisableScriptedObjects (12ms)
		BackupInstance (0ms)
		ReleaseScriptingObjects (0ms)
		CreateAndSetChildDomain (51ms)
	RebuildCommonClasses (37ms)
	RebuildNativeTypeToScriptingClass (14ms)
	initialDomainReloadingComplete (30ms)
	LoadAllAssembliesAndSetupDomain (300ms)
		LoadAssemblies (377ms)
		RebuildTransferFunctionScriptingTraits (0ms)
		AnalyzeDomain (27ms)
			TypeCache.Refresh (10ms)
				TypeCache.ScanAssembly (0ms)
			ScanForSourceGeneratedMonoScriptInfo (0ms)
			ResolveRequiredComponents (14ms)
	FinalizeReload (1355ms)
		ReleaseScriptCaches (0ms)
		RebuildScriptCaches (0ms)
		SetupLoadedEditorAssemblies (627ms)
			LogAssemblyErrors (0ms)
			InitializePlatformSupportModulesInManaged (47ms)
			SetLoadedEditorAssemblies (4ms)
			RefreshPlugins (0ms)
			BeforeProcessingInitializeOnLoad (82ms)
			ProcessInitializeOnLoadAttributes (400ms)
			ProcessInitializeOnLoadMethodAttributes (90ms)
			AfterProcessingInitializeOnLoad (4ms)
			EditorAssembliesLoaded (0ms)
		ExecutionOrderSort2 (0ms)
		AwakeInstancesAfterBackupRestoration (28ms)
Refreshing native plugins compatible for Editor in 3.97 ms, found 3 plugins.
Preloading 0 native plugins for Editor in 0.00 ms.
Unloading 5083 Unused Serialized files (Serialized files now loaded: 0)
Unloading 43 unused Assets / (390.8 KB). Loaded Objects now: 5791.
Memory consumption went from 189.8 MB to 189.5 MB.
Total: 4.515000 ms (FindLiveObjects: 0.861500 ms CreateObjectMapping: 0.246900 ms MarkObjects: 3.261100 ms  DeleteObjects: 0.143800 ms)

Prepare: number of updated asset objects reloaded= 0
AssetImportParameters requested are different than current active one (requested -> active):
  custom:container-demuxer-ogg: 62fdf1f143b41e24485cea50d1cbac27 -> 
  custom:video-decoder-ogg-theora: a1e56fd34408186e4bbccfd4996cb3dc -> 
  custom:framework-win-MediaFoundation: 216162199b28c13a410421893ffa2e32 -> 
  custom:CustomObjectIndexerAttribute: 72b91833f83ae208fae7752999fa3104 -> 
  custom:container-demuxer-webm: 4f35f7cbe854078d1ac9338744f61a02 -> 
  custom:container-muxer-webm: aa71ff27fc2769a1b78a27578f13a17b -> 
  custom:video-decoder-webm-vp8: 9c59270c3fd7afecdb556c50c9e8de78 -> 
  custom:SearchIndexIgnoredProperties: e643bd26f0fe6173181afceb89e7c659 -> 
  custom:AudioImporter_EditorPlatform: d09bf68614088b80899f8185d706f6e7 -> 
  custom:video-encoder-webm-vp8: eb34c28f22e8b96e1ab97ce403110664 -> 
  custom:audio-decoder-ogg-vorbis: bf7c407c2cedff20999df2af8eb42d56 -> 
  custom:audio-encoder-webm-vorbis: bf7c407c2cedff20999df2af8eb42d56 -> 
Editor requested this worker to shutdown with reason: Scaling down because of idle timeout
TcpMessagingSession - receive error: operation aborted. errorcode: 995, details: The I/O operation has been aborted because of either a thread exit or an application request.
AssetImportWorker is now disconnected from the server
Process exiting
Exiting without the bug reporter. Application will terminate with return code 0