Using pre-set license
Built from '2022.3/staging' branch; Version is '2022.3.27f1 (73effa14754f) revision 7598074'; Using compiler version '192829333'; Build Type 'Release'
OS: 'Windows 10  (10.0.19045) 64bit Professional' Language: 'en' Physical Memory: 32540 MB
BatchMode: 1, IsHumanControllingUs: 0, StartBugReporterOnCrash: 0, Is64bit: 1, IsPro: 1

COMMAND LINE ARGUMENTS:
D:\Apps\Unity\2022.3.27f1\Editor\Unity.exe
-adb2
-batchMode
-noUpm
-name
AssetImportWorker9
-projectPath
E:/Unity Projects/Aqua-Architect/Aqua Architect
-logFile
Logs/AssetImportWorker9.log
-srvPort
50088
Successfully changed project path to: E:/Unity Projects/Aqua-Architect/Aqua Architect
E:/Unity Projects/Aqua-Architect/Aqua Architect
[UnityMemory] Configuration Parameters - Can be set up in boot.config
    "memorysetup-bucket-allocator-granularity=16"
    "memorysetup-bucket-allocator-bucket-count=8"
    "memorysetup-bucket-allocator-block-size=33554432"
    "memorysetup-bucket-allocator-block-count=8"
    "memorysetup-main-allocator-block-size=16777216"
    "memorysetup-thread-allocator-block-size=16777216"
    "memorysetup-gfx-main-allocator-block-size=16777216"
    "memorysetup-gfx-thread-allocator-block-size=16777216"
    "memorysetup-cache-allocator-block-size=4194304"
    "memorysetup-typetree-allocator-block-size=2097152"
    "memorysetup-profiler-bucket-allocator-granularity=16"
    "memorysetup-profiler-bucket-allocator-bucket-count=8"
    "memorysetup-profiler-bucket-allocator-block-size=33554432"
    "memorysetup-profiler-bucket-allocator-block-count=8"
    "memorysetup-profiler-allocator-block-size=16777216"
    "memorysetup-profiler-editor-allocator-block-size=1048576"
    "memorysetup-temp-allocator-size-main=16777216"
    "memorysetup-job-temp-allocator-block-size=2097152"
    "memorysetup-job-temp-allocator-block-size-background=1048576"
    "memorysetup-job-temp-allocator-reduction-small-platforms=262144"
    "memorysetup-allocator-temp-initial-block-size-main=262144"
    "memorysetup-allocator-temp-initial-block-size-worker=262144"
    "memorysetup-temp-allocator-size-background-worker=32768"
    "memorysetup-temp-allocator-size-job-worker=262144"
    "memorysetup-temp-allocator-size-preload-manager=33554432"
    "memorysetup-temp-allocator-size-nav-mesh-worker=65536"
    "memorysetup-temp-allocator-size-audio-worker=65536"
    "memorysetup-temp-allocator-size-cloud-worker=32768"
    "memorysetup-temp-allocator-size-gi-baking-worker=262144"
    "memorysetup-temp-allocator-size-gfx=262144"
Player connection [9336] Host "[IP] 192.168.1.23 [Port] 0 [Flags] 2 [Guid] 2351353790 [EditorId] 2351353790 [Version] 1048832 [Id] WindowsEditor(7,DESKTOP-7K5S1Q8) [Debug] 1 [PackageName] WindowsEditor [ProjectName] Editor" joined multi-casting on [225.0.0.222:54997]...

Player connection [9336] Host "[IP] 192.168.1.23 [Port] 0 [Flags] 2 [Guid] 2351353790 [EditorId] 2351353790 [Version] 1048832 [Id] WindowsEditor(7,DESKTOP-7K5S1Q8) [Debug] 1 [PackageName] WindowsEditor [ProjectName] Editor" joined alternative multi-casting on [225.0.0.222:34997]...

[Physics::Module] Initialized MultithreadedJobDispatcher with 15 workers.
Refreshing native plugins compatible for Editor in 142.69 ms, found 3 plugins.
Preloading 0 native plugins for Editor in 0.00 ms.
Initialize engine version: 2022.3.27f1 (73effa14754f)
[Subsystems] Discovering subsystems at path D:/Apps/Unity/2022.3.27f1/Editor/Data/Resources/UnitySubsystems
[Subsystems] Discovering subsystems at path E:/Unity Projects/Aqua-Architect/Aqua Architect/Assets
GfxDevice: creating device client; threaded=0; jobified=0
Direct3D:
    Version:  Direct3D 11.0 [level 11.1]
    Renderer: NVIDIA GeForce RTX 3060 (ID=0x2487)
    Vendor:   NVIDIA
    VRAM:     12124 MB
    Driver:   31.0.15.3699
Initialize mono
Mono path[0] = 'D:/Apps/Unity/2022.3.27f1/Editor/Data/Managed'
Mono path[1] = 'D:/Apps/Unity/2022.3.27f1/Editor/Data/MonoBleedingEdge/lib/mono/unityjit-win32'
Mono config path = 'D:/Apps/Unity/2022.3.27f1/Editor/Data/MonoBleedingEdge/etc'
Using monoOptions --debugger-agent=transport=dt_socket,embedding=1,server=y,suspend=n,address=127.0.0.1:56332
Begin MonoManager ReloadAssembly
Registering precompiled unity dll's ...
Register platform support module: D:/Apps/Unity/2022.3.27f1/Editor/Data/PlaybackEngines/WebGLSupport/UnityEditor.WebGL.Extensions.dll
Register platform support module: D:/Apps/Unity/2022.3.27f1/Editor/Data/PlaybackEngines/MacStandaloneSupport/UnityEditor.OSXStandalone.Extensions.dll
Register platform support module: D:/Apps/Unity/2022.3.27f1/Editor/Data/PlaybackEngines/AndroidPlayer/UnityEditor.Android.Extensions.dll
Register platform support module: D:/Apps/Unity/2022.3.27f1/Editor/Data/PlaybackEngines/iOSSupport/UnityEditor.iOS.Extensions.dll
Register platform support module: D:/Apps/Unity/2022.3.27f1/Editor/Data/PlaybackEngines/WindowsStandaloneSupport/UnityEditor.WindowsStandalone.Extensions.dll
Register platform support module: D:/Apps/Unity/2022.3.27f1/Editor/Data/PlaybackEngines/MetroSupport/UnityEditor.UWP.Extensions.dll
Registered in 0.010982 seconds.
- Loaded All Assemblies, in  0.710 seconds
Native extension for UWP target not found
Native extension for WindowsStandalone target not found
[usbmuxd] Start listen thread
[usbmuxd] Listen thread started
Native extension for iOS target not found
Native extension for Android target not found
Android Extension - Scanning For ADB Devices 417 ms
Native extension for OSXStandalone target not found
Native extension for WebGL target not found
Mono: successfully reloaded assembly
- Finished resetting the current domain, in  0.876 seconds
Domain Reload Profiling: 1587ms
	BeginReloadAssembly (114ms)
		ExecutionOrderSort (0ms)
		DisableScriptedObjects (0ms)
		BackupInstance (0ms)
		ReleaseScriptingObjects (0ms)
		CreateAndSetChildDomain (1ms)
	RebuildCommonClasses (119ms)
	RebuildNativeTypeToScriptingClass (12ms)
	initialDomainReloadingComplete (65ms)
	LoadAllAssembliesAndSetupDomain (398ms)
		LoadAssemblies (115ms)
		RebuildTransferFunctionScriptingTraits (0ms)
		AnalyzeDomain (394ms)
			TypeCache.Refresh (393ms)
				TypeCache.ScanAssembly (378ms)
			ScanForSourceGeneratedMonoScriptInfo (0ms)
			ResolveRequiredComponents (1ms)
	FinalizeReload (877ms)
		ReleaseScriptCaches (0ms)
		RebuildScriptCaches (0ms)
		SetupLoadedEditorAssemblies (813ms)
			LogAssemblyErrors (0ms)
			InitializePlatformSupportModulesInManaged (591ms)
			SetLoadedEditorAssemblies (5ms)
			RefreshPlugins (0ms)
			BeforeProcessingInitializeOnLoad (2ms)
			ProcessInitializeOnLoadAttributes (152ms)
			ProcessInitializeOnLoadMethodAttributes (62ms)
			AfterProcessingInitializeOnLoad (0ms)
			EditorAssembliesLoaded (0ms)
		ExecutionOrderSort2 (0ms)
		AwakeInstancesAfterBackupRestoration (0ms)
========================================================================
Worker process is ready to serve import requests
Begin MonoManager ReloadAssembly
- Loaded All Assemblies, in  0.895 seconds
Refreshing native plugins compatible for Editor in 3.18 ms, found 3 plugins.
Native extension for UWP target not found
Native extension for WindowsStandalone target not found
Native extension for iOS target not found
Native extension for Android target not found
Native extension for OSXStandalone target not found
Native extension for WebGL target not found
Package Manager log level set to [2]
[Package Manager] Server::EnsureServerProcessIsRunning -- launch failed, reason: Unity was launched with the -noUpm command-line argument
[Package Manager] UpmClient::Send -- Unable to send message (not connected to UPM process).
[Package Manager] Cannot connect to Unity Package Manager local server
Mono: successfully reloaded assembly
- Finished resetting the current domain, in  1.092 seconds
Domain Reload Profiling: 1986ms
	BeginReloadAssembly (155ms)
		ExecutionOrderSort (0ms)
		DisableScriptedObjects (6ms)
		BackupInstance (0ms)
		ReleaseScriptingObjects (0ms)
		CreateAndSetChildDomain (23ms)
	RebuildCommonClasses (35ms)
	RebuildNativeTypeToScriptingClass (12ms)
	initialDomainReloadingComplete (41ms)
	LoadAllAssembliesAndSetupDomain (652ms)
		LoadAssemblies (371ms)
		RebuildTransferFunctionScriptingTraits (0ms)
		AnalyzeDomain (366ms)
			TypeCache.Refresh (316ms)
				TypeCache.ScanAssembly (262ms)
			ScanForSourceGeneratedMonoScriptInfo (29ms)
			ResolveRequiredComponents (20ms)
	FinalizeReload (1092ms)
		ReleaseScriptCaches (0ms)
		RebuildScriptCaches (0ms)
		SetupLoadedEditorAssemblies (821ms)
			LogAssemblyErrors (0ms)
			InitializePlatformSupportModulesInManaged (42ms)
			SetLoadedEditorAssemblies (4ms)
			RefreshPlugins (0ms)
			BeforeProcessingInitializeOnLoad (72ms)
			ProcessInitializeOnLoadAttributes (363ms)
			ProcessInitializeOnLoadMethodAttributes (329ms)
			AfterProcessingInitializeOnLoad (10ms)
			EditorAssembliesLoaded (0ms)
		ExecutionOrderSort2 (0ms)
		AwakeInstancesAfterBackupRestoration (52ms)
Launched and connected shader compiler UnityShaderCompiler.exe after 0.07 seconds
Refreshing native plugins compatible for Editor in 3.03 ms, found 3 plugins.
Preloading 0 native plugins for Editor in 0.00 ms.
Unloading 5270 Unused Serialized files (Serialized files now loaded: 0)
Unloading 83 unused Assets / (421.7 KB). Loaded Objects now: 5732.
Memory consumption went from 216.6 MB to 216.2 MB.
Total: 4.218900 ms (FindLiveObjects: 0.741300 ms CreateObjectMapping: 0.168600 ms MarkObjects: 3.077200 ms  DeleteObjects: 0.230500 ms)

AssetImportParameters requested are different than current active one (requested -> active):
  custom:container-demuxer-ogg: 62fdf1f143b41e24485cea50d1cbac27 -> 
  custom:video-decoder-ogg-theora: a1e56fd34408186e4bbccfd4996cb3dc -> 
  custom:framework-win-MediaFoundation: 216162199b28c13a410421893ffa2e32 -> 
  custom:CustomObjectIndexerAttribute: 72b91833f83ae208fae7752999fa3104 -> 
  custom:container-demuxer-webm: 4f35f7cbe854078d1ac9338744f61a02 -> 
  custom:container-muxer-webm: aa71ff27fc2769a1b78a27578f13a17b -> 
  custom:video-decoder-webm-vp8: 9c59270c3fd7afecdb556c50c9e8de78 -> 
  custom:SearchIndexIgnoredProperties: e643bd26f0fe6173181afceb89e7c659 -> 
  custom:AudioImporter_EditorPlatform: d09bf68614088b80899f8185d706f6e7 -> 
  custom:video-encoder-webm-vp8: eb34c28f22e8b96e1ab97ce403110664 -> 
  custom:audio-decoder-ogg-vorbis: bf7c407c2cedff20999df2af8eb42d56 -> 
  custom:scripting/monoscript/fileName/PlayerMovement.cs: 5c1499cfc43e291157e191fb54bb34f9 -> 42480eed24e61f9d7e7e895933644f96
  custom:audio-encoder-webm-vorbis: bf7c407c2cedff20999df2af8eb42d56 -> 
========================================================================
Received Import Request.
  Time since last request: 419981.989430 seconds.
  path: Assets/Images/IsometricBuildings/chimney_detailed_SW.png
  artifactKey: Guid(654f33cd598dd9343a736e25d5e13e1a) Importer(815301076,1909f56bfc062723c751e8b465ee728b)
Start importing Assets/Images/IsometricBuildings/chimney_detailed_SW.png using Guid(654f33cd598dd9343a736e25d5e13e1a) Importer(815301076,1909f56bfc062723c751e8b465ee728b)  -> (artifact id: '0f3b21014e321d327791e7efa5e1a1e5') in 0.101661 seconds
Number of updated asset objects reloaded before import = 0
Number of asset objects unloaded after import = 2
========================================================================
Received Import Request.
  Time since last request: 0.000022 seconds.
  path: Assets/Images/IsometricBuildings/corridor_cross_SE.png
  artifactKey: Guid(d1000d12605096a47811138a909bf043) Importer(815301076,1909f56bfc062723c751e8b465ee728b)
Start importing Assets/Images/IsometricBuildings/corridor_cross_SE.png using Guid(d1000d12605096a47811138a909bf043) Importer(815301076,1909f56bfc062723c751e8b465ee728b)  -> (artifact id: '560b2a2d09d2a89676fcd06e2f28fca7') in 0.025392 seconds
Number of updated asset objects reloaded before import = 0
Number of asset objects unloaded after import = 2
========================================================================
Received Import Request.
  Time since last request: 0.000029 seconds.
  path: Assets/Images/IsometricBuildings/corridor_end_SW.png
  artifactKey: Guid(f02167a48c4703c4abd97d8a2f8ca07b) Importer(815301076,1909f56bfc062723c751e8b465ee728b)
Start importing Assets/Images/IsometricBuildings/corridor_end_SW.png using Guid(f02167a48c4703c4abd97d8a2f8ca07b) Importer(815301076,1909f56bfc062723c751e8b465ee728b)  -> (artifact id: 'e1f81fce1ea1af295eb57668fb775cae') in 0.077166 seconds
Number of updated asset objects reloaded before import = 0
Number of asset objects unloaded after import = 2
========================================================================
Received Import Request.
  Time since last request: 0.000019 seconds.
  path: Assets/Images/IsometricBuildings/corridor_split_NE.png
  artifactKey: Guid(9d063a73df01e8043a50f134151339bd) Importer(815301076,1909f56bfc062723c751e8b465ee728b)
Start importing Assets/Images/IsometricBuildings/corridor_split_NE.png using Guid(9d063a73df01e8043a50f134151339bd) Importer(815301076,1909f56bfc062723c751e8b465ee728b)  -> (artifact id: '3755aea5afe44dfacf003366428dc2cd') in 0.015011 seconds
Number of updated asset objects reloaded before import = 0
Number of asset objects unloaded after import = 2
========================================================================
Received Import Request.
  Time since last request: 0.000020 seconds.
  path: Assets/Images/IsometricBuildings/corridor_cornerRoundWindow_SW.png
  artifactKey: Guid(77f6e15034ffde84f977242ea2707eb9) Importer(815301076,1909f56bfc062723c751e8b465ee728b)
Start importing Assets/Images/IsometricBuildings/corridor_cornerRoundWindow_SW.png using Guid(77f6e15034ffde84f977242ea2707eb9) Importer(815301076,1909f56bfc062723c751e8b465ee728b)  -> (artifact id: 'e41ac1d499074cbde64f2a0f993c4215') in 0.012473 seconds
Number of updated asset objects reloaded before import = 0
Number of asset objects unloaded after import = 2
========================================================================
Received Import Request.
  Time since last request: 0.000023 seconds.
  path: Assets/Images/IsometricBuildings/corridor_wallCorner_NE.png
  artifactKey: Guid(d9cd78ace86311f43bb50ecf2652d815) Importer(815301076,1909f56bfc062723c751e8b465ee728b)
Start importing Assets/Images/IsometricBuildings/corridor_wallCorner_NE.png using Guid(d9cd78ace86311f43bb50ecf2652d815) Importer(815301076,1909f56bfc062723c751e8b465ee728b)  -> (artifact id: 'cc98b2123167519aa3235a890f031d13') in 0.012215 seconds
Number of updated asset objects reloaded before import = 0
Number of asset objects unloaded after import = 2
========================================================================
Received Import Request.
  Time since last request: 0.000021 seconds.
  path: Assets/Images/IsometricBuildings/corridor_open_SW.png
  artifactKey: Guid(d6b668438a6fe5546b6e5a56b1981d4c) Importer(815301076,1909f56bfc062723c751e8b465ee728b)
Start importing Assets/Images/IsometricBuildings/corridor_open_SW.png using Guid(d6b668438a6fe5546b6e5a56b1981d4c) Importer(815301076,1909f56bfc062723c751e8b465ee728b)  -> (artifact id: '42e7e7813dc724b19511a51462b2a561') in 0.012853 seconds
Number of updated asset objects reloaded before import = 0
Number of asset objects unloaded after import = 2
========================================================================
Received Import Request.
  Time since last request: 0.000017 seconds.
  path: Assets/Images/IsometricBuildings/corridor_end_NW.png
  artifactKey: Guid(4a381b60bfeebae43b3018b0acd1db2e) Importer(815301076,1909f56bfc062723c751e8b465ee728b)
Start importing Assets/Images/IsometricBuildings/corridor_end_NW.png using Guid(4a381b60bfeebae43b3018b0acd1db2e) Importer(815301076,1909f56bfc062723c751e8b465ee728b)  -> (artifact id: 'cb729f2a71ae824af147bccbaa5d1f86') in 0.013545 seconds
Number of updated asset objects reloaded before import = 0
Number of asset objects unloaded after import = 2
========================================================================
Received Import Request.
  Time since last request: 0.000023 seconds.
  path: Assets/Images/IsometricBuildings/corridor_corner_SW.png
  artifactKey: Guid(ff00620051c6a0d41a570f17d1795830) Importer(815301076,1909f56bfc062723c751e8b465ee728b)
Start importing Assets/Images/IsometricBuildings/corridor_corner_SW.png using Guid(ff00620051c6a0d41a570f17d1795830) Importer(815301076,1909f56bfc062723c751e8b465ee728b)  -> (artifact id: '697dde8b8659610b9d877320f8ddbaf5') in 0.012476 seconds
Number of updated asset objects reloaded before import = 0
Number of asset objects unloaded after import = 2
========================================================================
Received Import Request.
  Time since last request: 0.000030 seconds.
  path: Assets/Images/IsometricBuildings/corridor_SW.png
  artifactKey: Guid(df3eff098afc00449b2896aa7a1f3220) Importer(815301076,1909f56bfc062723c751e8b465ee728b)
Start importing Assets/Images/IsometricBuildings/corridor_SW.png using Guid(df3eff098afc00449b2896aa7a1f3220) Importer(815301076,1909f56bfc062723c751e8b465ee728b)  -> (artifact id: '2a3380fed3489a4de317b0ae7cf6ecb6') in 0.012971 seconds
Number of updated asset objects reloaded before import = 0
Number of asset objects unloaded after import = 2
========================================================================
Received Import Request.
  Time since last request: 0.000018 seconds.
  path: Assets/Images/IsometricBuildings/corridor_detailed_NW.png
  artifactKey: Guid(7c4487c2c381b114bb148e1add538b0a) Importer(815301076,1909f56bfc062723c751e8b465ee728b)
Start importing Assets/Images/IsometricBuildings/corridor_detailed_NW.png using Guid(7c4487c2c381b114bb148e1add538b0a) Importer(815301076,1909f56bfc062723c751e8b465ee728b)  -> (artifact id: 'f625d40074aeb792d9cc5a0bc0ef2972') in 0.012377 seconds
Number of updated asset objects reloaded before import = 0
Number of asset objects unloaded after import = 2
========================================================================
Received Import Request.
  Time since last request: 0.000018 seconds.
  path: Assets/Images/IsometricBuildings/corridor_roof_SW.png
  artifactKey: Guid(5f1ed432d13f5534c967d66f4e20289f) Importer(815301076,1909f56bfc062723c751e8b465ee728b)
Start importing Assets/Images/IsometricBuildings/corridor_roof_SW.png using Guid(5f1ed432d13f5534c967d66f4e20289f) Importer(815301076,1909f56bfc062723c751e8b465ee728b)  -> (artifact id: 'de71773925e5ae34b91fb021089ea817') in 0.007908 seconds
Number of updated asset objects reloaded before import = 0
Number of asset objects unloaded after import = 2
========================================================================
Received Import Request.
  Time since last request: 0.000020 seconds.
  path: Assets/Images/IsometricBuildings/corridor_wallCorner_NW.png
  artifactKey: Guid(4b44d37b08254fe4c9540a4ca30195b3) Importer(815301076,1909f56bfc062723c751e8b465ee728b)
Start importing Assets/Images/IsometricBuildings/corridor_wallCorner_NW.png using Guid(4b44d37b08254fe4c9540a4ca30195b3) Importer(815301076,1909f56bfc062723c751e8b465ee728b)  -> (artifact id: '253a53b4d4b059cb2ad78ef78ec07efe') in 0.015002 seconds
Number of updated asset objects reloaded before import = 0
Number of asset objects unloaded after import = 2
========================================================================
Received Import Request.
  Time since last request: 0.000057 seconds.
  path: Assets/Images/IsometricBuildings/corridor_window_NW.png
  artifactKey: Guid(5d58d8f5d3b9c7145a7732cca7e0514c) Importer(815301076,1909f56bfc062723c751e8b465ee728b)
Start importing Assets/Images/IsometricBuildings/corridor_window_NW.png using Guid(5d58d8f5d3b9c7145a7732cca7e0514c) Importer(815301076,1909f56bfc062723c751e8b465ee728b)  -> (artifact id: '066e86b72583c79fb3d1e243c10df80a') in 0.011875 seconds
Number of updated asset objects reloaded before import = 0
Number of asset objects unloaded after import = 2
========================================================================
Received Import Request.
  Time since last request: 0.000018 seconds.
  path: Assets/Images/IsometricBuildings/corridor_window_SE.png
  artifactKey: Guid(70259eaa6a48383499ab4e32bdb81d5c) Importer(815301076,1909f56bfc062723c751e8b465ee728b)
Start importing Assets/Images/IsometricBuildings/corridor_window_SE.png using Guid(70259eaa6a48383499ab4e32bdb81d5c) Importer(815301076,1909f56bfc062723c751e8b465ee728b)  -> (artifact id: '56c61412b5a923184d98a3bf751f6499') in 0.012375 seconds
Number of updated asset objects reloaded before import = 0
Number of asset objects unloaded after import = 2
========================================================================
Received Import Request.
  Time since last request: 0.002219 seconds.
  path: Assets/Images/IsometricBuildings/craft_cargoA_NW.png
  artifactKey: Guid(83b53c72fc0266949b88ab36dfdce2ee) Importer(815301076,1909f56bfc062723c751e8b465ee728b)
Start importing Assets/Images/IsometricBuildings/craft_cargoA_NW.png using Guid(83b53c72fc0266949b88ab36dfdce2ee) Importer(815301076,1909f56bfc062723c751e8b465ee728b)  -> (artifact id: 'ae83d45aec69cc5e2e00b2e3308fb0d3') in 0.017810 seconds
Number of updated asset objects reloaded before import = 0
Number of asset objects unloaded after import = 2
========================================================================
Received Import Request.
  Time since last request: 0.000018 seconds.
  path: Assets/Images/IsometricBuildings/craft_cargoB_NE.png
  artifactKey: Guid(49b1ec705fe08e04f81d05d55000ba25) Importer(815301076,1909f56bfc062723c751e8b465ee728b)
Start importing Assets/Images/IsometricBuildings/craft_cargoB_NE.png using Guid(49b1ec705fe08e04f81d05d55000ba25) Importer(815301076,1909f56bfc062723c751e8b465ee728b)  -> (artifact id: '9b09de65d5ede51312d209eee9a78221') in 0.012868 seconds
Number of updated asset objects reloaded before import = 0
Number of asset objects unloaded after import = 2
========================================================================
Received Import Request.
  Time since last request: 0.000020 seconds.
  path: Assets/Images/IsometricBuildings/craft_racer_NE.png
  artifactKey: Guid(d95f96141fcff964a9691638a9cd7768) Importer(815301076,1909f56bfc062723c751e8b465ee728b)
Start importing Assets/Images/IsometricBuildings/craft_racer_NE.png using Guid(d95f96141fcff964a9691638a9cd7768) Importer(815301076,1909f56bfc062723c751e8b465ee728b)  -> (artifact id: 'dda4f36019eee82262ce816b238ccbc2') in 0.012629 seconds
Number of updated asset objects reloaded before import = 0
Number of asset objects unloaded after import = 2
========================================================================
Received Import Request.
  Time since last request: 0.000019 seconds.
  path: Assets/Images/IsometricBuildings/craft_racer_SE.png
  artifactKey: Guid(92bec175c6cd49d49a545803891e5473) Importer(815301076,1909f56bfc062723c751e8b465ee728b)
Start importing Assets/Images/IsometricBuildings/craft_racer_SE.png using Guid(92bec175c6cd49d49a545803891e5473) Importer(815301076,1909f56bfc062723c751e8b465ee728b)  -> (artifact id: 'f6ccc7b17311b3e47960a333fad99f1d') in 0.013115 seconds
Number of updated asset objects reloaded before import = 0
Number of asset objects unloaded after import = 2
========================================================================
Received Import Request.
  Time since last request: 0.000020 seconds.
  path: Assets/Images/IsometricBuildings/craft_speederA_SW.png
  artifactKey: Guid(8e8b63cd70abb9242bb01c98a7a1af42) Importer(815301076,1909f56bfc062723c751e8b465ee728b)
Start importing Assets/Images/IsometricBuildings/craft_speederA_SW.png using Guid(8e8b63cd70abb9242bb01c98a7a1af42) Importer(815301076,1909f56bfc062723c751e8b465ee728b)  -> (artifact id: 'd4de02b5a485aed75357cb40eed691fe') in 0.012637 seconds
Number of updated asset objects reloaded before import = 0
Number of asset objects unloaded after import = 2
========================================================================
Received Import Request.
  Time since last request: 0.000027 seconds.
  path: Assets/Images/IsometricBuildings/craft_miner_NW.png
  artifactKey: Guid(75da8c250957e2e479e88aeb70a52d6c) Importer(815301076,1909f56bfc062723c751e8b465ee728b)
Start importing Assets/Images/IsometricBuildings/craft_miner_NW.png using Guid(75da8c250957e2e479e88aeb70a52d6c) Importer(815301076,1909f56bfc062723c751e8b465ee728b)  -> (artifact id: '72284f979095658d1849f696a2538bff') in 0.011941 seconds
Number of updated asset objects reloaded before import = 0
Number of asset objects unloaded after import = 2
========================================================================
Received Import Request.
  Time since last request: 0.060596 seconds.
  path: Assets/Images/IsometricBuildings/craft_speederC_SW.png
  artifactKey: Guid(9b95e02faa483e44a82f1c065f094a82) Importer(815301076,1909f56bfc062723c751e8b465ee728b)
Start importing Assets/Images/IsometricBuildings/craft_speederC_SW.png using Guid(9b95e02faa483e44a82f1c065f094a82) Importer(815301076,1909f56bfc062723c751e8b465ee728b)  -> (artifact id: 'a4cf7b51f75380b796dc344ece3a388b') in 0.031789 seconds
Number of updated asset objects reloaded before import = 0
Number of asset objects unloaded after import = 2
========================================================================
Received Import Request.
  Time since last request: 0.000018 seconds.
  path: Assets/Images/IsometricBuildings/craft_speederD_SW.png
  artifactKey: Guid(1e151baf70e29384c9c804272804e3fd) Importer(815301076,1909f56bfc062723c751e8b465ee728b)
Start importing Assets/Images/IsometricBuildings/craft_speederD_SW.png using Guid(1e151baf70e29384c9c804272804e3fd) Importer(815301076,1909f56bfc062723c751e8b465ee728b)  -> (artifact id: 'a25addebdbaa62e2827057b1fb6b422e') in 0.012648 seconds
Number of updated asset objects reloaded before import = 0
Number of asset objects unloaded after import = 2
========================================================================
Received Import Request.
  Time since last request: 14.630416 seconds.
  path: Assets/Images/IsometricBuildings/crater_SW.png
  artifactKey: Guid(d9dd1589533b5a2488b9c0b59840ad00) Importer(815301076,1909f56bfc062723c751e8b465ee728b)
Start importing Assets/Images/IsometricBuildings/crater_SW.png using Guid(d9dd1589533b5a2488b9c0b59840ad00) Importer(815301076,1909f56bfc062723c751e8b465ee728b)  -> (artifact id: 'c4620a8e69427086b39741be4d6e3f47') in 0.014502 seconds
Number of updated asset objects reloaded before import = 0
Number of asset objects unloaded after import = 2
========================================================================
Received Import Request.
  Time since last request: 0.000022 seconds.
  path: Assets/Images/IsometricBuildings/desk_chair_NW.png
  artifactKey: Guid(1e00ab3275198a442b4bd53c4e85c2db) Importer(815301076,1909f56bfc062723c751e8b465ee728b)
Start importing Assets/Images/IsometricBuildings/desk_chair_NW.png using Guid(1e00ab3275198a442b4bd53c4e85c2db) Importer(815301076,1909f56bfc062723c751e8b465ee728b)  -> (artifact id: 'd2e1909079b9c28dd49bbda07cb2da7f') in 0.015389 seconds
Number of updated asset objects reloaded before import = 0
Number of asset objects unloaded after import = 2
========================================================================
Received Import Request.
  Time since last request: 0.000021 seconds.
  path: Assets/Images/IsometricBuildings/craterLarge_NW.png
  artifactKey: Guid(df39413dc47d7b943accb685bce642a0) Importer(815301076,1909f56bfc062723c751e8b465ee728b)
Start importing Assets/Images/IsometricBuildings/craterLarge_NW.png using Guid(df39413dc47d7b943accb685bce642a0) Importer(815301076,1909f56bfc062723c751e8b465ee728b)  -> (artifact id: '6c4f6fb68635596597b57c6c40b4d8dd') in 0.007753 seconds
Number of updated asset objects reloaded before import = 0
Number of asset objects unloaded after import = 2
========================================================================
Received Import Request.
  Time since last request: 0.000020 seconds.
  path: Assets/Images/IsometricBuildings/craterLarge_SE.png
  artifactKey: Guid(be68f40cf69c08740bd42d53ff984299) Importer(815301076,1909f56bfc062723c751e8b465ee728b)
Start importing Assets/Images/IsometricBuildings/craterLarge_SE.png using Guid(be68f40cf69c08740bd42d53ff984299) Importer(815301076,1909f56bfc062723c751e8b465ee728b)  -> (artifact id: 'ba6e243f0aa148175825fbc654940251') in 0.008407 seconds
Number of updated asset objects reloaded before import = 0
Number of asset objects unloaded after import = 2
========================================================================
Received Import Request.
  Time since last request: 0.000025 seconds.
  path: Assets/Images/IsometricBuildings/desk_chair_SW.png
  artifactKey: Guid(979226e42b56f37469ebb341b3ebdb4e) Importer(815301076,1909f56bfc062723c751e8b465ee728b)
Start importing Assets/Images/IsometricBuildings/desk_chair_SW.png using Guid(979226e42b56f37469ebb341b3ebdb4e) Importer(815301076,1909f56bfc062723c751e8b465ee728b)  -> (artifact id: '5af3074823bbc3a26fa5efca7cb8f080') in 0.012649 seconds
Number of updated asset objects reloaded before import = 0
Number of asset objects unloaded after import = 2
========================================================================
Received Import Request.
  Time since last request: 1.047094 seconds.
  path: Assets/Images/IsometricBuildings/desk_chairStool_SW.png
  artifactKey: Guid(7b0fe13305fef3141ad133217c97827e) Importer(815301076,1909f56bfc062723c751e8b465ee728b)
Start importing Assets/Images/IsometricBuildings/desk_chairStool_SW.png using Guid(7b0fe13305fef3141ad133217c97827e) Importer(815301076,1909f56bfc062723c751e8b465ee728b)  -> (artifact id: 'cadd2c85d811b0d2072c62448c96b23a') in 0.017154 seconds
Number of updated asset objects reloaded before import = 0
Number of asset objects unloaded after import = 2
========================================================================
Received Import Request.
  Time since last request: 0.000017 seconds.
  path: Assets/Images/IsometricBuildings/desk_computer_NW.png
  artifactKey: Guid(640fbad3bbb5c6e4b94e87ee868e9b09) Importer(815301076,1909f56bfc062723c751e8b465ee728b)
Start importing Assets/Images/IsometricBuildings/desk_computer_NW.png using Guid(640fbad3bbb5c6e4b94e87ee868e9b09) Importer(815301076,1909f56bfc062723c751e8b465ee728b)  -> (artifact id: '57556e59fcf39287df42225467d582ec') in 0.014788 seconds
Number of updated asset objects reloaded before import = 0
Number of asset objects unloaded after import = 2
========================================================================
Received Import Request.
  Time since last request: 0.000026 seconds.
  path: Assets/Images/IsometricBuildings/desk_computerScreen_SE.png
  artifactKey: Guid(d1f10cf7a9ec51a4591009a857d4552a) Importer(815301076,1909f56bfc062723c751e8b465ee728b)
Start importing Assets/Images/IsometricBuildings/desk_computerScreen_SE.png using Guid(d1f10cf7a9ec51a4591009a857d4552a) Importer(815301076,1909f56bfc062723c751e8b465ee728b)  -> (artifact id: 'e586d87e5e140dbd64d60c02000584d9') in 0.012102 seconds
Number of updated asset objects reloaded before import = 0
Number of asset objects unloaded after import = 2
========================================================================
Received Import Request.
  Time since last request: 0.000024 seconds.
  path: Assets/Images/IsometricBuildings/desk_computerCorner_NE.png
  artifactKey: Guid(475987eb80a492946a27198793ffb2a5) Importer(815301076,1909f56bfc062723c751e8b465ee728b)
Start importing Assets/Images/IsometricBuildings/desk_computerCorner_NE.png using Guid(475987eb80a492946a27198793ffb2a5) Importer(815301076,1909f56bfc062723c751e8b465ee728b)  -> (artifact id: '3999d023984d4228e45ede60a6ce0ee6') in 0.012961 seconds
Number of updated asset objects reloaded before import = 0
Number of asset objects unloaded after import = 2
========================================================================
Received Import Request.
  Time since last request: 0.000019 seconds.
  path: Assets/Images/IsometricBuildings/hangar_largeA_NW.png
  artifactKey: Guid(1c6cbd7e720fed143b2bf154cab257fd) Importer(815301076,1909f56bfc062723c751e8b465ee728b)
Start importing Assets/Images/IsometricBuildings/hangar_largeA_NW.png using Guid(1c6cbd7e720fed143b2bf154cab257fd) Importer(815301076,1909f56bfc062723c751e8b465ee728b)  -> (artifact id: '73a3103ab9414ea4eb5ed6771d156600') in 0.014997 seconds
Number of updated asset objects reloaded before import = 0
Number of asset objects unloaded after import = 2
========================================================================
Received Import Request.
  Time since last request: 0.000021 seconds.
  path: Assets/Images/IsometricBuildings/gate_simple_SE.png
  artifactKey: Guid(13e761bf3a0a8b24fbfce5a64b1ff71b) Importer(815301076,1909f56bfc062723c751e8b465ee728b)
Start importing Assets/Images/IsometricBuildings/gate_simple_SE.png using Guid(13e761bf3a0a8b24fbfce5a64b1ff71b) Importer(815301076,1909f56bfc062723c751e8b465ee728b)  -> (artifact id: '3d6b238c35b70bc7b9172052dce811c4') in 0.013573 seconds
Number of updated asset objects reloaded before import = 0
Number of asset objects unloaded after import = 2
========================================================================
Received Import Request.
  Time since last request: 0.000018 seconds.
  path: Assets/Images/IsometricBuildings/hangar_roundA_SE.png
  artifactKey: Guid(a73ea06f4cc7cb04b8155392c0091a44) Importer(815301076,1909f56bfc062723c751e8b465ee728b)
Start importing Assets/Images/IsometricBuildings/hangar_roundA_SE.png using Guid(a73ea06f4cc7cb04b8155392c0091a44) Importer(815301076,1909f56bfc062723c751e8b465ee728b)  -> (artifact id: '0801856a3156a928c703a598860b6299') in 0.014346 seconds
Number of updated asset objects reloaded before import = 0
Number of asset objects unloaded after import = 2
========================================================================
Received Import Request.
  Time since last request: 0.000018 seconds.
  path: Assets/Images/IsometricBuildings/hangar_roundB_SE.png
  artifactKey: Guid(edae2bb56bd9d7542b0ed0fa0738e865) Importer(815301076,1909f56bfc062723c751e8b465ee728b)
Start importing Assets/Images/IsometricBuildings/hangar_roundB_SE.png using Guid(edae2bb56bd9d7542b0ed0fa0738e865) Importer(815301076,1909f56bfc062723c751e8b465ee728b)  -> (artifact id: '7226d75b2cf1bbd5e65160dfda1f304c') in 0.013810 seconds
Number of updated asset objects reloaded before import = 0
Number of asset objects unloaded after import = 2
========================================================================
Received Import Request.
  Time since last request: 0.000022 seconds.
  path: Assets/Images/IsometricBuildings/hangar_smallA_SW.png
  artifactKey: Guid(40f535fb1e88aaf4591c696199dd141f) Importer(815301076,1909f56bfc062723c751e8b465ee728b)
Start importing Assets/Images/IsometricBuildings/hangar_smallA_SW.png using Guid(40f535fb1e88aaf4591c696199dd141f) Importer(815301076,1909f56bfc062723c751e8b465ee728b)  -> (artifact id: '287d0211a6ceacbb74d4e4a2ab369dd8') in 0.013395 seconds
Number of updated asset objects reloaded before import = 0
Number of asset objects unloaded after import = 2
========================================================================
Received Import Request.
  Time since last request: 0.000023 seconds.
  path: Assets/Images/IsometricBuildings/hangar_largeA_SW.png
  artifactKey: Guid(e1431680d72806c42af86c1a8956ac74) Importer(815301076,1909f56bfc062723c751e8b465ee728b)
Start importing Assets/Images/IsometricBuildings/hangar_largeA_SW.png using Guid(e1431680d72806c42af86c1a8956ac74) Importer(815301076,1909f56bfc062723c751e8b465ee728b)  -> (artifact id: '8397959656a67831f8a3d2b9013912c0') in 0.013756 seconds
Number of updated asset objects reloaded before import = 0
Number of asset objects unloaded after import = 2
========================================================================
Received Import Request.
  Time since last request: 0.000023 seconds.
  path: Assets/Images/IsometricBuildings/hangar_roundGlass_NE.png
  artifactKey: Guid(4525fe606885be24090f1420e6f8c213) Importer(815301076,1909f56bfc062723c751e8b465ee728b)
Start importing Assets/Images/IsometricBuildings/hangar_roundGlass_NE.png using Guid(4525fe606885be24090f1420e6f8c213) Importer(815301076,1909f56bfc062723c751e8b465ee728b)  -> (artifact id: 'fe549e5bd35daebf9b57125334459f86') in 0.015352 seconds
Number of updated asset objects reloaded before import = 0
Number of asset objects unloaded after import = 2
========================================================================
Received Import Request.
  Time since last request: 0.000022 seconds.
  path: Assets/Images/IsometricBuildings/hangar_smallB_SW.png
  artifactKey: Guid(6a681fbb4dc42e3468c8b796f943796f) Importer(815301076,1909f56bfc062723c751e8b465ee728b)
Start importing Assets/Images/IsometricBuildings/hangar_smallB_SW.png using Guid(6a681fbb4dc42e3468c8b796f943796f) Importer(815301076,1909f56bfc062723c751e8b465ee728b)  -> (artifact id: '21560cc63d4490e27a7dea50aab41c16') in 0.013292 seconds
Number of updated asset objects reloaded before import = 0
Number of asset objects unloaded after import = 2
========================================================================
Received Import Request.
  Time since last request: 0.000038 seconds.
  path: Assets/Images/IsometricBuildings/hangar_smallB_SE.png
  artifactKey: Guid(b3d764b4c57cbb34dac0afe7a62fd5a0) Importer(815301076,1909f56bfc062723c751e8b465ee728b)
Start importing Assets/Images/IsometricBuildings/hangar_smallB_SE.png using Guid(b3d764b4c57cbb34dac0afe7a62fd5a0) Importer(815301076,1909f56bfc062723c751e8b465ee728b)  -> (artifact id: '1c3d73638e6f7945ad2a0dc7aa6a612d') in 0.014978 seconds
Number of updated asset objects reloaded before import = 0
Number of asset objects unloaded after import = 2
========================================================================
Received Import Request.
  Time since last request: 0.000018 seconds.
  path: Assets/Images/IsometricBuildings/hangar_roundGlass_NW.png
  artifactKey: Guid(439ae41be21938241a2351b28e5e4a70) Importer(815301076,1909f56bfc062723c751e8b465ee728b)
Start importing Assets/Images/IsometricBuildings/hangar_roundGlass_NW.png using Guid(439ae41be21938241a2351b28e5e4a70) Importer(815301076,1909f56bfc062723c751e8b465ee728b)  -> (artifact id: '74f8fa80f784d48255b515bb060b2526') in 0.014107 seconds
Number of updated asset objects reloaded before import = 0
Number of asset objects unloaded after import = 2
========================================================================
Received Import Request.
  Time since last request: 0.264515 seconds.
  path: Assets/Images/IsometricBuildings/machine_barrelLarge_SW.png
  artifactKey: Guid(cb1cc006109c4df449faba5bd80922e0) Importer(815301076,1909f56bfc062723c751e8b465ee728b)
Start importing Assets/Images/IsometricBuildings/machine_barrelLarge_SW.png using Guid(cb1cc006109c4df449faba5bd80922e0) Importer(815301076,1909f56bfc062723c751e8b465ee728b)  -> (artifact id: '867361b09d13dfa8151d8ae188ea6791') in 0.036900 seconds
Number of updated asset objects reloaded before import = 0
Number of asset objects unloaded after import = 2
========================================================================
Received Import Request.
  Time since last request: 0.000018 seconds.
  path: Assets/Images/IsometricBuildings/machine_generator_NW.png
  artifactKey: Guid(39236fc5d0dbbdb4d8cbfd23def752ec) Importer(815301076,1909f56bfc062723c751e8b465ee728b)
Start importing Assets/Images/IsometricBuildings/machine_generator_NW.png using Guid(39236fc5d0dbbdb4d8cbfd23def752ec) Importer(815301076,1909f56bfc062723c751e8b465ee728b)  -> (artifact id: '2ab83493d3199a45092a0c79b1048567') in 0.013698 seconds
Number of updated asset objects reloaded before import = 0
Number of asset objects unloaded after import = 2
========================================================================
Received Import Request.
  Time since last request: 0.000021 seconds.
  path: Assets/Images/IsometricBuildings/machine_generatorLarge_NW.png
  artifactKey: Guid(bb03c3bbd5297774badfca828499a220) Importer(815301076,1909f56bfc062723c751e8b465ee728b)
Start importing Assets/Images/IsometricBuildings/machine_generatorLarge_NW.png using Guid(bb03c3bbd5297774badfca828499a220) Importer(815301076,1909f56bfc062723c751e8b465ee728b)  -> (artifact id: 'fee95fae6924e8a9da310586f04936cc') in 0.012039 seconds
Number of updated asset objects reloaded before import = 0
Number of asset objects unloaded after import = 2
========================================================================
Received Import Request.
  Time since last request: 0.000020 seconds.
  path: Assets/Images/IsometricBuildings/monorail_trackSlope_NE.png
  artifactKey: Guid(ae8198a82b3742c4588959f3caecd209) Importer(815301076,1909f56bfc062723c751e8b465ee728b)
Start importing Assets/Images/IsometricBuildings/monorail_trackSlope_NE.png using Guid(ae8198a82b3742c4588959f3caecd209) Importer(815301076,1909f56bfc062723c751e8b465ee728b)  -> (artifact id: 'f0b82bd30b0d0a5b12cff74b272c3e79') in 0.011998 seconds
Number of updated asset objects reloaded before import = 0
Number of asset objects unloaded after import = 2
========================================================================
Received Import Request.
  Time since last request: 0.000033 seconds.
  path: Assets/Images/IsometricBuildings/monorail_trackSlope_SE.png
  artifactKey: Guid(35364c74be4320a4d8cfb9f978848b11) Importer(815301076,1909f56bfc062723c751e8b465ee728b)
Start importing Assets/Images/IsometricBuildings/monorail_trackSlope_SE.png using Guid(35364c74be4320a4d8cfb9f978848b11) Importer(815301076,1909f56bfc062723c751e8b465ee728b)  -> (artifact id: 'acaed52a2d7a15666c9ff56a42bb38e2') in 0.026517 seconds
Number of updated asset objects reloaded before import = 0
Number of asset objects unloaded after import = 2
========================================================================
Received Import Request.
  Time since last request: 0.000021 seconds.
  path: Assets/Images/IsometricBuildings/meteor_NW.png
  artifactKey: Guid(0f125accac36be64d9af5cedfff31533) Importer(815301076,1909f56bfc062723c751e8b465ee728b)
Start importing Assets/Images/IsometricBuildings/meteor_NW.png using Guid(0f125accac36be64d9af5cedfff31533) Importer(815301076,1909f56bfc062723c751e8b465ee728b)  -> (artifact id: 'fe3c1459cc0b9d71790b0e35932249e6') in 0.006848 seconds
Number of updated asset objects reloaded before import = 0
Number of asset objects unloaded after import = 2
========================================================================
Received Import Request.
  Time since last request: 0.000016 seconds.
  path: Assets/Images/IsometricBuildings/monorail_trackCornerSmall_SW.png
  artifactKey: Guid(148fc6ba31b8d064db43fba57d79b09c) Importer(815301076,1909f56bfc062723c751e8b465ee728b)
Start importing Assets/Images/IsometricBuildings/monorail_trackCornerSmall_SW.png using Guid(148fc6ba31b8d064db43fba57d79b09c) Importer(815301076,1909f56bfc062723c751e8b465ee728b)  -> (artifact id: '599814809fbe34aac70d7531bd97ef29') in 0.012230 seconds
Number of updated asset objects reloaded before import = 0
Number of asset objects unloaded after import = 2
========================================================================
Received Import Request.
  Time since last request: 0.000017 seconds.
  path: Assets/Images/IsometricBuildings/meteor_detailed_NE.png
  artifactKey: Guid(635f76cd878c7d34f891a93923ace1e2) Importer(815301076,1909f56bfc062723c751e8b465ee728b)
Start importing Assets/Images/IsometricBuildings/meteor_detailed_NE.png using Guid(635f76cd878c7d34f891a93923ace1e2) Importer(815301076,1909f56bfc062723c751e8b465ee728b)  -> (artifact id: 'e49baad985cb1d1766df0c695201836c') in 0.013141 seconds
Number of updated asset objects reloaded before import = 0
Number of asset objects unloaded after import = 2
========================================================================
Received Import Request.
  Time since last request: 0.000017 seconds.
  path: Assets/Images/IsometricBuildings/machine_wirelessCable_NW.png
  artifactKey: Guid(aeacf0aeea777ec4ca1a3b32cecf280b) Importer(815301076,1909f56bfc062723c751e8b465ee728b)
Start importing Assets/Images/IsometricBuildings/machine_wirelessCable_NW.png using Guid(aeacf0aeea777ec4ca1a3b32cecf280b) Importer(815301076,1909f56bfc062723c751e8b465ee728b)  -> (artifact id: 'b0c9d44065550366020539ed097e8e50') in 0.012351 seconds
Number of updated asset objects reloaded before import = 0
Number of asset objects unloaded after import = 2
========================================================================
Received Import Request.
  Time since last request: 0.000024 seconds.
  path: Assets/Images/IsometricBuildings/machine_wireless_SW.png
  artifactKey: Guid(3367ab155f064fa438557e4d43cfbf72) Importer(815301076,1909f56bfc062723c751e8b465ee728b)
Start importing Assets/Images/IsometricBuildings/machine_wireless_SW.png using Guid(3367ab155f064fa438557e4d43cfbf72) Importer(815301076,1909f56bfc062723c751e8b465ee728b)  -> (artifact id: 'c131e4742d9f927d5e73b226b61a2445') in 0.018092 seconds
Number of updated asset objects reloaded before import = 0
Number of asset objects unloaded after import = 2
========================================================================
Received Import Request.
  Time since last request: 0.000023 seconds.
  path: Assets/Images/IsometricBuildings/meteor_half_NW.png
  artifactKey: Guid(9856197d66b2ed740ab579c084618bf2) Importer(815301076,1909f56bfc062723c751e8b465ee728b)
Start importing Assets/Images/IsometricBuildings/meteor_half_NW.png using Guid(9856197d66b2ed740ab579c084618bf2) Importer(815301076,1909f56bfc062723c751e8b465ee728b)  -> (artifact id: 'f280345aaeda4c7b80d19db16bb19afe') in 0.008002 seconds
Number of updated asset objects reloaded before import = 0
Number of asset objects unloaded after import = 2
========================================================================
Received Import Request.
  Time since last request: 0.000020 seconds.
  path: Assets/Images/IsometricBuildings/machine_wirelessCable_SW.png
  artifactKey: Guid(65cbd3c58b214904680ae6c36e94e662) Importer(815301076,1909f56bfc062723c751e8b465ee728b)
Start importing Assets/Images/IsometricBuildings/machine_wirelessCable_SW.png using Guid(65cbd3c58b214904680ae6c36e94e662) Importer(815301076,1909f56bfc062723c751e8b465ee728b)  -> (artifact id: '98dfcd3f0445920eeb692c06b2e49cff') in 0.012767 seconds
Number of updated asset objects reloaded before import = 0
Number of asset objects unloaded after import = 2
========================================================================
Received Import Request.
  Time since last request: 0.238262 seconds.
  path: Assets/Images/IsometricBuildings/monorail_trackSupport_SW.png
  artifactKey: Guid(e446888d118cacc408982ef56cf4e59f) Importer(815301076,1909f56bfc062723c751e8b465ee728b)
Start importing Assets/Images/IsometricBuildings/monorail_trackSupport_SW.png using Guid(e446888d118cacc408982ef56cf4e59f) Importer(815301076,1909f56bfc062723c751e8b465ee728b)  -> (artifact id: 'b3f31cafb1effdce1a1732c108154dcb') in 0.021600 seconds
Number of updated asset objects reloaded before import = 0
Number of asset objects unloaded after import = 2
========================================================================
Received Import Request.
  Time since last request: 0.000105 seconds.
  path: Assets/Images/IsometricBuildings/monorail_trackSupportCorner_NW.png
  artifactKey: Guid(f0a378fb67de20a43ad660ef4abb485f) Importer(815301076,1909f56bfc062723c751e8b465ee728b)
Start importing Assets/Images/IsometricBuildings/monorail_trackSupportCorner_NW.png using Guid(f0a378fb67de20a43ad660ef4abb485f) Importer(815301076,1909f56bfc062723c751e8b465ee728b)  -> (artifact id: '4d27e646ae33029513cc6ca60d34195d') in 0.026560 seconds
Number of updated asset objects reloaded before import = 0
Number of asset objects unloaded after import = 2
========================================================================
Received Import Request.
  Time since last request: 0.000020 seconds.
  path: Assets/Images/IsometricBuildings/monorail_trainCargo_SE.png
  artifactKey: Guid(6155c51589673014796a286e0860c7dd) Importer(815301076,1909f56bfc062723c751e8b465ee728b)
Start importing Assets/Images/IsometricBuildings/monorail_trainCargo_SE.png using Guid(6155c51589673014796a286e0860c7dd) Importer(815301076,1909f56bfc062723c751e8b465ee728b)  -> (artifact id: 'c5a9e45ca5de2558710ab73a11aefe99') in 0.013711 seconds
Number of updated asset objects reloaded before import = 0
Number of asset objects unloaded after import = 2
========================================================================
Received Import Request.
  Time since last request: 0.000023 seconds.
  path: Assets/Images/IsometricBuildings/monorail_trainBox_NW.png
  artifactKey: Guid(c27a9cdd89e5d134bb82c67fac8d7a83) Importer(815301076,1909f56bfc062723c751e8b465ee728b)
Start importing Assets/Images/IsometricBuildings/monorail_trainBox_NW.png using Guid(c27a9cdd89e5d134bb82c67fac8d7a83) Importer(815301076,1909f56bfc062723c751e8b465ee728b)  -> (artifact id: '52c99032ff585ee9598d8658e75493f1') in 0.013621 seconds
Number of updated asset objects reloaded before import = 0
Number of asset objects unloaded after import = 2
========================================================================
Received Import Request.
  Time since last request: 0.000018 seconds.
  path: Assets/Images/IsometricBuildings/monorail_trainFlat_SE.png
  artifactKey: Guid(1932e3d2910c1574cbdd261a2eada307) Importer(815301076,1909f56bfc062723c751e8b465ee728b)
Start importing Assets/Images/IsometricBuildings/monorail_trainFlat_SE.png using Guid(1932e3d2910c1574cbdd261a2eada307) Importer(815301076,1909f56bfc062723c751e8b465ee728b)  -> (artifact id: 'a9604dd31f7c258c040d867533ed99cc') in 0.014590 seconds
Number of updated asset objects reloaded before import = 0
Number of asset objects unloaded after import = 2
========================================================================
Received Import Request.
  Time since last request: 0.000021 seconds.
  path: Assets/Images/IsometricBuildings/monorail_trainEnd_SW.png
  artifactKey: Guid(1cba466c5c7ef4843b96ff9521fe1763) Importer(815301076,1909f56bfc062723c751e8b465ee728b)
Start importing Assets/Images/IsometricBuildings/monorail_trainEnd_SW.png using Guid(1cba466c5c7ef4843b96ff9521fe1763) Importer(815301076,1909f56bfc062723c751e8b465ee728b)  -> (artifact id: '95cda37ba090c4c3caf59df26dbf97e3') in 0.015046 seconds
Number of updated asset objects reloaded before import = 0
Number of asset objects unloaded after import = 2
========================================================================
Received Import Request.
  Time since last request: 0.008880 seconds.
  path: Assets/Images/IsometricBuildings/monorail_trainFront_SW.png
  artifactKey: Guid(e769751c818ab554297174b7dd7bb6c4) Importer(815301076,1909f56bfc062723c751e8b465ee728b)
Start importing Assets/Images/IsometricBuildings/monorail_trainFront_SW.png using Guid(e769751c818ab554297174b7dd7bb6c4) Importer(815301076,1909f56bfc062723c751e8b465ee728b)  -> (artifact id: 'ad63b4505aed3f9d145d3fce42952d7c') in 0.012827 seconds
Number of updated asset objects reloaded before import = 0
Number of asset objects unloaded after import = 2
========================================================================
Received Import Request.
  Time since last request: 0.000022 seconds.
  path: Assets/Images/IsometricBuildings/pipe_corner_NE.png
  artifactKey: Guid(730b66fb70d3ec24a809abc2ae056828) Importer(815301076,1909f56bfc062723c751e8b465ee728b)
Start importing Assets/Images/IsometricBuildings/pipe_corner_NE.png using Guid(730b66fb70d3ec24a809abc2ae056828) Importer(815301076,1909f56bfc062723c751e8b465ee728b)  -> (artifact id: 'f4efa5db5631d2944a13600b3adf43aa') in 0.012796 seconds
Number of updated asset objects reloaded before import = 0
Number of asset objects unloaded after import = 2
========================================================================
Received Import Request.
  Time since last request: 0.033749 seconds.
  path: Assets/Images/IsometricBuildings/pipe_corner_SW.png
  artifactKey: Guid(b16b733d465c6434ba1d23abb526a166) Importer(815301076,1909f56bfc062723c751e8b465ee728b)
Start importing Assets/Images/IsometricBuildings/pipe_corner_SW.png using Guid(b16b733d465c6434ba1d23abb526a166) Importer(815301076,1909f56bfc062723c751e8b465ee728b)  -> (artifact id: '6a09e5eee400e53967228b8879f15165') in 0.032966 seconds
Number of updated asset objects reloaded before import = 0
Number of asset objects unloaded after import = 2
========================================================================
Received Import Request.
  Time since last request: 0.000483 seconds.
  path: Assets/Images/IsometricBuildings/pipe_cornerDiagonal_NW.png
  artifactKey: Guid(35a8d368361ce754eb97cf7ddca11da3) Importer(815301076,1909f56bfc062723c751e8b465ee728b)
Start importing Assets/Images/IsometricBuildings/pipe_cornerDiagonal_NW.png using Guid(35a8d368361ce754eb97cf7ddca11da3) Importer(815301076,1909f56bfc062723c751e8b465ee728b)  -> (artifact id: '72506e9688f324de6f8be586beb51ca2') in 0.013199 seconds
Number of updated asset objects reloaded before import = 0
Number of asset objects unloaded after import = 2
========================================================================
Received Import Request.
  Time since last request: 0.341217 seconds.
  path: Assets/Images/IsometricBuildings/pipe_cornerRound_SW.png
  artifactKey: Guid(cc9d18b624787d44e9d4749e836a84ce) Importer(815301076,1909f56bfc062723c751e8b465ee728b)
Start importing Assets/Images/IsometricBuildings/pipe_cornerRound_SW.png using Guid(cc9d18b624787d44e9d4749e836a84ce) Importer(815301076,1909f56bfc062723c751e8b465ee728b)  -> (artifact id: '6a799cfecd3980f90278e2ad13461b02') in 0.012616 seconds
Number of updated asset objects reloaded before import = 0
Number of asset objects unloaded after import = 2
========================================================================
Received Import Request.
  Time since last request: 0.000021 seconds.
  path: Assets/Images/IsometricBuildings/pipe_cornerRoundLarge_NW.png
  artifactKey: Guid(6f5be283676fe3c4d89049c95a6f3c22) Importer(815301076,1909f56bfc062723c751e8b465ee728b)
Start importing Assets/Images/IsometricBuildings/pipe_cornerRoundLarge_NW.png using Guid(6f5be283676fe3c4d89049c95a6f3c22) Importer(815301076,1909f56bfc062723c751e8b465ee728b)  -> (artifact id: '7042c3df6ca1d621264d3f6e87fd8f4a') in 0.014138 seconds
Number of updated asset objects reloaded before import = 0
Number of asset objects unloaded after import = 2
========================================================================
Received Import Request.
  Time since last request: 0.000018 seconds.
  path: Assets/Images/IsometricBuildings/pipe_cross_NW.png
  artifactKey: Guid(764af1955116dca428321087f7ae6fb9) Importer(815301076,1909f56bfc062723c751e8b465ee728b)
Start importing Assets/Images/IsometricBuildings/pipe_cross_NW.png using Guid(764af1955116dca428321087f7ae6fb9) Importer(815301076,1909f56bfc062723c751e8b465ee728b)  -> (artifact id: '6fadf3a32c7dca93a28e847a4b34d2b9') in 0.014007 seconds
Number of updated asset objects reloaded before import = 0
Number of asset objects unloaded after import = 2
========================================================================
Received Import Request.
  Time since last request: 0.000019 seconds.
  path: Assets/Images/IsometricBuildings/pipe_end_SE.png
  artifactKey: Guid(b02b8779e8bbcc2468dd7ee9f2c3e9ff) Importer(815301076,1909f56bfc062723c751e8b465ee728b)
Start importing Assets/Images/IsometricBuildings/pipe_end_SE.png using Guid(b02b8779e8bbcc2468dd7ee9f2c3e9ff) Importer(815301076,1909f56bfc062723c751e8b465ee728b)  -> (artifact id: '89ef38212d141650677db1cb633e02f2') in 0.014639 seconds
Number of updated asset objects reloaded before import = 0
Number of asset objects unloaded after import = 2
========================================================================
Received Import Request.
  Time since last request: 0.018430 seconds.
  path: Assets/Images/IsometricBuildings/pipe_entrance_SE.png
  artifactKey: Guid(84e2013ce6abfa544a81b5e74e4e795c) Importer(815301076,1909f56bfc062723c751e8b465ee728b)
Start importing Assets/Images/IsometricBuildings/pipe_entrance_SE.png using Guid(84e2013ce6abfa544a81b5e74e4e795c) Importer(815301076,1909f56bfc062723c751e8b465ee728b)  -> (artifact id: '4597bc2942d1244052efbcea7ddf70b0') in 0.017725 seconds
Number of updated asset objects reloaded before import = 0
Number of asset objects unloaded after import = 2
========================================================================
Received Import Request.
  Time since last request: 0.000018 seconds.
  path: Assets/Images/IsometricBuildings/pipe_rampLarge_NE.png
  artifactKey: Guid(3d919dc6dcfa63347945a9114b821a0f) Importer(815301076,1909f56bfc062723c751e8b465ee728b)
Start importing Assets/Images/IsometricBuildings/pipe_rampLarge_NE.png using Guid(3d919dc6dcfa63347945a9114b821a0f) Importer(815301076,1909f56bfc062723c751e8b465ee728b)  -> (artifact id: '7b4f4c2bed0b4314271c204f23042c04') in 0.012348 seconds
Number of updated asset objects reloaded before import = 0
Number of asset objects unloaded after import = 2
========================================================================
Received Import Request.
  Time since last request: 0.000019 seconds.
  path: Assets/Images/IsometricBuildings/pipe_open_NW.png
  artifactKey: Guid(55e65e38ecc2b9d4ab13b13868299388) Importer(815301076,1909f56bfc062723c751e8b465ee728b)
Start importing Assets/Images/IsometricBuildings/pipe_open_NW.png using Guid(55e65e38ecc2b9d4ab13b13868299388) Importer(815301076,1909f56bfc062723c751e8b465ee728b)  -> (artifact id: '3f7b63a553cbab466b79b4ea196542ee') in 0.011333 seconds
Number of updated asset objects reloaded before import = 0
Number of asset objects unloaded after import = 2
========================================================================
Received Import Request.
  Time since last request: 0.000019 seconds.
  path: Assets/Images/IsometricBuildings/pipe_rampSmall_NW.png
  artifactKey: Guid(bcd5979acd08a084e9f41a526dcb921e) Importer(815301076,1909f56bfc062723c751e8b465ee728b)
Start importing Assets/Images/IsometricBuildings/pipe_rampSmall_NW.png using Guid(bcd5979acd08a084e9f41a526dcb921e) Importer(815301076,1909f56bfc062723c751e8b465ee728b)  -> (artifact id: 'ab491b3d61c1e89d05c1a49c3292e41e') in 0.013583 seconds
Number of updated asset objects reloaded before import = 0
Number of asset objects unloaded after import = 2
========================================================================
Received Import Request.
  Time since last request: 0.000032 seconds.
  path: Assets/Images/IsometricBuildings/pipe_rampSmall_NE.png
  artifactKey: Guid(f422db235bc25a84694dbe08c48c372a) Importer(815301076,1909f56bfc062723c751e8b465ee728b)
Start importing Assets/Images/IsometricBuildings/pipe_rampSmall_NE.png using Guid(f422db235bc25a84694dbe08c48c372a) Importer(815301076,1909f56bfc062723c751e8b465ee728b)  -> (artifact id: '28e5069481d4aca68f9f7db686c722c1') in 0.011422 seconds
Number of updated asset objects reloaded before import = 0
Number of asset objects unloaded after import = 2
========================================================================
Received Import Request.
  Time since last request: 0.069831 seconds.
  path: Assets/Images/IsometricBuildings/pipe_ring_SW.png
  artifactKey: Guid(07efb597f9977d14ebe0787312a11398) Importer(815301076,1909f56bfc062723c751e8b465ee728b)
Start importing Assets/Images/IsometricBuildings/pipe_ring_SW.png using Guid(07efb597f9977d14ebe0787312a11398) Importer(815301076,1909f56bfc062723c751e8b465ee728b)  -> (artifact id: '98930d0f891013b7517f6897c79575ee') in 0.012895 seconds
Number of updated asset objects reloaded before import = 0
Number of asset objects unloaded after import = 2
========================================================================
Received Import Request.
  Time since last request: 0.000017 seconds.
  path: Assets/Images/IsometricBuildings/pipe_ringHigh_NW.png
  artifactKey: Guid(82e7aabfc6da7e64f95402f55d9d6abc) Importer(815301076,1909f56bfc062723c751e8b465ee728b)
Start importing Assets/Images/IsometricBuildings/pipe_ringHigh_NW.png using Guid(82e7aabfc6da7e64f95402f55d9d6abc) Importer(815301076,1909f56bfc062723c751e8b465ee728b)  -> (artifact id: '1eb4072e6a70443eac71e7d7c975219a') in 0.013170 seconds
Number of updated asset objects reloaded before import = 0
Number of asset objects unloaded after import = 2
========================================================================
Received Import Request.
  Time since last request: 0.360308 seconds.
  path: Assets/Images/IsometricBuildings/pipe_ringHighEnd_SW.png
  artifactKey: Guid(a4eeef15827b1ed41aeada3ae4ecac7a) Importer(815301076,1909f56bfc062723c751e8b465ee728b)
Start importing Assets/Images/IsometricBuildings/pipe_ringHighEnd_SW.png using Guid(a4eeef15827b1ed41aeada3ae4ecac7a) Importer(815301076,1909f56bfc062723c751e8b465ee728b)  -> (artifact id: 'cc41d2f323b282128f189f38eea2e7a2') in 0.021713 seconds
Number of updated asset objects reloaded before import = 0
Number of asset objects unloaded after import = 2
========================================================================
Received Import Request.
  Time since last request: 0.000311 seconds.
  path: Assets/Images/IsometricBuildings/pipe_ringSupport_NW.png
  artifactKey: Guid(11ee3a8ca7416e0489c0638e00aeddfd) Importer(815301076,1909f56bfc062723c751e8b465ee728b)
Start importing Assets/Images/IsometricBuildings/pipe_ringSupport_NW.png using Guid(11ee3a8ca7416e0489c0638e00aeddfd) Importer(815301076,1909f56bfc062723c751e8b465ee728b)  -> (artifact id: '98f4799757c886e7a48450db21451ede') in 0.014337 seconds
Number of updated asset objects reloaded before import = 0
Number of asset objects unloaded after import = 2
========================================================================
Received Import Request.
  Time since last request: 0.000020 seconds.
  path: Assets/Images/IsometricBuildings/pipe_straight_SE.png
  artifactKey: Guid(793be90b9995688439f81f5a29e52fcc) Importer(815301076,1909f56bfc062723c751e8b465ee728b)
Start importing Assets/Images/IsometricBuildings/pipe_straight_SE.png using Guid(793be90b9995688439f81f5a29e52fcc) Importer(815301076,1909f56bfc062723c751e8b465ee728b)  -> (artifact id: '022d0a9a4f43deed8bc8d9f69bb5427d') in 0.014240 seconds
Number of updated asset objects reloaded before import = 0
Number of asset objects unloaded after import = 2
========================================================================
Received Import Request.
  Time since last request: 0.000017 seconds.
  path: Assets/Images/IsometricBuildings/pipe_supportLow_NE.png
  artifactKey: Guid(c33310e065db3994eb861a15a95dd0cb) Importer(815301076,1909f56bfc062723c751e8b465ee728b)
Start importing Assets/Images/IsometricBuildings/pipe_supportLow_NE.png using Guid(c33310e065db3994eb861a15a95dd0cb) Importer(815301076,1909f56bfc062723c751e8b465ee728b)  -> (artifact id: '240c36785f1dbe8866e5d116898cedc6') in 0.006621 seconds
Number of updated asset objects reloaded before import = 0
Number of asset objects unloaded after import = 2
========================================================================
Received Import Request.
  Time since last request: 0.000017 seconds.
  path: Assets/Images/IsometricBuildings/platform_corner_NE.png
  artifactKey: Guid(ef04ac6a20e466d4994052af44f7265b) Importer(815301076,1909f56bfc062723c751e8b465ee728b)
Start importing Assets/Images/IsometricBuildings/platform_corner_NE.png using Guid(ef04ac6a20e466d4994052af44f7265b) Importer(815301076,1909f56bfc062723c751e8b465ee728b)  -> (artifact id: '4f6bfcac33b0e6e18276fe39804d8dfd') in 0.012765 seconds
Number of updated asset objects reloaded before import = 0
Number of asset objects unloaded after import = 2
========================================================================
Received Import Request.
  Time since last request: 0.000020 seconds.
  path: Assets/Images/IsometricBuildings/platform_center_NW.png
  artifactKey: Guid(c8d7a538b29323040950ad2ca71d6231) Importer(815301076,1909f56bfc062723c751e8b465ee728b)
Start importing Assets/Images/IsometricBuildings/platform_center_NW.png using Guid(c8d7a538b29323040950ad2ca71d6231) Importer(815301076,1909f56bfc062723c751e8b465ee728b)  -> (artifact id: '282c37b257468d2a58845ba419e91907') in 0.009381 seconds
Number of updated asset objects reloaded before import = 0
Number of asset objects unloaded after import = 2
========================================================================
Received Import Request.
  Time since last request: 0.000033 seconds.
  path: Assets/Images/IsometricBuildings/platform_cornerOpen_SW.png
  artifactKey: Guid(229585a59c8f8d945914ef00fe4cc1d0) Importer(815301076,1909f56bfc062723c751e8b465ee728b)
Start importing Assets/Images/IsometricBuildings/platform_cornerOpen_SW.png using Guid(229585a59c8f8d945914ef00fe4cc1d0) Importer(815301076,1909f56bfc062723c751e8b465ee728b)  -> (artifact id: '1fd1472003ebd475d50b8c6025b3d223') in 0.014518 seconds
Number of updated asset objects reloaded before import = 0
Number of asset objects unloaded after import = 2
========================================================================
Received Import Request.
  Time since last request: 0.000018 seconds.
  path: Assets/Images/IsometricBuildings/platform_cornerRound_SE.png
  artifactKey: Guid(2f6bb6fb77c85b749ad556487b48ee31) Importer(815301076,1909f56bfc062723c751e8b465ee728b)
Start importing Assets/Images/IsometricBuildings/platform_cornerRound_SE.png using Guid(2f6bb6fb77c85b749ad556487b48ee31) Importer(815301076,1909f56bfc062723c751e8b465ee728b)  -> (artifact id: '6d55c235325eddf0dc777f060cdd83e3') in 0.013621 seconds
Number of updated asset objects reloaded before import = 0
Number of asset objects unloaded after import = 2
========================================================================
Received Import Request.
  Time since last request: 0.000018 seconds.
  path: Assets/Images/IsometricBuildings/pipe_supportLow_SW.png
  artifactKey: Guid(899e941f039881649af030ffd341f5c0) Importer(815301076,1909f56bfc062723c751e8b465ee728b)
Start importing Assets/Images/IsometricBuildings/pipe_supportLow_SW.png using Guid(899e941f039881649af030ffd341f5c0) Importer(815301076,1909f56bfc062723c751e8b465ee728b)  -> (artifact id: '089489d62e19cb90c5dc99a010e41fbc') in 0.007803 seconds
Number of updated asset objects reloaded before import = 0
Number of asset objects unloaded after import = 2
========================================================================
Received Import Request.
  Time since last request: 0.000019 seconds.
  path: Assets/Images/IsometricBuildings/platform_cornerOpen_NE.png
  artifactKey: Guid(b2a5791b2a7b8ee469477ec8c1cb2660) Importer(815301076,1909f56bfc062723c751e8b465ee728b)
Start importing Assets/Images/IsometricBuildings/platform_cornerOpen_NE.png using Guid(b2a5791b2a7b8ee469477ec8c1cb2660) Importer(815301076,1909f56bfc062723c751e8b465ee728b)  -> (artifact id: '1d0537ed6438d47e17022eaadf0c356a') in 0.015964 seconds
Number of updated asset objects reloaded before import = 0
Number of asset objects unloaded after import = 2
========================================================================
Received Import Request.
  Time since last request: 0.339642 seconds.
  path: Assets/Images/IsometricBuildings/platform_end_SW.png
  artifactKey: Guid(879775ffc531fec4e9e0354f2ff7b344) Importer(815301076,1909f56bfc062723c751e8b465ee728b)
Start importing Assets/Images/IsometricBuildings/platform_end_SW.png using Guid(879775ffc531fec4e9e0354f2ff7b344) Importer(815301076,1909f56bfc062723c751e8b465ee728b)  -> (artifact id: '30e731b4c6ecc2953345929caa5134aa') in 0.042552 seconds
Number of updated asset objects reloaded before import = 0
Number of asset objects unloaded after import = 2
========================================================================
Received Import Request.
  Time since last request: 0.000019 seconds.
  path: Assets/Images/IsometricBuildings/platform_large_NE.png
  artifactKey: Guid(1311ecd6570acb142b268a3d5e06ff32) Importer(815301076,1909f56bfc062723c751e8b465ee728b)
Start importing Assets/Images/IsometricBuildings/platform_large_NE.png using Guid(1311ecd6570acb142b268a3d5e06ff32) Importer(815301076,1909f56bfc062723c751e8b465ee728b)  -> (artifact id: '64a566297999fc2546d536e35852f82e') in 0.015847 seconds
Number of updated asset objects reloaded before import = 0
Number of asset objects unloaded after import = 2
========================================================================
Received Import Request.
  Time since last request: 0.000021 seconds.
  path: Assets/Images/IsometricBuildings/platform_long_NW.png
  artifactKey: Guid(f0c5030ce0c4d654a86489a76c958c9f) Importer(815301076,1909f56bfc062723c751e8b465ee728b)
Start importing Assets/Images/IsometricBuildings/platform_long_NW.png using Guid(f0c5030ce0c4d654a86489a76c958c9f) Importer(815301076,1909f56bfc062723c751e8b465ee728b)  -> (artifact id: '713ccea2cd4d553889173fffa143e8c8') in 0.023563 seconds
Number of updated asset objects reloaded before import = 0
Number of asset objects unloaded after import = 2
========================================================================
Received Import Request.
  Time since last request: 0.000022 seconds.
  path: Assets/Images/IsometricBuildings/platform_low_NW.png
  artifactKey: Guid(01c3a6b8bd1d4bf4588af334bc305c43) Importer(815301076,1909f56bfc062723c751e8b465ee728b)
Start importing Assets/Images/IsometricBuildings/platform_low_NW.png using Guid(01c3a6b8bd1d4bf4588af334bc305c43) Importer(815301076,1909f56bfc062723c751e8b465ee728b)  -> (artifact id: 'c399c4729be25cd2b20d776f31f7df47') in 0.014275 seconds
Number of updated asset objects reloaded before import = 0
Number of asset objects unloaded after import = 2
========================================================================
Received Import Request.
  Time since last request: 0.000026 seconds.
  path: Assets/Images/IsometricBuildings/platform_long_NE.png
  artifactKey: Guid(4e75ee17b7290a74e9c7bcf9c9d0a0f6) Importer(815301076,1909f56bfc062723c751e8b465ee728b)
Start importing Assets/Images/IsometricBuildings/platform_long_NE.png using Guid(4e75ee17b7290a74e9c7bcf9c9d0a0f6) Importer(815301076,1909f56bfc062723c751e8b465ee728b)  -> (artifact id: 'b4123105dd5a1635886e60bc40d5caf5') in 0.013380 seconds
Number of updated asset objects reloaded before import = 0
Number of asset objects unloaded after import = 2
========================================================================
Received Import Request.
  Time since last request: 0.724261 seconds.
  path: Assets/Images/IsometricBuildings/platform_small_SW.png
  artifactKey: Guid(c96d2b849ba824041823bc72a884255e) Importer(815301076,1909f56bfc062723c751e8b465ee728b)
Start importing Assets/Images/IsometricBuildings/platform_small_SW.png using Guid(c96d2b849ba824041823bc72a884255e) Importer(815301076,1909f56bfc062723c751e8b465ee728b)  -> (artifact id: '7ab87d960086cb6d4aa8be11fe7fe6a6') in 0.028254 seconds
Number of updated asset objects reloaded before import = 0
Number of asset objects unloaded after import = 2
========================================================================
Received Import Request.
  Time since last request: 0.000023 seconds.
  path: Assets/Images/IsometricBuildings/platform_smallDiagonal_SW.png
  artifactKey: Guid(9cde1d60b5a486445860ec71ea9ffa84) Importer(815301076,1909f56bfc062723c751e8b465ee728b)
Start importing Assets/Images/IsometricBuildings/platform_smallDiagonal_SW.png using Guid(9cde1d60b5a486445860ec71ea9ffa84) Importer(815301076,1909f56bfc062723c751e8b465ee728b)  -> (artifact id: '636d8aa8901794e3fb2a5725aede5b54') in 0.014617 seconds
Number of updated asset objects reloaded before import = 0
Number of asset objects unloaded after import = 2
========================================================================
Received Import Request.
  Time since last request: 0.000017 seconds.
  path: Assets/Images/IsometricBuildings/rail_corner_SW.png
  artifactKey: Guid(bfb92d92fa37864439d5e3b195d91617) Importer(815301076,1909f56bfc062723c751e8b465ee728b)
Start importing Assets/Images/IsometricBuildings/rail_corner_SW.png using Guid(bfb92d92fa37864439d5e3b195d91617) Importer(815301076,1909f56bfc062723c751e8b465ee728b)  -> (artifact id: '1c80a41bb647bf2159911ecf5c40ff75') in 0.023238 seconds
Number of updated asset objects reloaded before import = 0
Number of asset objects unloaded after import = 2
========================================================================
Received Import Request.
  Time since last request: 0.000020 seconds.
  path: Assets/Images/IsometricBuildings/platform_straight_SE.png
  artifactKey: Guid(a8abbbd5a7ed0bf41b429cc1d2ce15d8) Importer(815301076,1909f56bfc062723c751e8b465ee728b)
Start importing Assets/Images/IsometricBuildings/platform_straight_SE.png using Guid(a8abbbd5a7ed0bf41b429cc1d2ce15d8) Importer(815301076,1909f56bfc062723c751e8b465ee728b)  -> (artifact id: '09525b739b2ba7350cbad0144a1864c0') in 0.014854 seconds
Number of updated asset objects reloaded before import = 0
Number of asset objects unloaded after import = 2
========================================================================
Received Import Request.
  Time since last request: 0.000029 seconds.
  path: Assets/Images/IsometricBuildings/rail_end_NW.png
  artifactKey: Guid(ede3ff82fdffccb44959fe0555b6753a) Importer(815301076,1909f56bfc062723c751e8b465ee728b)
Start importing Assets/Images/IsometricBuildings/rail_end_NW.png using Guid(ede3ff82fdffccb44959fe0555b6753a) Importer(815301076,1909f56bfc062723c751e8b465ee728b)  -> (artifact id: 'bb93f87c0b3e8d746808ec9835a8a247') in 0.026384 seconds
Number of updated asset objects reloaded before import = 0
Number of asset objects unloaded after import = 2
========================================================================
Received Import Request.
  Time since last request: 0.000015 seconds.
  path: Assets/Images/IsometricBuildings/platform_straight_SW.png
  artifactKey: Guid(89387fec719b18944ac5a6c210e870c3) Importer(815301076,1909f56bfc062723c751e8b465ee728b)
Start importing Assets/Images/IsometricBuildings/platform_straight_SW.png using Guid(89387fec719b18944ac5a6c210e870c3) Importer(815301076,1909f56bfc062723c751e8b465ee728b)  -> (artifact id: '097822299c560d349348e86af10b83bf') in 0.014536 seconds
Number of updated asset objects reloaded before import = 0
Number of asset objects unloaded after import = 2
========================================================================
Received Import Request.
  Time since last request: 0.000018 seconds.
  path: Assets/Images/IsometricBuildings/rail_end_SW.png
  artifactKey: Guid(12a5875b57d29934a942d43f016f4311) Importer(815301076,1909f56bfc062723c751e8b465ee728b)
Start importing Assets/Images/IsometricBuildings/rail_end_SW.png using Guid(12a5875b57d29934a942d43f016f4311) Importer(815301076,1909f56bfc062723c751e8b465ee728b)  -> (artifact id: '10aa9499cea87201027fed03f5d8a046') in 0.027066 seconds
Number of updated asset objects reloaded before import = 0
Number of asset objects unloaded after import = 2
========================================================================
Received Import Request.
  Time since last request: 0.207448 seconds.
  path: Assets/Images/IsometricBuildings/rail_SW.png
  artifactKey: Guid(d0d3af4242030eb46b646da3c336345a) Importer(815301076,1909f56bfc062723c751e8b465ee728b)
Start importing Assets/Images/IsometricBuildings/rail_SW.png using Guid(d0d3af4242030eb46b646da3c336345a) Importer(815301076,1909f56bfc062723c751e8b465ee728b)  -> (artifact id: '5db2978a577d99154f7d85e3b1abb69e') in 0.030058 seconds
Number of updated asset objects reloaded before import = 0
Number of asset objects unloaded after import = 2
========================================================================
Received Import Request.
  Time since last request: 0.000210 seconds.
  path: Assets/Images/IsometricBuildings/rock_crystalsLargeA_NW.png
  artifactKey: Guid(45dc403b6b5e42c4ebcfefcce50a7542) Importer(815301076,1909f56bfc062723c751e8b465ee728b)
Start importing Assets/Images/IsometricBuildings/rock_crystalsLargeA_NW.png using Guid(45dc403b6b5e42c4ebcfefcce50a7542) Importer(815301076,1909f56bfc062723c751e8b465ee728b)  -> (artifact id: '158b4c6de3ad3b3798dce967cff7e6e6') in 0.014150 seconds
Number of updated asset objects reloaded before import = 0
Number of asset objects unloaded after import = 2
========================================================================
Received Import Request.
  Time since last request: 0.000018 seconds.
  path: Assets/Images/IsometricBuildings/rock_crystalsLargeB_SW.png
  artifactKey: Guid(a071ec60d02efcd47b6bbb8af3b494ee) Importer(815301076,1909f56bfc062723c751e8b465ee728b)
Start importing Assets/Images/IsometricBuildings/rock_crystalsLargeB_SW.png using Guid(a071ec60d02efcd47b6bbb8af3b494ee) Importer(815301076,1909f56bfc062723c751e8b465ee728b)  -> (artifact id: 'd326106fc70caabdd857d6d8b9bb5cd0') in 0.012257 seconds
Number of updated asset objects reloaded before import = 0
Number of asset objects unloaded after import = 2
========================================================================
Received Import Request.
  Time since last request: 0.000020 seconds.
  path: Assets/Images/IsometricBuildings/rock_crystalsLargeA_SE.png
  artifactKey: Guid(bd666e0ba1fc5664dac7eeadd18c0613) Importer(815301076,1909f56bfc062723c751e8b465ee728b)
Start importing Assets/Images/IsometricBuildings/rock_crystalsLargeA_SE.png using Guid(bd666e0ba1fc5664dac7eeadd18c0613) Importer(815301076,1909f56bfc062723c751e8b465ee728b)  -> (artifact id: 'fdf433aa8b1057d3d03ff8cc1a9e03b6') in 0.012364 seconds
Number of updated asset objects reloaded before import = 0
Number of asset objects unloaded after import = 2
========================================================================
Received Import Request.
  Time since last request: 0.275122 seconds.
  path: Assets/Images/IsometricBuildings/rock_largeA_SW.png
  artifactKey: Guid(0af8751863ab9dd40bad92ba00802238) Importer(815301076,1909f56bfc062723c751e8b465ee728b)
Start importing Assets/Images/IsometricBuildings/rock_largeA_SW.png using Guid(0af8751863ab9dd40bad92ba00802238) Importer(815301076,1909f56bfc062723c751e8b465ee728b)  -> (artifact id: 'ad287dcdfffb465f800d4bbaf0f6a065') in 0.027428 seconds
Number of updated asset objects reloaded before import = 0
Number of asset objects unloaded after import = 2
========================================================================
Received Import Request.
  Time since last request: 0.001409 seconds.
  path: Assets/Images/IsometricBuildings/rock_largeB_SE.png
  artifactKey: Guid(f6ee52ecabc7bf24d9ae5d7ed08675bf) Importer(815301076,1909f56bfc062723c751e8b465ee728b)
Start importing Assets/Images/IsometricBuildings/rock_largeB_SE.png using Guid(f6ee52ecabc7bf24d9ae5d7ed08675bf) Importer(815301076,1909f56bfc062723c751e8b465ee728b)  -> (artifact id: '0ca9cf478eb7c51e03bf390356ea6d9d') in 0.025146 seconds
Number of updated asset objects reloaded before import = 0
Number of asset objects unloaded after import = 2
========================================================================
Received Import Request.
  Time since last request: 0.000020 seconds.
  path: Assets/Images/IsometricBuildings/rocket_baseA_SE.png
  artifactKey: Guid(944ff8e4893f4c743bd466d130d6f858) Importer(815301076,1909f56bfc062723c751e8b465ee728b)
Start importing Assets/Images/IsometricBuildings/rocket_baseA_SE.png using Guid(944ff8e4893f4c743bd466d130d6f858) Importer(815301076,1909f56bfc062723c751e8b465ee728b)  -> (artifact id: '00d4fb03d2e20258ce39759d41aed43e') in 0.013239 seconds
Number of updated asset objects reloaded before import = 0
Number of asset objects unloaded after import = 2
========================================================================
Received Import Request.
  Time since last request: 0.000025 seconds.
  path: Assets/Images/IsometricBuildings/rocket_sidesB_NE.png
  artifactKey: Guid(4286be472f5c8074b9c8bbb18f86615b) Importer(815301076,1909f56bfc062723c751e8b465ee728b)
Start importing Assets/Images/IsometricBuildings/rocket_sidesB_NE.png using Guid(4286be472f5c8074b9c8bbb18f86615b) Importer(815301076,1909f56bfc062723c751e8b465ee728b)  -> (artifact id: '65bc4940a6db543e47c495e310dc7e1f') in 0.013805 seconds
Number of updated asset objects reloaded before import = 0
Number of asset objects unloaded after import = 2
========================================================================
Received Import Request.
  Time since last request: 0.000018 seconds.
  path: Assets/Images/IsometricBuildings/rocket_topA_NW.png
  artifactKey: Guid(7331cedf807c30847baf9c84ed3e4e9a) Importer(815301076,1909f56bfc062723c751e8b465ee728b)
Start importing Assets/Images/IsometricBuildings/rocket_topA_NW.png using Guid(7331cedf807c30847baf9c84ed3e4e9a) Importer(815301076,1909f56bfc062723c751e8b465ee728b)  -> (artifact id: 'ade018adf7c12bcc6db97dac328a051d') in 0.017930 seconds
Number of updated asset objects reloaded before import = 0
Number of asset objects unloaded after import = 2
========================================================================
Received Import Request.
  Time since last request: 0.000027 seconds.
  path: Assets/Images/IsometricBuildings/rocket_topB_NE.png
  artifactKey: Guid(6caef24e6fc0e6f4ba8f2b509f2404c9) Importer(815301076,1909f56bfc062723c751e8b465ee728b)
Start importing Assets/Images/IsometricBuildings/rocket_topB_NE.png using Guid(6caef24e6fc0e6f4ba8f2b509f2404c9) Importer(815301076,1909f56bfc062723c751e8b465ee728b)  -> (artifact id: '966ec86946504b2ad123e4fcbd8834f4') in 0.019599 seconds
Number of updated asset objects reloaded before import = 0
Number of asset objects unloaded after import = 2
========================================================================
Received Import Request.
  Time since last request: 0.000032 seconds.
  path: Assets/Images/IsometricBuildings/rocket_baseB_SE.png
  artifactKey: Guid(45f80bb48c178734c9fe1a93d5fa57a1) Importer(815301076,1909f56bfc062723c751e8b465ee728b)
Start importing Assets/Images/IsometricBuildings/rocket_baseB_SE.png using Guid(45f80bb48c178734c9fe1a93d5fa57a1) Importer(815301076,1909f56bfc062723c751e8b465ee728b)  -> (artifact id: 'a787b381893ffd1ec4c512d00dfab116') in 0.015856 seconds
Number of updated asset objects reloaded before import = 0
Number of asset objects unloaded after import = 2
========================================================================
Received Import Request.
  Time since last request: 0.000021 seconds.
  path: Assets/Images/IsometricBuildings/rocket_topA_SE.png
  artifactKey: Guid(7dde031d5c5da9a4aac8a44a90b39d7f) Importer(815301076,1909f56bfc062723c751e8b465ee728b)
Start importing Assets/Images/IsometricBuildings/rocket_topA_SE.png using Guid(7dde031d5c5da9a4aac8a44a90b39d7f) Importer(815301076,1909f56bfc062723c751e8b465ee728b)  -> (artifact id: '36d7673bfb0554ac11dbd5eada751c53') in 0.010325 seconds
Number of updated asset objects reloaded before import = 0
Number of asset objects unloaded after import = 2
========================================================================
Received Import Request.
  Time since last request: 0.000020 seconds.
  path: Assets/Images/IsometricBuildings/rocket_finsB_SE.png
  artifactKey: Guid(ab1f3f27143960b448e85243e87b9977) Importer(815301076,1909f56bfc062723c751e8b465ee728b)
Start importing Assets/Images/IsometricBuildings/rocket_finsB_SE.png using Guid(ab1f3f27143960b448e85243e87b9977) Importer(815301076,1909f56bfc062723c751e8b465ee728b)  -> (artifact id: '0dbf19c6bc97df4fa01e769269342eba') in 0.014163 seconds
Number of updated asset objects reloaded before import = 0
Number of asset objects unloaded after import = 2
========================================================================
Received Import Request.
  Time since last request: 0.000023 seconds.
  path: Assets/Images/IsometricBuildings/rock_NW.png
  artifactKey: Guid(eae0214c58ba2c54ea4a0bd2771558a4) Importer(815301076,1909f56bfc062723c751e8b465ee728b)
Start importing Assets/Images/IsometricBuildings/rock_NW.png using Guid(eae0214c58ba2c54ea4a0bd2771558a4) Importer(815301076,1909f56bfc062723c751e8b465ee728b)  -> (artifact id: '282e08ef35c3a795f0a72186f65add59') in 0.013682 seconds
Number of updated asset objects reloaded before import = 0
Number of asset objects unloaded after import = 2
========================================================================
Received Import Request.
  Time since last request: 0.000022 seconds.
  path: Assets/Images/IsometricBuildings/rocket_sidesB_SE.png
  artifactKey: Guid(652fca978f7934a48a229ba85f9e9910) Importer(815301076,1909f56bfc062723c751e8b465ee728b)
Start importing Assets/Images/IsometricBuildings/rocket_sidesB_SE.png using Guid(652fca978f7934a48a229ba85f9e9910) Importer(815301076,1909f56bfc062723c751e8b465ee728b)  -> (artifact id: 'aef6a879b570117da03260e4c6c74fae') in 0.013703 seconds
Number of updated asset objects reloaded before import = 0
Number of asset objects unloaded after import = 2
========================================================================
Received Import Request.
  Time since last request: 1.584888 seconds.
  path: Assets/Images/IsometricBuildings/rocket_topB_SW.png
  artifactKey: Guid(434d5f0fa1a4a9b49b1369d9abf67633) Importer(815301076,1909f56bfc062723c751e8b465ee728b)
Start importing Assets/Images/IsometricBuildings/rocket_topB_SW.png using Guid(434d5f0fa1a4a9b49b1369d9abf67633) Importer(815301076,1909f56bfc062723c751e8b465ee728b)  -> (artifact id: 'c048413bbc849915e3d408eb273d73fb') in 0.035315 seconds
Number of updated asset objects reloaded before import = 0
Number of asset objects unloaded after import = 2
========================================================================
Received Import Request.
  Time since last request: 0.000017 seconds.
  path: Assets/Images/IsometricBuildings/rocks_smallA_SW.png
  artifactKey: Guid(1ca2d4b9ed7b3614a816115d3fc595e9) Importer(815301076,1909f56bfc062723c751e8b465ee728b)
Start importing Assets/Images/IsometricBuildings/rocks_smallA_SW.png using Guid(1ca2d4b9ed7b3614a816115d3fc595e9) Importer(815301076,1909f56bfc062723c751e8b465ee728b)  -> (artifact id: '7ba0744eebedf8ef291945fb8f04ada0') in 0.018418 seconds
Number of updated asset objects reloaded before import = 0
Number of asset objects unloaded after import = 2
========================================================================
Received Import Request.
  Time since last request: 0.214112 seconds.
  path: Assets/Images/IsometricBuildings/rocks_smallB_SW.png
  artifactKey: Guid(ec2108311fb8e7144b7f6640564c13d4) Importer(815301076,1909f56bfc062723c751e8b465ee728b)
Start importing Assets/Images/IsometricBuildings/rocks_smallB_SW.png using Guid(ec2108311fb8e7144b7f6640564c13d4) Importer(815301076,1909f56bfc062723c751e8b465ee728b)  -> (artifact id: '88633d4b3b09834dd8f33acdb678ff6e') in 0.019579 seconds
Number of updated asset objects reloaded before import = 0
Number of asset objects unloaded after import = 2
========================================================================
Received Import Request.
  Time since last request: 0.000016 seconds.
  path: Assets/Images/IsometricBuildings/rover_SE.png
  artifactKey: Guid(2d97a59151031574b97a9cff7c303c5e) Importer(815301076,1909f56bfc062723c751e8b465ee728b)
Start importing Assets/Images/IsometricBuildings/rover_SE.png using Guid(2d97a59151031574b97a9cff7c303c5e) Importer(815301076,1909f56bfc062723c751e8b465ee728b)  -> (artifact id: '5d201a42a2b6b5a50b838da114e0a049') in 0.013364 seconds
Number of updated asset objects reloaded before import = 0
Number of asset objects unloaded after import = 2
========================================================================
Received Import Request.
  Time since last request: 0.019780 seconds.
  path: Assets/Images/IsometricBuildings/satelliteDish_detailed_SW.png
  artifactKey: Guid(c38665c42ff52ab459147f5eb9fc4e87) Importer(815301076,1909f56bfc062723c751e8b465ee728b)
Start importing Assets/Images/IsometricBuildings/satelliteDish_detailed_SW.png using Guid(c38665c42ff52ab459147f5eb9fc4e87) Importer(815301076,1909f56bfc062723c751e8b465ee728b)  -> (artifact id: '7ca08ed12de8cd5ae16e08163cd9043d') in 0.013561 seconds
Number of updated asset objects reloaded before import = 0
Number of asset objects unloaded after import = 2
========================================================================
Received Import Request.
  Time since last request: 0.000017 seconds.
  path: Assets/Images/IsometricBuildings/stairs_corner_SE.png
  artifactKey: Guid(4af3699ed6719304793e43eb744955e8) Importer(815301076,1909f56bfc062723c751e8b465ee728b)
Start importing Assets/Images/IsometricBuildings/stairs_corner_SE.png using Guid(4af3699ed6719304793e43eb744955e8) Importer(815301076,1909f56bfc062723c751e8b465ee728b)  -> (artifact id: '3897c73c368472073427f2b5c95d09ed') in 0.012472 seconds
Number of updated asset objects reloaded before import = 0
Number of asset objects unloaded after import = 2
========================================================================
Received Import Request.
  Time since last request: 0.000020 seconds.
  path: Assets/Images/IsometricBuildings/stairs_corner_SW.png
  artifactKey: Guid(c3b38f8bd9bb2864fad1c9b2379919de) Importer(815301076,1909f56bfc062723c751e8b465ee728b)
Start importing Assets/Images/IsometricBuildings/stairs_corner_SW.png using Guid(c3b38f8bd9bb2864fad1c9b2379919de) Importer(815301076,1909f56bfc062723c751e8b465ee728b)  -> (artifact id: '94909e42982876857704910c3d0253cd') in 0.013649 seconds
Number of updated asset objects reloaded before import = 0
Number of asset objects unloaded after import = 2
========================================================================
Received Import Request.
  Time since last request: 0.000019 seconds.
  path: Assets/Images/IsometricBuildings/stairs_corner_NE.png
  artifactKey: Guid(32e3cad73caf0e847a5f7553e599eb81) Importer(815301076,1909f56bfc062723c751e8b465ee728b)
Start importing Assets/Images/IsometricBuildings/stairs_corner_NE.png using Guid(32e3cad73caf0e847a5f7553e599eb81) Importer(815301076,1909f56bfc062723c751e8b465ee728b)  -> (artifact id: 'b5db9bc994be10d8e9339645479b55b6') in 0.013413 seconds
Number of updated asset objects reloaded before import = 0
Number of asset objects unloaded after import = 2
========================================================================
Received Import Request.
  Time since last request: 0.059263 seconds.
  path: Assets/Images/IsometricBuildings/stairs_short_NE.png
  artifactKey: Guid(de1b185f6accf0c44bb84ad3e3148688) Importer(815301076,1909f56bfc062723c751e8b465ee728b)
Start importing Assets/Images/IsometricBuildings/stairs_short_NE.png using Guid(de1b185f6accf0c44bb84ad3e3148688) Importer(815301076,1909f56bfc062723c751e8b465ee728b)  -> (artifact id: '29b67447344d6da873e8be3066c56921') in 0.012173 seconds
Number of updated asset objects reloaded before import = 0
Number of asset objects unloaded after import = 2
========================================================================
Received Import Request.
  Time since last request: 0.000025 seconds.
  path: Assets/Images/IsometricBuildings/structure_closed_NE.png
  artifactKey: Guid(a513fa9df398ee0458f8ed9d6f1f57cc) Importer(815301076,1909f56bfc062723c751e8b465ee728b)
Start importing Assets/Images/IsometricBuildings/structure_closed_NE.png using Guid(a513fa9df398ee0458f8ed9d6f1f57cc) Importer(815301076,1909f56bfc062723c751e8b465ee728b)  -> (artifact id: '87ca758efe745e2e89162d46a637bfb2') in 0.013256 seconds
Number of updated asset objects reloaded before import = 0
Number of asset objects unloaded after import = 2
========================================================================
Received Import Request.
  Time since last request: 0.275520 seconds.
  path: Assets/Images/IsometricBuildings/structure_closed_SW.png
  artifactKey: Guid(5bd83b584e9e51541baac97881e4ffc5) Importer(815301076,1909f56bfc062723c751e8b465ee728b)
Start importing Assets/Images/IsometricBuildings/structure_closed_SW.png using Guid(5bd83b584e9e51541baac97881e4ffc5) Importer(815301076,1909f56bfc062723c751e8b465ee728b)  -> (artifact id: '25a1f2519fd0a35959a074fbd11b5282') in 0.034049 seconds
Number of updated asset objects reloaded before import = 0
Number of asset objects unloaded after import = 2
========================================================================
Received Import Request.
  Time since last request: 0.000156 seconds.
  path: Assets/Images/IsometricBuildings/structure_diagonal_NW.png
  artifactKey: Guid(cea25cfb83ba18541ae359895694d5ba) Importer(815301076,1909f56bfc062723c751e8b465ee728b)
Start importing Assets/Images/IsometricBuildings/structure_diagonal_NW.png using Guid(cea25cfb83ba18541ae359895694d5ba) Importer(815301076,1909f56bfc062723c751e8b465ee728b)  -> (artifact id: '27688336c1a29a9db986fb326b5f07ca') in 0.013559 seconds
Number of updated asset objects reloaded before import = 0
Number of asset objects unloaded after import = 2
========================================================================
Received Import Request.
  Time since last request: 0.000022 seconds.
  path: Assets/Images/IsometricBuildings/structure_detailed_NW.png
  artifactKey: Guid(2217223416636ea48a2f9d0c3cb8c2dd) Importer(815301076,1909f56bfc062723c751e8b465ee728b)
Start importing Assets/Images/IsometricBuildings/structure_detailed_NW.png using Guid(2217223416636ea48a2f9d0c3cb8c2dd) Importer(815301076,1909f56bfc062723c751e8b465ee728b)  -> (artifact id: '88985ae3d356425f1107ed7e32db519c') in 0.012615 seconds
Number of updated asset objects reloaded before import = 0
Number of asset objects unloaded after import = 2
========================================================================
Received Import Request.
  Time since last request: 0.000024 seconds.
  path: Assets/Images/IsometricBuildings/structure_SW.png
  artifactKey: Guid(2d0eaffd2bebf0a478eaf94181c4f96c) Importer(815301076,1909f56bfc062723c751e8b465ee728b)
Start importing Assets/Images/IsometricBuildings/structure_SW.png using Guid(2d0eaffd2bebf0a478eaf94181c4f96c) Importer(815301076,1909f56bfc062723c751e8b465ee728b)  -> (artifact id: '1814ac02ae4f71ff0c9a949bda581330') in 0.012846 seconds
Number of updated asset objects reloaded before import = 0
Number of asset objects unloaded after import = 2
========================================================================
Received Import Request.
  Time since last request: 6.328740 seconds.
  path: Assets/Materials/Cartoon_Texture_Pack/SAND/SAND_Underwater/Textures/Sand_Underwater_Base_height.png
  artifactKey: Guid(59f512951b3979d498aea3bb88d8806d) Importer(815301076,1909f56bfc062723c751e8b465ee728b)
Start importing Assets/Materials/Cartoon_Texture_Pack/SAND/SAND_Underwater/Textures/Sand_Underwater_Base_height.png using Guid(59f512951b3979d498aea3bb88d8806d) Importer(815301076,1909f56bfc062723c751e8b465ee728b)  -> (artifact id: '6cac4b78fcfa343970f2f131174af93b') in 0.026767 seconds
Number of updated asset objects reloaded before import = 0
Number of asset objects unloaded after import = 2
========================================================================
Received Import Request.
  Time since last request: 0.000023 seconds.
  path: Assets/Materials/Cartoon_Texture_Pack/SAND/SAND_Underwater/Textures/Sand_Underwater_Shell_Metallic.png
  artifactKey: Guid(ae4347e98291d8448a3be47ec58facc6) Importer(815301076,1909f56bfc062723c751e8b465ee728b)
Start importing Assets/Materials/Cartoon_Texture_Pack/SAND/SAND_Underwater/Textures/Sand_Underwater_Shell_Metallic.png using Guid(ae4347e98291d8448a3be47ec58facc6) Importer(815301076,1909f56bfc062723c751e8b465ee728b)  -> (artifact id: '0778acf267f303576b9dd3e7f2c22599') in 0.029820 seconds
Number of updated asset objects reloaded before import = 0
Number of asset objects unloaded after import = 2
========================================================================
Received Import Request.
  Time since last request: 0.000030 seconds.
  path: Assets/Materials/Cartoon_Texture_Pack/SAND/SAND_Underwater/Textures/Sand_Underwater_Shell_height.png
  artifactKey: Guid(2b0c96194bde5894daac68b584fbed55) Importer(815301076,1909f56bfc062723c751e8b465ee728b)
Start importing Assets/Materials/Cartoon_Texture_Pack/SAND/SAND_Underwater/Textures/Sand_Underwater_Shell_height.png using Guid(2b0c96194bde5894daac68b584fbed55) Importer(815301076,1909f56bfc062723c751e8b465ee728b)  -> (artifact id: 'a270b6e7a3bd989d16de0e0ad0c3d800') in 0.098016 seconds
Number of updated asset objects reloaded before import = 0
Number of asset objects unloaded after import = 2
Editor requested this worker to shutdown with reason: Scaling down because of idle timeout
TcpMessagingSession - receive error: operation aborted. errorcode: 995, details: The I/O operation has been aborted because of either a thread exit or an application request.
AssetImportWorker is now disconnected from the server
Process exiting
Exiting without the bug reporter. Application will terminate with return code 0