Using pre-set license
Built from '2022.3/staging' branch; Version is '2022.3.27f1 (73effa14754f) revision 7598074'; Using compiler version '192829333'; Build Type 'Release'
OS: 'Windows 10  (10.0.19045) 64bit Professional' Language: 'en' Physical Memory: 32540 MB
BatchMode: 1, IsHumanControllingUs: 0, StartBugReporterOnCrash: 0, Is64bit: 1, IsPro: 1

COMMAND LINE ARGUMENTS:
D:\Apps\Unity\2022.3.27f1\Editor\Unity.exe
-adb2
-batchMode
-noUpm
-name
AssetImportWorker17
-projectPath
E:/Unity Projects/Aqua-Architect/Aqua Architect
-logFile
Logs/AssetImportWorker17.log
-srvPort
64972
Successfully changed project path to: E:/Unity Projects/Aqua-Architect/Aqua Architect
E:/Unity Projects/Aqua-Architect/Aqua Architect
[UnityMemory] Configuration Parameters - Can be set up in boot.config
    "memorysetup-bucket-allocator-granularity=16"
    "memorysetup-bucket-allocator-bucket-count=8"
    "memorysetup-bucket-allocator-block-size=33554432"
    "memorysetup-bucket-allocator-block-count=8"
    "memorysetup-main-allocator-block-size=16777216"
    "memorysetup-thread-allocator-block-size=16777216"
    "memorysetup-gfx-main-allocator-block-size=16777216"
    "memorysetup-gfx-thread-allocator-block-size=16777216"
    "memorysetup-cache-allocator-block-size=4194304"
    "memorysetup-typetree-allocator-block-size=2097152"
    "memorysetup-profiler-bucket-allocator-granularity=16"
    "memorysetup-profiler-bucket-allocator-bucket-count=8"
    "memorysetup-profiler-bucket-allocator-block-size=33554432"
    "memorysetup-profiler-bucket-allocator-block-count=8"
    "memorysetup-profiler-allocator-block-size=16777216"
    "memorysetup-profiler-editor-allocator-block-size=1048576"
    "memorysetup-temp-allocator-size-main=16777216"
    "memorysetup-job-temp-allocator-block-size=2097152"
    "memorysetup-job-temp-allocator-block-size-background=1048576"
    "memorysetup-job-temp-allocator-reduction-small-platforms=262144"
    "memorysetup-allocator-temp-initial-block-size-main=262144"
    "memorysetup-allocator-temp-initial-block-size-worker=262144"
    "memorysetup-temp-allocator-size-background-worker=32768"
    "memorysetup-temp-allocator-size-job-worker=262144"
    "memorysetup-temp-allocator-size-preload-manager=33554432"
    "memorysetup-temp-allocator-size-nav-mesh-worker=65536"
    "memorysetup-temp-allocator-size-audio-worker=65536"
    "memorysetup-temp-allocator-size-cloud-worker=32768"
    "memorysetup-temp-allocator-size-gi-baking-worker=262144"
    "memorysetup-temp-allocator-size-gfx=262144"
Player connection [46560] Host "[IP] 192.168.1.23 [Port] 0 [Flags] 2 [Guid] 1805709295 [EditorId] 1805709295 [Version] 1048832 [Id] WindowsEditor(7,DESKTOP-7K5S1Q8) [Debug] 1 [PackageName] WindowsEditor [ProjectName] Editor" joined multi-casting on [225.0.0.222:54997]...

Player connection [46560] Host "[IP] 192.168.1.23 [Port] 0 [Flags] 2 [Guid] 1805709295 [EditorId] 1805709295 [Version] 1048832 [Id] WindowsEditor(7,DESKTOP-7K5S1Q8) [Debug] 1 [PackageName] WindowsEditor [ProjectName] Editor" joined alternative multi-casting on [225.0.0.222:34997]...

[Physics::Module] Initialized MultithreadedJobDispatcher with 15 workers.
Refreshing native plugins compatible for Editor in 8.21 ms, found 3 plugins.
Preloading 0 native plugins for Editor in 0.00 ms.
Initialize engine version: 2022.3.27f1 (73effa14754f)
[Subsystems] Discovering subsystems at path D:/Apps/Unity/2022.3.27f1/Editor/Data/Resources/UnitySubsystems
[Subsystems] Discovering subsystems at path E:/Unity Projects/Aqua-Architect/Aqua Architect/Assets
GfxDevice: creating device client; threaded=0; jobified=0
Direct3D:
    Version:  Direct3D 11.0 [level 11.1]
    Renderer: NVIDIA GeForce RTX 3060 (ID=0x2487)
    Vendor:   NVIDIA
    VRAM:     12124 MB
    Driver:   31.0.15.3699
Initialize mono
Mono path[0] = 'D:/Apps/Unity/2022.3.27f1/Editor/Data/Managed'
Mono path[1] = 'D:/Apps/Unity/2022.3.27f1/Editor/Data/MonoBleedingEdge/lib/mono/unityjit-win32'
Mono config path = 'D:/Apps/Unity/2022.3.27f1/Editor/Data/MonoBleedingEdge/etc'
Using monoOptions --debugger-agent=transport=dt_socket,embedding=1,server=y,suspend=n,address=127.0.0.1:56556
Begin MonoManager ReloadAssembly
Registering precompiled unity dll's ...
Register platform support module: D:/Apps/Unity/2022.3.27f1/Editor/Data/PlaybackEngines/WebGLSupport/UnityEditor.WebGL.Extensions.dll
Register platform support module: D:/Apps/Unity/2022.3.27f1/Editor/Data/PlaybackEngines/MacStandaloneSupport/UnityEditor.OSXStandalone.Extensions.dll
Register platform support module: D:/Apps/Unity/2022.3.27f1/Editor/Data/PlaybackEngines/AndroidPlayer/UnityEditor.Android.Extensions.dll
Register platform support module: D:/Apps/Unity/2022.3.27f1/Editor/Data/PlaybackEngines/iOSSupport/UnityEditor.iOS.Extensions.dll
Register platform support module: D:/Apps/Unity/2022.3.27f1/Editor/Data/PlaybackEngines/WindowsStandaloneSupport/UnityEditor.WindowsStandalone.Extensions.dll
Register platform support module: D:/Apps/Unity/2022.3.27f1/Editor/Data/PlaybackEngines/MetroSupport/UnityEditor.UWP.Extensions.dll
Registered in 0.008491 seconds.
- Loaded All Assemblies, in  0.383 seconds
Native extension for UWP target not found
Native extension for WindowsStandalone target not found
[usbmuxd] Start listen thread
[usbmuxd] Listen thread started
Native extension for iOS target not found
Native extension for Android target not found
Android Extension - Scanning For ADB Devices 340 ms
Native extension for OSXStandalone target not found
Native extension for WebGL target not found
Mono: successfully reloaded assembly
- Finished resetting the current domain, in  0.767 seconds
Domain Reload Profiling: 1150ms
	BeginReloadAssembly (112ms)
		ExecutionOrderSort (0ms)
		DisableScriptedObjects (0ms)
		BackupInstance (0ms)
		ReleaseScriptingObjects (0ms)
		CreateAndSetChildDomain (1ms)
	RebuildCommonClasses (37ms)
	RebuildNativeTypeToScriptingClass (13ms)
	initialDomainReloadingComplete (60ms)
	LoadAllAssembliesAndSetupDomain (161ms)
		LoadAssemblies (113ms)
		RebuildTransferFunctionScriptingTraits (0ms)
		AnalyzeDomain (157ms)
			TypeCache.Refresh (155ms)
				TypeCache.ScanAssembly (141ms)
			ScanForSourceGeneratedMonoScriptInfo (0ms)
			ResolveRequiredComponents (1ms)
	FinalizeReload (768ms)
		ReleaseScriptCaches (0ms)
		RebuildScriptCaches (0ms)
		SetupLoadedEditorAssemblies (703ms)
			LogAssemblyErrors (0ms)
			InitializePlatformSupportModulesInManaged (494ms)
			SetLoadedEditorAssemblies (5ms)
			RefreshPlugins (0ms)
			BeforeProcessingInitializeOnLoad (2ms)
			ProcessInitializeOnLoadAttributes (137ms)
			ProcessInitializeOnLoadMethodAttributes (63ms)
			AfterProcessingInitializeOnLoad (0ms)
			EditorAssembliesLoaded (0ms)
		ExecutionOrderSort2 (0ms)
		AwakeInstancesAfterBackupRestoration (0ms)
========================================================================
Worker process is ready to serve import requests
Begin MonoManager ReloadAssembly
- Loaded All Assemblies, in  0.801 seconds
Refreshing native plugins compatible for Editor in 2.89 ms, found 3 plugins.
Native extension for UWP target not found
Native extension for WindowsStandalone target not found
Native extension for iOS target not found
Native extension for Android target not found
Native extension for OSXStandalone target not found
Native extension for WebGL target not found
Package Manager log level set to [2]
[Package Manager] Server::EnsureServerProcessIsRunning -- launch failed, reason: Unity was launched with the -noUpm command-line argument
[Package Manager] UpmClient::Send -- Unable to send message (not connected to UPM process).
[Package Manager] Cannot connect to Unity Package Manager local server
Mono: successfully reloaded assembly
- Finished resetting the current domain, in  0.839 seconds
Domain Reload Profiling: 1640ms
	BeginReloadAssembly (144ms)
		ExecutionOrderSort (0ms)
		DisableScriptedObjects (6ms)
		BackupInstance (0ms)
		ReleaseScriptingObjects (0ms)
		CreateAndSetChildDomain (21ms)
	RebuildCommonClasses (36ms)
	RebuildNativeTypeToScriptingClass (11ms)
	initialDomainReloadingComplete (40ms)
	LoadAllAssembliesAndSetupDomain (569ms)
		LoadAssemblies (350ms)
		RebuildTransferFunctionScriptingTraits (0ms)
		AnalyzeDomain (300ms)
			TypeCache.Refresh (255ms)
				TypeCache.ScanAssembly (235ms)
			ScanForSourceGeneratedMonoScriptInfo (30ms)
			ResolveRequiredComponents (13ms)
	FinalizeReload (840ms)
		ReleaseScriptCaches (0ms)
		RebuildScriptCaches (0ms)
		SetupLoadedEditorAssemblies (593ms)
			LogAssemblyErrors (0ms)
			InitializePlatformSupportModulesInManaged (47ms)
			SetLoadedEditorAssemblies (4ms)
			RefreshPlugins (0ms)
			BeforeProcessingInitializeOnLoad (76ms)
			ProcessInitializeOnLoadAttributes (378ms)
			ProcessInitializeOnLoadMethodAttributes (85ms)
			AfterProcessingInitializeOnLoad (3ms)
			EditorAssembliesLoaded (0ms)
		ExecutionOrderSort2 (0ms)
		AwakeInstancesAfterBackupRestoration (16ms)
Launched and connected shader compiler UnityShaderCompiler.exe after 0.05 seconds
Refreshing native plugins compatible for Editor in 3.69 ms, found 3 plugins.
Preloading 0 native plugins for Editor in 0.00 ms.
Unloading 5230 Unused Serialized files (Serialized files now loaded: 0)
Unloading 80 unused Assets / (422.3 KB). Loaded Objects now: 5691.
Memory consumption went from 213.2 MB to 212.7 MB.
Total: 6.655300 ms (FindLiveObjects: 1.327000 ms CreateObjectMapping: 0.453400 ms MarkObjects: 4.443200 ms  DeleteObjects: 0.429000 ms)

AssetImportParameters requested are different than current active one (requested -> active):
  custom:container-demuxer-ogg: 62fdf1f143b41e24485cea50d1cbac27 -> 
  custom:video-decoder-ogg-theora: a1e56fd34408186e4bbccfd4996cb3dc -> 
  custom:framework-win-MediaFoundation: 216162199b28c13a410421893ffa2e32 -> 
  custom:CustomObjectIndexerAttribute: 72b91833f83ae208fae7752999fa3104 -> 
  custom:container-demuxer-webm: 4f35f7cbe854078d1ac9338744f61a02 -> 
  custom:container-muxer-webm: aa71ff27fc2769a1b78a27578f13a17b -> 
  custom:video-decoder-webm-vp8: 9c59270c3fd7afecdb556c50c9e8de78 -> 
  custom:SearchIndexIgnoredProperties: e643bd26f0fe6173181afceb89e7c659 -> 
  custom:AudioImporter_EditorPlatform: d09bf68614088b80899f8185d706f6e7 -> 
  custom:video-encoder-webm-vp8: eb34c28f22e8b96e1ab97ce403110664 -> 
  custom:audio-decoder-ogg-vorbis: bf7c407c2cedff20999df2af8eb42d56 -> 
  custom:audio-encoder-webm-vorbis: bf7c407c2cedff20999df2af8eb42d56 -> 
========================================================================
Received Import Request.
  Time since last request: 362136.566357 seconds.
  path: Assets/Samples/Shader Graph
  artifactKey: Guid(8fc7c4316959509468dbcde320a29655) Importer(815301076,1909f56bfc062723c751e8b465ee728b)
Start importing Assets/Samples/Shader Graph using Guid(8fc7c4316959509468dbcde320a29655) Importer(815301076,1909f56bfc062723c751e8b465ee728b)  -> (artifact id: '034cf17bff6f5ad53f6340b0b86b6bcf') in 0.003556 seconds
Number of updated asset objects reloaded before import = 1
Number of asset objects unloaded after import = 0
========================================================================
Received Import Request.
  Time since last request: 0.468483 seconds.
  path: Assets/Samples/Shader Graph/14.0.11
  artifactKey: Guid(bbb380a9d5f68724bb03b5df93339fc6) Importer(815301076,1909f56bfc062723c751e8b465ee728b)
Start importing Assets/Samples/Shader Graph/14.0.11 using Guid(bbb380a9d5f68724bb03b5df93339fc6) Importer(815301076,1909f56bfc062723c751e8b465ee728b)  -> (artifact id: 'ccb841bb635f779128772a2f7657b870') in 0.000778 seconds
Number of updated asset objects reloaded before import = 0
Number of asset objects unloaded after import = 0
========================================================================
Received Import Request.
  Time since last request: 31.805817 seconds.
  path: Assets/Shaders/GridRectangularTransparent.shadergraph
  artifactKey: Guid(ccf071366335fd244ba161a74e49624e) Importer(815301076,1909f56bfc062723c751e8b465ee728b)
Start importing Assets/Shaders/GridRectangularTransparent.shadergraph using Guid(ccf071366335fd244ba161a74e49624e) Importer(815301076,1909f56bfc062723c751e8b465ee728b)  -> (artifact id: 'bd10c8dd08ea97582aa4e6c92a7bd41b') in 0.723290 seconds
Number of updated asset objects reloaded before import = 0
Number of asset objects unloaded after import = 6
========================================================================
Received Import Request.
  Time since last request: 0.226073 seconds.
  path: Assets/Shaders/GridRectangularTransparent.shadergraph
  artifactKey: Guid(ccf071366335fd244ba161a74e49624e) Importer(2089858483,0ecaa5967403d082aa24f35e1b516d23)
Start importing Assets/Shaders/GridRectangularTransparent.shadergraph using Guid(ccf071366335fd244ba161a74e49624e) Importer(2089858483,0ecaa5967403d082aa24f35e1b516d23)  -> (artifact id: '3767c7cd92afe31ae0e95aa6043b97bb') in 0.172519 seconds
Number of updated asset objects reloaded before import = 0
Number of asset objects unloaded after import = 3
========================================================================
Received Import Request.
  Time since last request: 139.354935 seconds.
  path: Assets/Shaders/GridRectangularTransparent.shadergraph
  artifactKey: Guid(ccf071366335fd244ba161a74e49624e) Importer(815301076,1909f56bfc062723c751e8b465ee728b)
Start importing Assets/Shaders/GridRectangularTransparent.shadergraph using Guid(ccf071366335fd244ba161a74e49624e) Importer(815301076,1909f56bfc062723c751e8b465ee728b)  -> (artifact id: '13176ba4eabb55f175cdd2baa06fdcb7') in 0.335183 seconds
Number of updated asset objects reloaded before import = 0
Number of asset objects unloaded after import = 4
========================================================================
Received Import Request.
  Time since last request: 0.611586 seconds.
  path: Assets/Shaders/GridRectangularTransparent.shadergraph
  artifactKey: Guid(ccf071366335fd244ba161a74e49624e) Importer(2089858483,0ecaa5967403d082aa24f35e1b516d23)
Start importing Assets/Shaders/GridRectangularTransparent.shadergraph using Guid(ccf071366335fd244ba161a74e49624e) Importer(2089858483,0ecaa5967403d082aa24f35e1b516d23)  -> (artifact id: '704afd77fc17c5346197bc36a2b12e41') in 0.019122 seconds
Number of updated asset objects reloaded before import = 0
Number of asset objects unloaded after import = 3
========================================================================
Received Import Request.
  Time since last request: 12.120190 seconds.
  path: Assets/Shaders/Shader Graphs_GridRectangularTransparent.mat
  artifactKey: Guid(5ae405d1707bfb043a548827bd4ccfd1) Importer(815301076,1909f56bfc062723c751e8b465ee728b)
Start importing Assets/Shaders/Shader Graphs_GridRectangularTransparent.mat using Guid(5ae405d1707bfb043a548827bd4ccfd1) Importer(815301076,1909f56bfc062723c751e8b465ee728b)  -> (artifact id: '6da6411522ed1a3a1e54344c74f59697') in 0.021571 seconds
Number of updated asset objects reloaded before import = 1
Number of asset objects unloaded after import = 2
========================================================================
Received Import Request.
  Time since last request: 0.963149 seconds.
  path: Assets/Shaders/Shader Graphs_GridRectangularTransparent.mat
  artifactKey: Guid(5ae405d1707bfb043a548827bd4ccfd1) Importer(2089858483,0ecaa5967403d082aa24f35e1b516d23)
Start importing Assets/Shaders/Shader Graphs_GridRectangularTransparent.mat using Guid(5ae405d1707bfb043a548827bd4ccfd1) Importer(2089858483,0ecaa5967403d082aa24f35e1b516d23)  -> (artifact id: '9a6875e87e312d240a4caa224101f4be') in 0.030602 seconds
Number of updated asset objects reloaded before import = 0
Number of asset objects unloaded after import = 2
========================================================================
Received Import Request.
  Time since last request: 0.000023 seconds.
  path: Assets/Materials/CellIndicatorMat.mat
  artifactKey: Guid(66a037e4737bd374c88e788da9cb04dd) Importer(2089858483,0ecaa5967403d082aa24f35e1b516d23)
Start importing Assets/Materials/CellIndicatorMat.mat using Guid(66a037e4737bd374c88e788da9cb04dd) Importer(2089858483,0ecaa5967403d082aa24f35e1b516d23)  -> (artifact id: '0f63d79470cb017d6e65d4951413dace') in 0.023055 seconds
Number of updated asset objects reloaded before import = 0
Number of asset objects unloaded after import = 1
========================================================================
Received Import Request.
  Time since last request: 0.000026 seconds.
  path: Assets/Materials/Blue.mat
  artifactKey: Guid(b9069ce4f9259df4f86bc3ba83951c42) Importer(2089858483,0ecaa5967403d082aa24f35e1b516d23)
Start importing Assets/Materials/Blue.mat using Guid(b9069ce4f9259df4f86bc3ba83951c42) Importer(2089858483,0ecaa5967403d082aa24f35e1b516d23)  -> (artifact id: 'f11ad02e9d0975edcfafb3db8c4ad047') in 0.015310 seconds
Number of updated asset objects reloaded before import = 0
Number of asset objects unloaded after import = 1
========================================================================
Received Import Request.
  Time since last request: 0.000022 seconds.
  path: Assets/Cartoon_Texture_Pack/SAND/SAND_Underwater/Materials/Sand_Underwater_Base.mat
  artifactKey: Guid(e55445e0da1f0a24ab59dba263813e61) Importer(2089858483,0ecaa5967403d082aa24f35e1b516d23)
Start importing Assets/Cartoon_Texture_Pack/SAND/SAND_Underwater/Materials/Sand_Underwater_Base.mat using Guid(e55445e0da1f0a24ab59dba263813e61) Importer(2089858483,0ecaa5967403d082aa24f35e1b516d23)  -> (artifact id: 'b4fea66f6a0a903fe7ff30dbd2d74f76') in 0.038669 seconds
Number of updated asset objects reloaded before import = 0
Number of asset objects unloaded after import = 6
========================================================================
Received Import Request.
  Time since last request: 0.000023 seconds.
  path: Assets/Materials/Red.mat
  artifactKey: Guid(543807e3a3d84bd449088ac59d05b8ff) Importer(2089858483,0ecaa5967403d082aa24f35e1b516d23)
Start importing Assets/Materials/Red.mat using Guid(543807e3a3d84bd449088ac59d05b8ff) Importer(2089858483,0ecaa5967403d082aa24f35e1b516d23)  -> (artifact id: '2343baab33507f89f5d6b60b7a6e5676') in 0.011620 seconds
Number of updated asset objects reloaded before import = 0
Number of asset objects unloaded after import = 1
Editor requested this worker to shutdown with reason: Scaling down because of idle timeout
TcpMessagingSession - receive error: operation aborted. errorcode: 995, details: The I/O operation has been aborted because of either a thread exit or an application request.
AssetImportWorker is now disconnected from the server
Process exiting
Exiting without the bug reporter. Application will terminate with return code 0