Using pre-set license
Built from '2022.3/staging' branch; Version is '2022.3.27f1 (73effa14754f) revision 7598074'; Using compiler version '192829333'; Build Type 'Release'
OS: 'Windows 10  (10.0.19045) 64bit Professional' Language: 'en' Physical Memory: 32540 MB
BatchMode: 1, IsHumanControllingUs: 0, StartBugReporterOnCrash: 0, Is64bit: 1, IsPro: 1

COMMAND LINE ARGUMENTS:
D:\Apps\Unity\2022.3.27f1\Editor\Unity.exe
-adb2
-batchMode
-noUpm
-name
AssetImportWorker0
-projectPath
E:/Unity Projects/Aqua-Architect/Aqua Architect
-logFile
Logs/AssetImportWorker0.log
-srvPort
50088
Successfully changed project path to: E:/Unity Projects/Aqua-Architect/Aqua Architect
E:/Unity Projects/Aqua-Architect/Aqua Architect
[UnityMemory] Configuration Parameters - Can be set up in boot.config
    "memorysetup-bucket-allocator-granularity=16"
    "memorysetup-bucket-allocator-bucket-count=8"
    "memorysetup-bucket-allocator-block-size=33554432"
    "memorysetup-bucket-allocator-block-count=8"
    "memorysetup-main-allocator-block-size=16777216"
    "memorysetup-thread-allocator-block-size=16777216"
    "memorysetup-gfx-main-allocator-block-size=16777216"
    "memorysetup-gfx-thread-allocator-block-size=16777216"
    "memorysetup-cache-allocator-block-size=4194304"
    "memorysetup-typetree-allocator-block-size=2097152"
    "memorysetup-profiler-bucket-allocator-granularity=16"
    "memorysetup-profiler-bucket-allocator-bucket-count=8"
    "memorysetup-profiler-bucket-allocator-block-size=33554432"
    "memorysetup-profiler-bucket-allocator-block-count=8"
    "memorysetup-profiler-allocator-block-size=16777216"
    "memorysetup-profiler-editor-allocator-block-size=1048576"
    "memorysetup-temp-allocator-size-main=16777216"
    "memorysetup-job-temp-allocator-block-size=2097152"
    "memorysetup-job-temp-allocator-block-size-background=1048576"
    "memorysetup-job-temp-allocator-reduction-small-platforms=262144"
    "memorysetup-allocator-temp-initial-block-size-main=262144"
    "memorysetup-allocator-temp-initial-block-size-worker=262144"
    "memorysetup-temp-allocator-size-background-worker=32768"
    "memorysetup-temp-allocator-size-job-worker=262144"
    "memorysetup-temp-allocator-size-preload-manager=33554432"
    "memorysetup-temp-allocator-size-nav-mesh-worker=65536"
    "memorysetup-temp-allocator-size-audio-worker=65536"
    "memorysetup-temp-allocator-size-cloud-worker=32768"
    "memorysetup-temp-allocator-size-gi-baking-worker=262144"
    "memorysetup-temp-allocator-size-gfx=262144"
Player connection [42168] Host "[IP] 192.168.1.23 [Port] 0 [Flags] 2 [Guid] 778708467 [EditorId] 778708467 [Version] 1048832 [Id] WindowsEditor(7,DESKTOP-7K5S1Q8) [Debug] 1 [PackageName] WindowsEditor [ProjectName] Editor" joined multi-casting on [225.0.0.222:54997]...

Player connection [42168] Host "[IP] 192.168.1.23 [Port] 0 [Flags] 2 [Guid] 778708467 [EditorId] 778708467 [Version] 1048832 [Id] WindowsEditor(7,DESKTOP-7K5S1Q8) [Debug] 1 [PackageName] WindowsEditor [ProjectName] Editor" joined alternative multi-casting on [225.0.0.222:34997]...

[Physics::Module] Initialized MultithreadedJobDispatcher with 15 workers.
Refreshing native plugins compatible for Editor in 8.52 ms, found 3 plugins.
Preloading 0 native plugins for Editor in 0.00 ms.
Initialize engine version: 2022.3.27f1 (73effa14754f)
[Subsystems] Discovering subsystems at path D:/Apps/Unity/2022.3.27f1/Editor/Data/Resources/UnitySubsystems
[Subsystems] Discovering subsystems at path E:/Unity Projects/Aqua-Architect/Aqua Architect/Assets
GfxDevice: creating device client; threaded=0; jobified=0
Direct3D:
    Version:  Direct3D 11.0 [level 11.1]
    Renderer: NVIDIA GeForce RTX 3060 (ID=0x2487)
    Vendor:   NVIDIA
    VRAM:     12124 MB
    Driver:   31.0.15.3699
Initialize mono
Mono path[0] = 'D:/Apps/Unity/2022.3.27f1/Editor/Data/Managed'
Mono path[1] = 'D:/Apps/Unity/2022.3.27f1/Editor/Data/MonoBleedingEdge/lib/mono/unityjit-win32'
Mono config path = 'D:/Apps/Unity/2022.3.27f1/Editor/Data/MonoBleedingEdge/etc'
Using monoOptions --debugger-agent=transport=dt_socket,embedding=1,server=y,suspend=n,address=127.0.0.1:56940
Begin MonoManager ReloadAssembly
Registering precompiled unity dll's ...
Register platform support module: D:/Apps/Unity/2022.3.27f1/Editor/Data/PlaybackEngines/WebGLSupport/UnityEditor.WebGL.Extensions.dll
Register platform support module: D:/Apps/Unity/2022.3.27f1/Editor/Data/PlaybackEngines/MacStandaloneSupport/UnityEditor.OSXStandalone.Extensions.dll
Register platform support module: D:/Apps/Unity/2022.3.27f1/Editor/Data/PlaybackEngines/AndroidPlayer/UnityEditor.Android.Extensions.dll
Register platform support module: D:/Apps/Unity/2022.3.27f1/Editor/Data/PlaybackEngines/iOSSupport/UnityEditor.iOS.Extensions.dll
Register platform support module: D:/Apps/Unity/2022.3.27f1/Editor/Data/PlaybackEngines/WindowsStandaloneSupport/UnityEditor.WindowsStandalone.Extensions.dll
Register platform support module: D:/Apps/Unity/2022.3.27f1/Editor/Data/PlaybackEngines/MetroSupport/UnityEditor.UWP.Extensions.dll
Registered in 0.010629 seconds.
- Loaded All Assemblies, in  0.400 seconds
Native extension for UWP target not found
Native extension for WindowsStandalone target not found
[usbmuxd] Start listen thread
[usbmuxd] Listen thread started
Native extension for iOS target not found
Native extension for Android target not found
Android Extension - Scanning For ADB Devices 352 ms
Native extension for OSXStandalone target not found
Native extension for WebGL target not found
Mono: successfully reloaded assembly
- Finished resetting the current domain, in  0.780 seconds
Domain Reload Profiling: 1179ms
	BeginReloadAssembly (113ms)
		ExecutionOrderSort (0ms)
		DisableScriptedObjects (0ms)
		BackupInstance (0ms)
		ReleaseScriptingObjects (0ms)
		CreateAndSetChildDomain (1ms)
	RebuildCommonClasses (37ms)
	RebuildNativeTypeToScriptingClass (12ms)
	initialDomainReloadingComplete (66ms)
	LoadAllAssembliesAndSetupDomain (171ms)
		LoadAssemblies (114ms)
		RebuildTransferFunctionScriptingTraits (0ms)
		AnalyzeDomain (167ms)
			TypeCache.Refresh (165ms)
				TypeCache.ScanAssembly (150ms)
			ScanForSourceGeneratedMonoScriptInfo (0ms)
			ResolveRequiredComponents (1ms)
	FinalizeReload (780ms)
		ReleaseScriptCaches (0ms)
		RebuildScriptCaches (0ms)
		SetupLoadedEditorAssemblies (710ms)
			LogAssemblyErrors (0ms)
			InitializePlatformSupportModulesInManaged (510ms)
			SetLoadedEditorAssemblies (5ms)
			RefreshPlugins (0ms)
			BeforeProcessingInitializeOnLoad (3ms)
			ProcessInitializeOnLoadAttributes (130ms)
			ProcessInitializeOnLoadMethodAttributes (62ms)
			AfterProcessingInitializeOnLoad (0ms)
			EditorAssembliesLoaded (0ms)
		ExecutionOrderSort2 (0ms)
		AwakeInstancesAfterBackupRestoration (0ms)
========================================================================
Worker process is ready to serve import requests
Begin MonoManager ReloadAssembly
- Loaded All Assemblies, in  0.771 seconds
Refreshing native plugins compatible for Editor in 3.25 ms, found 3 plugins.
Native extension for UWP target not found
Native extension for WindowsStandalone target not found
Native extension for iOS target not found
Native extension for Android target not found
Native extension for OSXStandalone target not found
Native extension for WebGL target not found
Package Manager log level set to [2]
[Package Manager] Server::EnsureServerProcessIsRunning -- launch failed, reason: Unity was launched with the -noUpm command-line argument
[Package Manager] UpmClient::Send -- Unable to send message (not connected to UPM process).
[Package Manager] Cannot connect to Unity Package Manager local server
Mono: successfully reloaded assembly
- Finished resetting the current domain, in  0.786 seconds
Domain Reload Profiling: 1557ms
	BeginReloadAssembly (152ms)
		ExecutionOrderSort (0ms)
		DisableScriptedObjects (6ms)
		BackupInstance (0ms)
		ReleaseScriptingObjects (0ms)
		CreateAndSetChildDomain (23ms)
	RebuildCommonClasses (36ms)
	RebuildNativeTypeToScriptingClass (12ms)
	initialDomainReloadingComplete (42ms)
	LoadAllAssembliesAndSetupDomain (529ms)
		LoadAssemblies (345ms)
		RebuildTransferFunctionScriptingTraits (0ms)
		AnalyzeDomain (271ms)
			TypeCache.Refresh (229ms)
				TypeCache.ScanAssembly (209ms)
			ScanForSourceGeneratedMonoScriptInfo (27ms)
			ResolveRequiredComponents (13ms)
	FinalizeReload (787ms)
		ReleaseScriptCaches (0ms)
		RebuildScriptCaches (0ms)
		SetupLoadedEditorAssemblies (573ms)
			LogAssemblyErrors (0ms)
			InitializePlatformSupportModulesInManaged (43ms)
			SetLoadedEditorAssemblies (4ms)
			RefreshPlugins (0ms)
			BeforeProcessingInitializeOnLoad (76ms)
			ProcessInitializeOnLoadAttributes (365ms)
			ProcessInitializeOnLoadMethodAttributes (81ms)
			AfterProcessingInitializeOnLoad (3ms)
			EditorAssembliesLoaded (0ms)
		ExecutionOrderSort2 (0ms)
		AwakeInstancesAfterBackupRestoration (16ms)
Launched and connected shader compiler UnityShaderCompiler.exe after 0.04 seconds
Refreshing native plugins compatible for Editor in 3.14 ms, found 3 plugins.
Preloading 0 native plugins for Editor in 0.00 ms.
Unloading 5232 Unused Serialized files (Serialized files now loaded: 0)
Unloading 80 unused Assets / (422.6 KB). Loaded Objects now: 5693.
Memory consumption went from 213.5 MB to 213.0 MB.
Total: 4.698600 ms (FindLiveObjects: 0.984100 ms CreateObjectMapping: 0.284700 ms MarkObjects: 3.162600 ms  DeleteObjects: 0.265500 ms)

AssetImportParameters requested are different than current active one (requested -> active):
  custom:container-demuxer-ogg: 62fdf1f143b41e24485cea50d1cbac27 -> 
  custom:video-decoder-ogg-theora: a1e56fd34408186e4bbccfd4996cb3dc -> 
  custom:framework-win-MediaFoundation: 216162199b28c13a410421893ffa2e32 -> 
  custom:CustomObjectIndexerAttribute: 72b91833f83ae208fae7752999fa3104 -> 
  custom:container-demuxer-webm: 4f35f7cbe854078d1ac9338744f61a02 -> 
  custom:container-muxer-webm: aa71ff27fc2769a1b78a27578f13a17b -> 
  custom:video-decoder-webm-vp8: 9c59270c3fd7afecdb556c50c9e8de78 -> 
  custom:SearchIndexIgnoredProperties: e643bd26f0fe6173181afceb89e7c659 -> 
  custom:AudioImporter_EditorPlatform: d09bf68614088b80899f8185d706f6e7 -> 
  custom:video-encoder-webm-vp8: eb34c28f22e8b96e1ab97ce403110664 -> 
  custom:audio-decoder-ogg-vorbis: bf7c407c2cedff20999df2af8eb42d56 -> 
  custom:audio-encoder-webm-vorbis: bf7c407c2cedff20999df2af8eb42d56 -> 
========================================================================
Received Import Request.
  Time since last request: 400936.029896 seconds.
  path: Assets/UniversalRenderPipelineGlobalSettings.asset
  artifactKey: Guid(602a8414deb16e04f9fa07733b915e55) Importer(815301076,1909f56bfc062723c751e8b465ee728b)
Start importing Assets/UniversalRenderPipelineGlobalSettings.asset using Guid(602a8414deb16e04f9fa07733b915e55) Importer(815301076,1909f56bfc062723c751e8b465ee728b)  -> (artifact id: 'a397a67face3f35ff71148c9ebcd02da') in 0.019663 seconds
Number of updated asset objects reloaded before import = 0
Number of asset objects unloaded after import = 1
========================================================================
Received Import Request.
  Time since last request: 2.524691 seconds.
  path: Assets/Cartoon_Texture_Pack
  artifactKey: Guid(e2c79826aff55054eab1f6167608d443) Importer(815301076,1909f56bfc062723c751e8b465ee728b)
Start importing Assets/Cartoon_Texture_Pack using Guid(e2c79826aff55054eab1f6167608d443) Importer(815301076,1909f56bfc062723c751e8b465ee728b)  -> (artifact id: '01e3315982a887da892fae816b5c638d') in 0.000551 seconds
Number of updated asset objects reloaded before import = 0
Number of asset objects unloaded after import = 0
========================================================================
Received Import Request.
  Time since last request: 2.391232 seconds.
  path: Assets/Samples
  artifactKey: Guid(f261da0643ca1cb4cb566a4a9235e801) Importer(815301076,1909f56bfc062723c751e8b465ee728b)
Start importing Assets/Samples using Guid(f261da0643ca1cb4cb566a4a9235e801) Importer(815301076,1909f56bfc062723c751e8b465ee728b)  -> (artifact id: '69acd2bea2630ba3e04bf4ad720e80e4') in 0.000533 seconds
Number of updated asset objects reloaded before import = 0
Number of asset objects unloaded after import = 0
========================================================================
Received Import Request.
  Time since last request: 9.313149 seconds.
  path: Assets/Models
  artifactKey: Guid(537859c262e1efe469af0cf3d06459d8) Importer(815301076,1909f56bfc062723c751e8b465ee728b)
Start importing Assets/Models using Guid(537859c262e1efe469af0cf3d06459d8) Importer(815301076,1909f56bfc062723c751e8b465ee728b)  -> (artifact id: 'b04ed8f42e81a4ec7f520774d8ade909') in 0.000592 seconds
Number of updated asset objects reloaded before import = 0
Number of asset objects unloaded after import = 0
========================================================================
Received Import Request.
  Time since last request: 16.766759 seconds.
  path: Assets/Models/FBX format
  artifactKey: Guid(d965b7f889b8dae46957efae6e685f1c) Importer(815301076,1909f56bfc062723c751e8b465ee728b)
Start importing Assets/Models/FBX format using Guid(d965b7f889b8dae46957efae6e685f1c) Importer(815301076,1909f56bfc062723c751e8b465ee728b)  -> (artifact id: '9d56b662e4cc5be549f31a53b1723e4d') in 0.000542 seconds
Number of updated asset objects reloaded before import = 0
Number of asset objects unloaded after import = 0
========================================================================
Received Import Request.
  Time since last request: 3.793008 seconds.
  path: Assets/Models/Space kit
  artifactKey: Guid(d965b7f889b8dae46957efae6e685f1c) Importer(815301076,1909f56bfc062723c751e8b465ee728b)
Start importing Assets/Models/Space kit using Guid(d965b7f889b8dae46957efae6e685f1c) Importer(815301076,1909f56bfc062723c751e8b465ee728b)  -> (artifact id: '100b3160381197db7730c9519c471a30') in 0.000492 seconds
Number of updated asset objects reloaded before import = 0
Number of asset objects unloaded after import = 0
========================================================================
Received Import Request.
  Time since last request: 0.745233 seconds.
  path: Assets/Models/Space kit/alien.fbx
  artifactKey: Guid(5961ba1e64100ab4c94c0cdf004f4f66) Importer(815301076,1909f56bfc062723c751e8b465ee728b)
Start importing Assets/Models/Space kit/alien.fbx using Guid(5961ba1e64100ab4c94c0cdf004f4f66) Importer(815301076,1909f56bfc062723c751e8b465ee728b)  -> (artifact id: 'db877b9b8a8a998a57145df93edc3658') in 0.572066 seconds
Number of updated asset objects reloaded before import = 0
Number of asset objects unloaded after import = 41
========================================================================
Received Import Request.
  Time since last request: 0.000025 seconds.
  path: Assets/Models/Space kit/platform_corner.fbx
  artifactKey: Guid(7063faac0a563f2478fa3c667ee7ed0b) Importer(815301076,1909f56bfc062723c751e8b465ee728b)
Start importing Assets/Models/Space kit/platform_corner.fbx using Guid(7063faac0a563f2478fa3c667ee7ed0b) Importer(815301076,1909f56bfc062723c751e8b465ee728b)  -> (artifact id: '40cea78ee13af9bda91bae15922d0402') in 0.042193 seconds
Number of updated asset objects reloaded before import = 0
Number of asset objects unloaded after import = 11
========================================================================
Received Import Request.
  Time since last request: 0.000041 seconds.
  path: Assets/Models/Space kit/pipe_straight.fbx
  artifactKey: Guid(4203d1a1ca485524f83bedcb8b4bd47c) Importer(815301076,1909f56bfc062723c751e8b465ee728b)
Start importing Assets/Models/Space kit/pipe_straight.fbx using Guid(4203d1a1ca485524f83bedcb8b4bd47c) Importer(815301076,1909f56bfc062723c751e8b465ee728b)  -> (artifact id: '0baa26c2a733e71f4df8f7d4bcdaddc0') in 0.038280 seconds
Number of updated asset objects reloaded before import = 0
Number of asset objects unloaded after import = 11
========================================================================
Received Import Request.
  Time since last request: 0.000025 seconds.
  path: Assets/Models/Space kit/craft_speederC.fbx
  artifactKey: Guid(50a5213af0529bb439e7dc371965e32a) Importer(815301076,1909f56bfc062723c751e8b465ee728b)
Start importing Assets/Models/Space kit/craft_speederC.fbx using Guid(50a5213af0529bb439e7dc371965e32a) Importer(815301076,1909f56bfc062723c751e8b465ee728b)  -> (artifact id: '5e0b6d74a4684e8a23cad38d5ca7642c') in 0.041758 seconds
Number of updated asset objects reloaded before import = 0
Number of asset objects unloaded after import = 12
========================================================================
Received Import Request.
  Time since last request: 0.000026 seconds.
  path: Assets/Models/Space kit/machine_barrelLarge.fbx
  artifactKey: Guid(02e7e289f82ff4e499eccb12d64f2112) Importer(815301076,1909f56bfc062723c751e8b465ee728b)
Start importing Assets/Models/Space kit/machine_barrelLarge.fbx using Guid(02e7e289f82ff4e499eccb12d64f2112) Importer(815301076,1909f56bfc062723c751e8b465ee728b)  -> (artifact id: '0c8f8d8ecd477f5defe9e816211d5d3a') in 0.044755 seconds
Number of updated asset objects reloaded before import = 0
Number of asset objects unloaded after import = 12
========================================================================
Received Import Request.
  Time since last request: 0.000027 seconds.
  path: Assets/Models/Space kit/platform_cornerRound.fbx
  artifactKey: Guid(ab7ebc96fc3f669478f3dd6a1887df93) Importer(815301076,1909f56bfc062723c751e8b465ee728b)
Start importing Assets/Models/Space kit/platform_cornerRound.fbx using Guid(ab7ebc96fc3f669478f3dd6a1887df93) Importer(815301076,1909f56bfc062723c751e8b465ee728b)  -> (artifact id: '5c15fc6b2b0d7ca7150760a23ba491f6') in 0.037545 seconds
Number of updated asset objects reloaded before import = 0
Number of asset objects unloaded after import = 11
========================================================================
Received Import Request.
  Time since last request: 0.000022 seconds.
  path: Assets/Models/Space kit/corridor_roof.fbx
  artifactKey: Guid(3e416e37265a2fc4aa6e3810a04980c2) Importer(815301076,1909f56bfc062723c751e8b465ee728b)
Start importing Assets/Models/Space kit/corridor_roof.fbx using Guid(3e416e37265a2fc4aa6e3810a04980c2) Importer(815301076,1909f56bfc062723c751e8b465ee728b)  -> (artifact id: '62132ea09954f3e7c3a6da1d1254de4d') in 0.034727 seconds
Number of updated asset objects reloaded before import = 0
Number of asset objects unloaded after import = 10
========================================================================
Received Import Request.
  Time since last request: 0.000044 seconds.
  path: Assets/Models/Space kit/platform_low.fbx
  artifactKey: Guid(657df483056c9204e90209722aa12258) Importer(815301076,1909f56bfc062723c751e8b465ee728b)
Start importing Assets/Models/Space kit/platform_low.fbx using Guid(657df483056c9204e90209722aa12258) Importer(815301076,1909f56bfc062723c751e8b465ee728b)  -> (artifact id: 'f87c19aa47a160065a775d8f7f47c8b9') in 0.037963 seconds
Number of updated asset objects reloaded before import = 0
Number of asset objects unloaded after import = 11
========================================================================
Received Import Request.
  Time since last request: 0.000045 seconds.
  path: Assets/Models/Space kit/craft_miner.fbx
  artifactKey: Guid(4591842c97f8bb241a280b2e7f32bbd1) Importer(815301076,1909f56bfc062723c751e8b465ee728b)
Start importing Assets/Models/Space kit/craft_miner.fbx using Guid(4591842c97f8bb241a280b2e7f32bbd1) Importer(815301076,1909f56bfc062723c751e8b465ee728b)  -> (artifact id: '69131c9f358669f0448029ed066508c9') in 0.043348 seconds
Number of updated asset objects reloaded before import = 0
Number of asset objects unloaded after import = 12
========================================================================
Received Import Request.
  Time since last request: 0.000023 seconds.
  path: Assets/Models/Space kit/rail.fbx
  artifactKey: Guid(01f04111bfe743f4f9c29863bf66b86c) Importer(815301076,1909f56bfc062723c751e8b465ee728b)
Start importing Assets/Models/Space kit/rail.fbx using Guid(01f04111bfe743f4f9c29863bf66b86c) Importer(815301076,1909f56bfc062723c751e8b465ee728b)  -> (artifact id: 'fa80b3132f182f060257c9832927873b') in 0.028669 seconds
Number of updated asset objects reloaded before import = 0
Number of asset objects unloaded after import = 10
========================================================================
Received Import Request.
  Time since last request: 0.000033 seconds.
  path: Assets/Models/Space kit/monorail_trainFlat.fbx
  artifactKey: Guid(a016b189319add04c89901a832eb5dda) Importer(815301076,1909f56bfc062723c751e8b465ee728b)
Start importing Assets/Models/Space kit/monorail_trainFlat.fbx using Guid(a016b189319add04c89901a832eb5dda) Importer(815301076,1909f56bfc062723c751e8b465ee728b)  -> (artifact id: '25f51440a0e2988c850d99246b9d16d7') in 0.042375 seconds
Number of updated asset objects reloaded before import = 0
Number of asset objects unloaded after import = 11
========================================================================
Received Import Request.
  Time since last request: 0.000022 seconds.
  path: Assets/Models/Space kit/pipe_supportHigh.fbx
  artifactKey: Guid(5b8ccc0f0bb8b544092995b246913d9b) Importer(815301076,1909f56bfc062723c751e8b465ee728b)
Start importing Assets/Models/Space kit/pipe_supportHigh.fbx using Guid(5b8ccc0f0bb8b544092995b246913d9b) Importer(815301076,1909f56bfc062723c751e8b465ee728b)  -> (artifact id: '4353185d6146184156b0a1eef3137925') in 0.039592 seconds
Number of updated asset objects reloaded before import = 0
Number of asset objects unloaded after import = 11
========================================================================
Received Import Request.
  Time since last request: 0.000022 seconds.
  path: Assets/Models/Space kit/craft_speederB.fbx
  artifactKey: Guid(b0dc11cfce88d504ba8c8693d5ce21b6) Importer(815301076,1909f56bfc062723c751e8b465ee728b)
Start importing Assets/Models/Space kit/craft_speederB.fbx using Guid(b0dc11cfce88d504ba8c8693d5ce21b6) Importer(815301076,1909f56bfc062723c751e8b465ee728b)  -> (artifact id: '26c59160f80b8496ae53ff709ab931b8') in 0.042050 seconds
Number of updated asset objects reloaded before import = 0
Number of asset objects unloaded after import = 12
========================================================================
Received Import Request.
  Time since last request: 0.000024 seconds.
  path: Assets/Models/Space kit/pipe_ring.fbx
  artifactKey: Guid(8ff27ad0906c25a438e4874cb4fe0a8e) Importer(815301076,1909f56bfc062723c751e8b465ee728b)
Start importing Assets/Models/Space kit/pipe_ring.fbx using Guid(8ff27ad0906c25a438e4874cb4fe0a8e) Importer(815301076,1909f56bfc062723c751e8b465ee728b)  -> (artifact id: '1f28a4a0b3e116baf99d4f48545ab9d9') in 0.041017 seconds
Number of updated asset objects reloaded before import = 0
Number of asset objects unloaded after import = 12
========================================================================
Received Import Request.
  Time since last request: 0.000033 seconds.
  path: Assets/Models/Space kit/hangar_roundB.fbx
  artifactKey: Guid(7faf6ee68c735b4488fb85acae7392e3) Importer(815301076,1909f56bfc062723c751e8b465ee728b)
Start importing Assets/Models/Space kit/hangar_roundB.fbx using Guid(7faf6ee68c735b4488fb85acae7392e3) Importer(815301076,1909f56bfc062723c751e8b465ee728b)  -> (artifact id: '12941cd75e001b0ef05730935758806f') in 0.043802 seconds
Number of updated asset objects reloaded before import = 0
Number of asset objects unloaded after import = 12
========================================================================
Received Import Request.
  Time since last request: 0.000025 seconds.
  path: Assets/Models/Space kit/platform_end.fbx
  artifactKey: Guid(8e05de5939fd0e547ac2541e9ced46fc) Importer(815301076,1909f56bfc062723c751e8b465ee728b)
Start importing Assets/Models/Space kit/platform_end.fbx using Guid(8e05de5939fd0e547ac2541e9ced46fc) Importer(815301076,1909f56bfc062723c751e8b465ee728b)  -> (artifact id: '02b5ff9f2926d97ae7c097a84a9fba96') in 0.034864 seconds
Number of updated asset objects reloaded before import = 0
Number of asset objects unloaded after import = 11
========================================================================
Received Import Request.
  Time since last request: 0.000189 seconds.
  path: Assets/Models/Space kit/hangar_smallA.fbx
  artifactKey: Guid(a090f8e2d2a5d5a46b81abfb2d3f5a70) Importer(815301076,1909f56bfc062723c751e8b465ee728b)
Start importing Assets/Models/Space kit/hangar_smallA.fbx using Guid(a090f8e2d2a5d5a46b81abfb2d3f5a70) Importer(815301076,1909f56bfc062723c751e8b465ee728b)  -> (artifact id: '4809b07003c2814c45ec89651a2b7368') in 0.065801 seconds
Number of updated asset objects reloaded before import = 0
Number of asset objects unloaded after import = 22
========================================================================
Received Import Request.
  Time since last request: 0.000023 seconds.
  path: Assets/Models/Space kit/barrel.fbx
  artifactKey: Guid(a8b0ee227ddd7c741aa68c64e396bb6b) Importer(815301076,1909f56bfc062723c751e8b465ee728b)
Start importing Assets/Models/Space kit/barrel.fbx using Guid(a8b0ee227ddd7c741aa68c64e396bb6b) Importer(815301076,1909f56bfc062723c751e8b465ee728b)  -> (artifact id: '5472ecc103e25c6a0ead9cd5b8fc2822') in 0.028915 seconds
Number of updated asset objects reloaded before import = 0
Number of asset objects unloaded after import = 10
========================================================================
Received Import Request.
  Time since last request: 0.000120 seconds.
  path: Assets/Models/Space kit/monorail_trackSupportCorner.fbx
  artifactKey: Guid(4a7e8db2f0b6b7148b20642afbb8c8e0) Importer(815301076,1909f56bfc062723c751e8b465ee728b)
Start importing Assets/Models/Space kit/monorail_trackSupportCorner.fbx using Guid(4a7e8db2f0b6b7148b20642afbb8c8e0) Importer(815301076,1909f56bfc062723c751e8b465ee728b)  -> (artifact id: '7140077b0feff25fdc89cd5581ea0171') in 0.035322 seconds
Number of updated asset objects reloaded before import = 0
Number of asset objects unloaded after import = 11
========================================================================
Received Import Request.
  Time since last request: 0.000023 seconds.
  path: Assets/Models/Space kit/meteor_detailed.fbx
  artifactKey: Guid(9442922580e647d419fae9063ce4d960) Importer(815301076,1909f56bfc062723c751e8b465ee728b)
Start importing Assets/Models/Space kit/meteor_detailed.fbx using Guid(9442922580e647d419fae9063ce4d960) Importer(815301076,1909f56bfc062723c751e8b465ee728b)  -> (artifact id: 'cb7c6f07eb0112912d28886a14693927') in 0.026516 seconds
Number of updated asset objects reloaded before import = 0
Number of asset objects unloaded after import = 9
========================================================================
Received Import Request.
  Time since last request: 0.000021 seconds.
  path: Assets/Models/Space kit/craft_cargoB.fbx
  artifactKey: Guid(f8d24964edf07e542b4d4e8b1f9c2896) Importer(815301076,1909f56bfc062723c751e8b465ee728b)
Start importing Assets/Models/Space kit/craft_cargoB.fbx using Guid(f8d24964edf07e542b4d4e8b1f9c2896) Importer(815301076,1909f56bfc062723c751e8b465ee728b)  -> (artifact id: '54c12261f1076dd8fc8f16c806fe034b') in 0.040192 seconds
Number of updated asset objects reloaded before import = 0
Number of asset objects unloaded after import = 12
========================================================================
Received Import Request.
  Time since last request: 0.000022 seconds.
  path: Assets/Models/Space kit/pipe_cornerRound.fbx
  artifactKey: Guid(94d819a4c41bbb34dad0909912380a5d) Importer(815301076,1909f56bfc062723c751e8b465ee728b)
Start importing Assets/Models/Space kit/pipe_cornerRound.fbx using Guid(94d819a4c41bbb34dad0909912380a5d) Importer(815301076,1909f56bfc062723c751e8b465ee728b)  -> (artifact id: '64507d8ff25a146cd4c86967e0d0fec4') in 0.032748 seconds
Number of updated asset objects reloaded before import = 0
Number of asset objects unloaded after import = 10
========================================================================
Received Import Request.
  Time since last request: 0.000024 seconds.
  path: Assets/Models/Space kit/corridor_window.fbx
  artifactKey: Guid(1b03dbba8c77d274f8b73ab9dbb1d16f) Importer(815301076,1909f56bfc062723c751e8b465ee728b)
Start importing Assets/Models/Space kit/corridor_window.fbx using Guid(1b03dbba8c77d274f8b73ab9dbb1d16f) Importer(815301076,1909f56bfc062723c751e8b465ee728b)  -> (artifact id: 'ea39630b93a34771627beb3d57cdf387') in 0.043130 seconds
Number of updated asset objects reloaded before import = 0
Number of asset objects unloaded after import = 12
========================================================================
Received Import Request.
  Time since last request: 0.000025 seconds.
  path: Assets/Models/Space kit/monorail_trackSupport.fbx
  artifactKey: Guid(15d4521bb2233174db064e02ad6d4440) Importer(815301076,1909f56bfc062723c751e8b465ee728b)
Start importing Assets/Models/Space kit/monorail_trackSupport.fbx using Guid(15d4521bb2233174db064e02ad6d4440) Importer(815301076,1909f56bfc062723c751e8b465ee728b)  -> (artifact id: '2c6e400531856491995767dc98fff601') in 0.041767 seconds
Number of updated asset objects reloaded before import = 0
Number of asset objects unloaded after import = 11
========================================================================
Received Import Request.
  Time since last request: 0.000038 seconds.
  path: Assets/Models/Space kit/hangar_largeA.fbx
  artifactKey: Guid(b7e28ee4206d5664393ffb4024c333b6) Importer(815301076,1909f56bfc062723c751e8b465ee728b)
Start importing Assets/Models/Space kit/hangar_largeA.fbx using Guid(b7e28ee4206d5664393ffb4024c333b6) Importer(815301076,1909f56bfc062723c751e8b465ee728b)  -> (artifact id: 'd7d4253d6614e634ab2594008d95eb6d') in 0.066309 seconds
Number of updated asset objects reloaded before import = 0
Number of asset objects unloaded after import = 22
========================================================================
Received Import Request.
  Time since last request: 0.000024 seconds.
  path: Assets/Models/Space kit/pipe_supportLow.fbx
  artifactKey: Guid(ca14643ef45cf314f872b5995a267657) Importer(815301076,1909f56bfc062723c751e8b465ee728b)
Start importing Assets/Models/Space kit/pipe_supportLow.fbx using Guid(ca14643ef45cf314f872b5995a267657) Importer(815301076,1909f56bfc062723c751e8b465ee728b)  -> (artifact id: '24325134efa28d4fa8ecee045a9cd33f') in 0.041477 seconds
Number of updated asset objects reloaded before import = 0
Number of asset objects unloaded after import = 11
========================================================================
Received Import Request.
  Time since last request: 0.000022 seconds.
  path: Assets/Models/Space kit/platform_center.fbx
  artifactKey: Guid(0f7796d090c60ef44852c13dbc1e3367) Importer(815301076,1909f56bfc062723c751e8b465ee728b)
Start importing Assets/Models/Space kit/platform_center.fbx using Guid(0f7796d090c60ef44852c13dbc1e3367) Importer(815301076,1909f56bfc062723c751e8b465ee728b)  -> (artifact id: 'bb1aa896314e95510322446e4155c9a1') in 0.026147 seconds
Number of updated asset objects reloaded before import = 0
Number of asset objects unloaded after import = 9
========================================================================
Received Import Request.
  Time since last request: 0.000023 seconds.
  path: Assets/Models/Space kit/desk_chair.fbx
  artifactKey: Guid(e0db9bcab6236de4ba1a2ac0fe0528ad) Importer(815301076,1909f56bfc062723c751e8b465ee728b)
Start importing Assets/Models/Space kit/desk_chair.fbx using Guid(e0db9bcab6236de4ba1a2ac0fe0528ad) Importer(815301076,1909f56bfc062723c751e8b465ee728b)  -> (artifact id: 'e0cdf2711b8a3c522dea83b7a68cda82') in 0.035005 seconds
Number of updated asset objects reloaded before import = 0
Number of asset objects unloaded after import = 11
========================================================================
Received Import Request.
  Time since last request: 0.000026 seconds.
  path: Assets/Models/Space kit/astronautB.fbx
  artifactKey: Guid(5747b5996f07b5d4d9b8f979380ee728) Importer(815301076,1909f56bfc062723c751e8b465ee728b)
Start importing Assets/Models/Space kit/astronautB.fbx using Guid(5747b5996f07b5d4d9b8f979380ee728) Importer(815301076,1909f56bfc062723c751e8b465ee728b)  -> (artifact id: 'a819f1b5e781c369a804824a0ddc60d8') in 0.099074 seconds
Number of updated asset objects reloaded before import = 0
Number of asset objects unloaded after import = 40
========================================================================
Received Import Request.
  Time since last request: 0.000034 seconds.
  path: Assets/Models/Space kit/hangar_roundA.fbx
  artifactKey: Guid(e27633458e89b464c882600119c1a273) Importer(815301076,1909f56bfc062723c751e8b465ee728b)
Start importing Assets/Models/Space kit/hangar_roundA.fbx using Guid(e27633458e89b464c882600119c1a273) Importer(815301076,1909f56bfc062723c751e8b465ee728b)  -> (artifact id: '44984dcd468482e1260c596c3d017ebf') in 0.042915 seconds
Number of updated asset objects reloaded before import = 0
Number of asset objects unloaded after import = 12
========================================================================
Received Import Request.
  Time since last request: 0.000029 seconds.
  path: Assets/Models/Space kit/pipe_ringHigh.fbx
  artifactKey: Guid(340f742c78783754ab83ef04eaceeb3a) Importer(815301076,1909f56bfc062723c751e8b465ee728b)
Start importing Assets/Models/Space kit/pipe_ringHigh.fbx using Guid(340f742c78783754ab83ef04eaceeb3a) Importer(815301076,1909f56bfc062723c751e8b465ee728b)  -> (artifact id: '6b5ca853349786915129ba4000359369') in 0.050416 seconds
Number of updated asset objects reloaded before import = 0
Number of asset objects unloaded after import = 13
========================================================================
Received Import Request.
  Time since last request: 0.000023 seconds.
  path: Assets/Models/Space kit/chimney.fbx
  artifactKey: Guid(95d30608814e8c849aeebb08e61ef846) Importer(815301076,1909f56bfc062723c751e8b465ee728b)
Start importing Assets/Models/Space kit/chimney.fbx using Guid(95d30608814e8c849aeebb08e61ef846) Importer(815301076,1909f56bfc062723c751e8b465ee728b)  -> (artifact id: '7c61ba65534a23fd42e2de1132438e25') in 0.033295 seconds
Number of updated asset objects reloaded before import = 0
Number of asset objects unloaded after import = 10
========================================================================
Received Import Request.
  Time since last request: 0.000024 seconds.
  path: Assets/Models/Space kit/pipe_entrance.fbx
  artifactKey: Guid(3b53261204d861843bacb70e9e613b36) Importer(815301076,1909f56bfc062723c751e8b465ee728b)
Start importing Assets/Models/Space kit/pipe_entrance.fbx using Guid(3b53261204d861843bacb70e9e613b36) Importer(815301076,1909f56bfc062723c751e8b465ee728b)  -> (artifact id: 'd11a933fc7a6444d7fca0194c99d274d') in 0.030183 seconds
Number of updated asset objects reloaded before import = 0
Number of asset objects unloaded after import = 10
========================================================================
Received Import Request.
  Time since last request: 0.000023 seconds.
  path: Assets/Models/Space kit/barrels_rail.fbx
  artifactKey: Guid(4c7289d21e4b1be409cd77047975e9f9) Importer(815301076,1909f56bfc062723c751e8b465ee728b)
Start importing Assets/Models/Space kit/barrels_rail.fbx using Guid(4c7289d21e4b1be409cd77047975e9f9) Importer(815301076,1909f56bfc062723c751e8b465ee728b)  -> (artifact id: '401b4868bfb4b5400249a283da3fb5b7') in 0.082298 seconds
Number of updated asset objects reloaded before import = 0
Number of asset objects unloaded after import = 31
========================================================================
Received Import Request.
  Time since last request: 0.000027 seconds.
  path: Assets/Models/Space kit/desk_chairStool.fbx
  artifactKey: Guid(b335c080618ef814087f63aa6e8cbbfe) Importer(815301076,1909f56bfc062723c751e8b465ee728b)
Start importing Assets/Models/Space kit/desk_chairStool.fbx using Guid(b335c080618ef814087f63aa6e8cbbfe) Importer(815301076,1909f56bfc062723c751e8b465ee728b)  -> (artifact id: '289ae569a61f38ba557d6eddd487e1e5') in 0.030776 seconds
Number of updated asset objects reloaded before import = 0
Number of asset objects unloaded after import = 10
========================================================================
Received Import Request.
  Time since last request: 0.000275 seconds.
  path: Assets/Models/Space kit/pipe_cross.fbx
  artifactKey: Guid(218db27e8a8642044b644bd23a2f85f2) Importer(815301076,1909f56bfc062723c751e8b465ee728b)
Start importing Assets/Models/Space kit/pipe_cross.fbx using Guid(218db27e8a8642044b644bd23a2f85f2) Importer(815301076,1909f56bfc062723c751e8b465ee728b)  -> (artifact id: 'ec008a190828ddd79fc51cf893564921') in 0.035768 seconds
Number of updated asset objects reloaded before import = 0
Number of asset objects unloaded after import = 11
========================================================================
Received Import Request.
  Time since last request: 0.000028 seconds.
  path: Assets/Models/Space kit/platform_smallDiagonal.fbx
  artifactKey: Guid(0005bb8de6cbadb4f908e298aabaf3d5) Importer(815301076,1909f56bfc062723c751e8b465ee728b)
Start importing Assets/Models/Space kit/platform_smallDiagonal.fbx using Guid(0005bb8de6cbadb4f908e298aabaf3d5) Importer(815301076,1909f56bfc062723c751e8b465ee728b)  -> (artifact id: '34a4a04f7ab71eef072353afafa9f3e3') in 0.031695 seconds
Number of updated asset objects reloaded before import = 0
Number of asset objects unloaded after import = 11
========================================================================
Received Import Request.
  Time since last request: 0.000020 seconds.
  path: Assets/Models/Space kit/machine_barrel.fbx
  artifactKey: Guid(2cb697f721c739442b9f10017ef2b4e7) Importer(815301076,1909f56bfc062723c751e8b465ee728b)
Start importing Assets/Models/Space kit/machine_barrel.fbx using Guid(2cb697f721c739442b9f10017ef2b4e7) Importer(815301076,1909f56bfc062723c751e8b465ee728b)  -> (artifact id: '255d6afcabc55ea30635d800c611f8d6') in 0.047953 seconds
Number of updated asset objects reloaded before import = 0
Number of asset objects unloaded after import = 17
========================================================================
Received Import Request.
  Time since last request: 0.000022 seconds.
  path: Assets/Models/Space kit/monorail_trainFront.fbx
  artifactKey: Guid(8cd0c3658f1120c469475eb9d9cb2889) Importer(815301076,1909f56bfc062723c751e8b465ee728b)
Start importing Assets/Models/Space kit/monorail_trainFront.fbx using Guid(8cd0c3658f1120c469475eb9d9cb2889) Importer(815301076,1909f56bfc062723c751e8b465ee728b)  -> (artifact id: 'ef04b324251a19c6983e9b2f1425575b') in 0.033827 seconds
Number of updated asset objects reloaded before import = 0
Number of asset objects unloaded after import = 11
========================================================================
Received Import Request.
  Time since last request: 0.000022 seconds.
  path: Assets/Models/Space kit/monorail_trainEnd.fbx
  artifactKey: Guid(5c134c475f557d4419ba5c3d1f57d3d4) Importer(815301076,1909f56bfc062723c751e8b465ee728b)
Start importing Assets/Models/Space kit/monorail_trainEnd.fbx using Guid(5c134c475f557d4419ba5c3d1f57d3d4) Importer(815301076,1909f56bfc062723c751e8b465ee728b)  -> (artifact id: '9bfa85cc65ced1a58fa36ced2e01779d') in 0.041647 seconds
Number of updated asset objects reloaded before import = 0
Number of asset objects unloaded after import = 12
========================================================================
Received Import Request.
  Time since last request: 0.000024 seconds.
  path: Assets/Models/Space kit/chimney_detailed.fbx
  artifactKey: Guid(cd453ba3746ef074b93b462737a29038) Importer(815301076,1909f56bfc062723c751e8b465ee728b)
Start importing Assets/Models/Space kit/chimney_detailed.fbx using Guid(cd453ba3746ef074b93b462737a29038) Importer(815301076,1909f56bfc062723c751e8b465ee728b)  -> (artifact id: '10ebf1d3b1197fa077797dcfee54322e') in 0.035433 seconds
Number of updated asset objects reloaded before import = 0
Number of asset objects unloaded after import = 11
========================================================================
Received Import Request.
  Time since last request: 0.000030 seconds.
  path: Assets/Models/Space kit/platform_side.fbx
  artifactKey: Guid(f19f438105b72364ba853a2647fbff56) Importer(815301076,1909f56bfc062723c751e8b465ee728b)
Start importing Assets/Models/Space kit/platform_side.fbx using Guid(f19f438105b72364ba853a2647fbff56) Importer(815301076,1909f56bfc062723c751e8b465ee728b)  -> (artifact id: 'ab9693955ea899bfc70d8af937209ac7') in 0.040455 seconds
Number of updated asset objects reloaded before import = 0
Number of asset objects unloaded after import = 12
========================================================================
Received Import Request.
  Time since last request: 0.000027 seconds.
  path: Assets/Models/Space kit/desk_computerScreen.fbx
  artifactKey: Guid(81649571b3f7d5848aaf2e25af6247e2) Importer(815301076,1909f56bfc062723c751e8b465ee728b)
Start importing Assets/Models/Space kit/desk_computerScreen.fbx using Guid(81649571b3f7d5848aaf2e25af6247e2) Importer(815301076,1909f56bfc062723c751e8b465ee728b)  -> (artifact id: '927318825fc8dfef56892c2cd02669b5') in 0.032764 seconds
Number of updated asset objects reloaded before import = 0
Number of asset objects unloaded after import = 11
========================================================================
Received Import Request.
  Time since last request: 0.000021 seconds.
  path: Assets/Models/Space kit/meteor_half.fbx
  artifactKey: Guid(692a442521b2b9744a41b6928a0e8af4) Importer(815301076,1909f56bfc062723c751e8b465ee728b)
Start importing Assets/Models/Space kit/meteor_half.fbx using Guid(692a442521b2b9744a41b6928a0e8af4) Importer(815301076,1909f56bfc062723c751e8b465ee728b)  -> (artifact id: 'a20adde1010e100d48494723180eaaf2') in 0.025514 seconds
Number of updated asset objects reloaded before import = 0
Number of asset objects unloaded after import = 9
========================================================================
Received Import Request.
  Time since last request: 0.000028 seconds.
  path: Assets/Models/Space kit/craterLarge.fbx
  artifactKey: Guid(2bc1622efd059be42828d1beb4b7863a) Importer(815301076,1909f56bfc062723c751e8b465ee728b)
Start importing Assets/Models/Space kit/craterLarge.fbx using Guid(2bc1622efd059be42828d1beb4b7863a) Importer(815301076,1909f56bfc062723c751e8b465ee728b)  -> (artifact id: '91dc823c4b08a3000639caad2c471ae1') in 0.032469 seconds
Number of updated asset objects reloaded before import = 0
Number of asset objects unloaded after import = 10
========================================================================
Received Import Request.
  Time since last request: 0.000021 seconds.
  path: Assets/Models/Space kit/craft_racer.fbx
  artifactKey: Guid(e17a74caffae91e4680e906410f87f6b) Importer(815301076,1909f56bfc062723c751e8b465ee728b)
Start importing Assets/Models/Space kit/craft_racer.fbx using Guid(e17a74caffae91e4680e906410f87f6b) Importer(815301076,1909f56bfc062723c751e8b465ee728b)  -> (artifact id: '7e854307b11caa8ade101181ea920303') in 0.042799 seconds
Number of updated asset objects reloaded before import = 0
Number of asset objects unloaded after import = 12
========================================================================
Received Import Request.
  Time since last request: 0.000024 seconds.
  path: Assets/Models/Space kit/pipe_ringHighEnd.fbx
  artifactKey: Guid(b81a684fc451ab44588d971e5e24f00d) Importer(815301076,1909f56bfc062723c751e8b465ee728b)
Start importing Assets/Models/Space kit/pipe_ringHighEnd.fbx using Guid(b81a684fc451ab44588d971e5e24f00d) Importer(815301076,1909f56bfc062723c751e8b465ee728b)  -> (artifact id: '786280ac7fda545cc4f5907bc5de0947') in 0.047109 seconds
Number of updated asset objects reloaded before import = 0
Number of asset objects unloaded after import = 13
========================================================================
Received Import Request.
  Time since last request: 0.000036 seconds.
  path: Assets/Models/Space kit/desk_computer.fbx
  artifactKey: Guid(b82344ed0055e674bb1a219d7c4dd383) Importer(815301076,1909f56bfc062723c751e8b465ee728b)
Start importing Assets/Models/Space kit/desk_computer.fbx using Guid(b82344ed0055e674bb1a219d7c4dd383) Importer(815301076,1909f56bfc062723c751e8b465ee728b)  -> (artifact id: '6c30b188c4578c7b19b9b759556a2a9a') in 0.034897 seconds
Number of updated asset objects reloaded before import = 0
Number of asset objects unloaded after import = 11
========================================================================
Received Import Request.
  Time since last request: 0.000022 seconds.
  path: Assets/Models/Space kit/corridor_cornerRound.fbx
  artifactKey: Guid(094c0eb76d4d6294f894cfe2570ba70b) Importer(815301076,1909f56bfc062723c751e8b465ee728b)
Start importing Assets/Models/Space kit/corridor_cornerRound.fbx using Guid(094c0eb76d4d6294f894cfe2570ba70b) Importer(815301076,1909f56bfc062723c751e8b465ee728b)  -> (artifact id: '2e80b1be16c09d00a2e2874db43d1186') in 0.034747 seconds
Number of updated asset objects reloaded before import = 0
Number of asset objects unloaded after import = 11
========================================================================
Received Import Request.
  Time since last request: 0.000023 seconds.
  path: Assets/Models/Space kit/corridor_open.fbx
  artifactKey: Guid(9db311c8d821be34ea6258bab4c6a053) Importer(815301076,1909f56bfc062723c751e8b465ee728b)
Start importing Assets/Models/Space kit/corridor_open.fbx using Guid(9db311c8d821be34ea6258bab4c6a053) Importer(815301076,1909f56bfc062723c751e8b465ee728b)  -> (artifact id: '9d5832d21a05b9dc52b740ce6b9ef6b5') in 0.037729 seconds
Number of updated asset objects reloaded before import = 0
Number of asset objects unloaded after import = 10
========================================================================
Received Import Request.
  Time since last request: 0.000323 seconds.
  path: Assets/Models/Space kit/gate_simple.fbx
  artifactKey: Guid(813bcd6c67d29e34f8746dd1ca2fed87) Importer(815301076,1909f56bfc062723c751e8b465ee728b)
Start importing Assets/Models/Space kit/gate_simple.fbx using Guid(813bcd6c67d29e34f8746dd1ca2fed87) Importer(815301076,1909f56bfc062723c751e8b465ee728b)  -> (artifact id: '897d5b2bef1a3685c505709506c02fb6') in 0.040625 seconds
Number of updated asset objects reloaded before import = 0
Number of asset objects unloaded after import = 11
========================================================================
Received Import Request.
  Time since last request: 1.418096 seconds.
  path: Assets/Models/Space kit/rail_corner.fbx
  artifactKey: Guid(f8f6304a7c38fab4e839382d1ab94e94) Importer(815301076,1909f56bfc062723c751e8b465ee728b)
Start importing Assets/Models/Space kit/rail_corner.fbx using Guid(f8f6304a7c38fab4e839382d1ab94e94) Importer(815301076,1909f56bfc062723c751e8b465ee728b)  -> (artifact id: '6111560fb4b0301b2fe12efaba9ecaf6') in 0.035791 seconds
Number of updated asset objects reloaded before import = 0
Number of asset objects unloaded after import = 10
========================================================================
Received Import Request.
  Time since last request: 0.000026 seconds.
  path: Assets/Models/Space kit/rocket_fuelB.fbx
  artifactKey: Guid(5410d57e6a3d7ec4489b504b853d21db) Importer(815301076,1909f56bfc062723c751e8b465ee728b)
Start importing Assets/Models/Space kit/rocket_fuelB.fbx using Guid(5410d57e6a3d7ec4489b504b853d21db) Importer(815301076,1909f56bfc062723c751e8b465ee728b)  -> (artifact id: '47f264dde263a0ac373f5804dc01a124') in 0.032248 seconds
Number of updated asset objects reloaded before import = 0
Number of asset objects unloaded after import = 10
========================================================================
Received Import Request.
  Time since last request: 0.000033 seconds.
  path: Assets/Models/Space kit/rocket_baseB.fbx
  artifactKey: Guid(a13977ed52998704ba6c123bb9792fdc) Importer(815301076,1909f56bfc062723c751e8b465ee728b)
Start importing Assets/Models/Space kit/rocket_baseB.fbx using Guid(a13977ed52998704ba6c123bb9792fdc) Importer(815301076,1909f56bfc062723c751e8b465ee728b)  -> (artifact id: '0312b36b81f079c62116bef928e56fcb') in 0.037041 seconds
Number of updated asset objects reloaded before import = 0
Number of asset objects unloaded after import = 11
========================================================================
Received Import Request.
  Time since last request: 0.000028 seconds.
  path: Assets/Models/Space kit/rock.fbx
  artifactKey: Guid(dbcf7884f1984ee42a06004e166c09d1) Importer(815301076,1909f56bfc062723c751e8b465ee728b)
Start importing Assets/Models/Space kit/rock.fbx using Guid(dbcf7884f1984ee42a06004e166c09d1) Importer(815301076,1909f56bfc062723c751e8b465ee728b)  -> (artifact id: '0303b56847032612e8c43bf252da4880') in 0.031683 seconds
Number of updated asset objects reloaded before import = 0
Number of asset objects unloaded after import = 10
========================================================================
Received Import Request.
  Time since last request: 0.000022 seconds.
  path: Assets/Models/Space kit/satelliteDish.fbx
  artifactKey: Guid(016dd2c38b21dbf46b6e9ac265fab10c) Importer(815301076,1909f56bfc062723c751e8b465ee728b)
Start importing Assets/Models/Space kit/satelliteDish.fbx using Guid(016dd2c38b21dbf46b6e9ac265fab10c) Importer(815301076,1909f56bfc062723c751e8b465ee728b)  -> (artifact id: '35be816ec17ad8a79f8c18cf2e686f1d') in 0.049951 seconds
Number of updated asset objects reloaded before import = 0
Number of asset objects unloaded after import = 13
========================================================================
Received Import Request.
  Time since last request: 0.000022 seconds.
  path: Assets/Models/Space kit/terrain.fbx
  artifactKey: Guid(e716b3f7b02fd4c4b83f864f0dab757a) Importer(815301076,1909f56bfc062723c751e8b465ee728b)
Start importing Assets/Models/Space kit/terrain.fbx using Guid(e716b3f7b02fd4c4b83f864f0dab757a) Importer(815301076,1909f56bfc062723c751e8b465ee728b)  -> (artifact id: 'fd81f9fa2e60f7a5110ddb2d2a69cdaa') in 0.026703 seconds
Number of updated asset objects reloaded before import = 0
Number of asset objects unloaded after import = 9
========================================================================
Received Import Request.
  Time since last request: 0.000034 seconds.
  path: Assets/Models/Space kit/terrain_rampLarge.fbx
  artifactKey: Guid(9b7e607219ba50940afc75d1767bbf6c) Importer(815301076,1909f56bfc062723c751e8b465ee728b)
Start importing Assets/Models/Space kit/terrain_rampLarge.fbx using Guid(9b7e607219ba50940afc75d1767bbf6c) Importer(815301076,1909f56bfc062723c751e8b465ee728b)  -> (artifact id: 'f77ece90da31b963a56040db5e65e724') in 0.030397 seconds
Number of updated asset objects reloaded before import = 0
Number of asset objects unloaded after import = 10
========================================================================
Received Import Request.
  Time since last request: 0.000026 seconds.
  path: Assets/Models/Space kit/structure_closed.fbx
  artifactKey: Guid(6f1beb74ec3bd7c45b1cbfa0923f9016) Importer(815301076,1909f56bfc062723c751e8b465ee728b)
Start importing Assets/Models/Space kit/structure_closed.fbx using Guid(6f1beb74ec3bd7c45b1cbfa0923f9016) Importer(815301076,1909f56bfc062723c751e8b465ee728b)  -> (artifact id: '2aac4f4dde10ff5ed72c2e0229e1c630') in 0.041448 seconds
Number of updated asset objects reloaded before import = 0
Number of asset objects unloaded after import = 11
========================================================================
Received Import Request.
  Time since last request: 0.000031 seconds.
  path: Assets/Models/Space kit/structure_detailed.fbx
  artifactKey: Guid(6134503b0f6704145a575443a38119d1) Importer(815301076,1909f56bfc062723c751e8b465ee728b)
Start importing Assets/Models/Space kit/structure_detailed.fbx using Guid(6134503b0f6704145a575443a38119d1) Importer(815301076,1909f56bfc062723c751e8b465ee728b)  -> (artifact id: '243594fb656f3330031388a28f0af363') in 0.037008 seconds
Number of updated asset objects reloaded before import = 0
Number of asset objects unloaded after import = 11
========================================================================
Received Import Request.
  Time since last request: 0.000024 seconds.
  path: Assets/Models/Space kit/terrain_rampLarge_detailed.fbx
  artifactKey: Guid(b661df3009af81e4299f7cad2e9844d7) Importer(815301076,1909f56bfc062723c751e8b465ee728b)
Start importing Assets/Models/Space kit/terrain_rampLarge_detailed.fbx using Guid(b661df3009af81e4299f7cad2e9844d7) Importer(815301076,1909f56bfc062723c751e8b465ee728b)  -> (artifact id: 'b0a77ac9aa762a4d76046be7fceb867f') in 0.029961 seconds
Number of updated asset objects reloaded before import = 0
Number of asset objects unloaded after import = 10
========================================================================
Received Import Request.
  Time since last request: 0.000022 seconds.
  path: Assets/Models/Space kit/terrain_sideCornerInner.fbx
  artifactKey: Guid(e1da40af2132b6547ac7b079e7acbda1) Importer(815301076,1909f56bfc062723c751e8b465ee728b)
Start importing Assets/Models/Space kit/terrain_sideCornerInner.fbx using Guid(e1da40af2132b6547ac7b079e7acbda1) Importer(815301076,1909f56bfc062723c751e8b465ee728b)  -> (artifact id: 'b0b0fcd8249247f1433e6e48b19623f8') in 0.030250 seconds
Number of updated asset objects reloaded before import = 0
Number of asset objects unloaded after import = 10
========================================================================
Received Import Request.
  Time since last request: 0.000026 seconds.
  path: Assets/Models/Space kit/terrain_roadSplit.fbx
  artifactKey: Guid(40a324a17a0f0af4782b2c2d61efec95) Importer(815301076,1909f56bfc062723c751e8b465ee728b)
Start importing Assets/Models/Space kit/terrain_roadSplit.fbx using Guid(40a324a17a0f0af4782b2c2d61efec95) Importer(815301076,1909f56bfc062723c751e8b465ee728b)  -> (artifact id: '50a56786a0b5e4071d1c9972752dcd1c') in 0.029175 seconds
Number of updated asset objects reloaded before import = 0
Number of asset objects unloaded after import = 10
========================================================================
Received Import Request.
  Time since last request: 0.000020 seconds.
  path: Assets/Models/Space kit/stairs_short.fbx
  artifactKey: Guid(7c7fd82cc2475fa41b2be3c70b2a3715) Importer(815301076,1909f56bfc062723c751e8b465ee728b)
Start importing Assets/Models/Space kit/stairs_short.fbx using Guid(7c7fd82cc2475fa41b2be3c70b2a3715) Importer(815301076,1909f56bfc062723c751e8b465ee728b)  -> (artifact id: '4b342fbae9456c852377de4493efca14') in 0.045383 seconds
Number of updated asset objects reloaded before import = 0
Number of asset objects unloaded after import = 11
========================================================================
Received Import Request.
  Time since last request: 0.000025 seconds.
  path: Assets/Models/Space kit/rocket_sidesB.fbx
  artifactKey: Guid(13215c9bd18f5034cabf7c2c9bfe4d0d) Importer(815301076,1909f56bfc062723c751e8b465ee728b)
Start importing Assets/Models/Space kit/rocket_sidesB.fbx using Guid(13215c9bd18f5034cabf7c2c9bfe4d0d) Importer(815301076,1909f56bfc062723c751e8b465ee728b)  -> (artifact id: '1e98fa72328adce9e2f968c4ba23517c') in 0.042223 seconds
Number of updated asset objects reloaded before import = 0
Number of asset objects unloaded after import = 11
========================================================================
Received Import Request.
  Time since last request: 0.000036 seconds.
  path: Assets/Models/Space kit/stairs.fbx
  artifactKey: Guid(cec3d4b0139947d45b4cacea10e248c7) Importer(815301076,1909f56bfc062723c751e8b465ee728b)
Start importing Assets/Models/Space kit/stairs.fbx using Guid(cec3d4b0139947d45b4cacea10e248c7) Importer(815301076,1909f56bfc062723c751e8b465ee728b)  -> (artifact id: '05f237996a8c03ef8ca978e6e5a72ad7') in 0.038218 seconds
Number of updated asset objects reloaded before import = 0
Number of asset objects unloaded after import = 11
========================================================================
Received Import Request.
  Time since last request: 0.000035 seconds.
  path: Assets/Models/Space kit/supports_high.fbx
  artifactKey: Guid(0c60ee3149a0e1744b6651d32e49ac7e) Importer(815301076,1909f56bfc062723c751e8b465ee728b)
Start importing Assets/Models/Space kit/supports_high.fbx using Guid(0c60ee3149a0e1744b6651d32e49ac7e) Importer(815301076,1909f56bfc062723c751e8b465ee728b)  -> (artifact id: 'a64ff4bff6a5ce96f35c1f83af44741c') in 0.039595 seconds
Number of updated asset objects reloaded before import = 0
Number of asset objects unloaded after import = 11
========================================================================
Received Import Request.
  Time since last request: 0.000022 seconds.
  path: Assets/Models/Space kit/rock_crystalsLargeB.fbx
  artifactKey: Guid(dec50358c2c9cc34a8faa98e53f9a957) Importer(815301076,1909f56bfc062723c751e8b465ee728b)
Start importing Assets/Models/Space kit/rock_crystalsLargeB.fbx using Guid(dec50358c2c9cc34a8faa98e53f9a957) Importer(815301076,1909f56bfc062723c751e8b465ee728b)  -> (artifact id: 'decee4a4546a7503ae5d92e77cb9b4df') in 0.042500 seconds
Number of updated asset objects reloaded before import = 0
Number of asset objects unloaded after import = 11
========================================================================
Received Import Request.
  Time since last request: 0.000029 seconds.
  path: Assets/Models/Space kit/satelliteDish_detailed.fbx
  artifactKey: Guid(789e9dfd2dcc06e4cbf2e735940b91f0) Importer(815301076,1909f56bfc062723c751e8b465ee728b)
Start importing Assets/Models/Space kit/satelliteDish_detailed.fbx using Guid(789e9dfd2dcc06e4cbf2e735940b91f0) Importer(815301076,1909f56bfc062723c751e8b465ee728b)  -> (artifact id: 'e1ecfb2a05a72c119c6892bc710100b1') in 0.063525 seconds
Number of updated asset objects reloaded before import = 0
Number of asset objects unloaded after import = 13
========================================================================
Received Import Request.
  Time since last request: 0.000026 seconds.
  path: Assets/Models/Space kit/terrain_roadEnd.fbx
  artifactKey: Guid(40ddecb0d0e5d5a459042539a9825a0c) Importer(815301076,1909f56bfc062723c751e8b465ee728b)
Start importing Assets/Models/Space kit/terrain_roadEnd.fbx using Guid(40ddecb0d0e5d5a459042539a9825a0c) Importer(815301076,1909f56bfc062723c751e8b465ee728b)  -> (artifact id: '7c02b58c53422ea1ff6510cbe793f48e') in 0.035381 seconds
Number of updated asset objects reloaded before import = 0
Number of asset objects unloaded after import = 10
========================================================================
Received Import Request.
  Time since last request: 0.000047 seconds.
  path: Assets/Models/Space kit/terrain_side.fbx
  artifactKey: Guid(5973536030cd27345b8adfeaacaa0d8e) Importer(815301076,1909f56bfc062723c751e8b465ee728b)
Start importing Assets/Models/Space kit/terrain_side.fbx using Guid(5973536030cd27345b8adfeaacaa0d8e) Importer(815301076,1909f56bfc062723c751e8b465ee728b)  -> (artifact id: '5348e25f69f50e359cccab0356da7e53') in 0.027139 seconds
Number of updated asset objects reloaded before import = 0
Number of asset objects unloaded after import = 9
========================================================================
Received Import Request.
  Time since last request: 0.000032 seconds.
  path: Assets/Models/Space kit/rocket_topB.fbx
  artifactKey: Guid(8665299774dde4646a9decb7ed320060) Importer(815301076,1909f56bfc062723c751e8b465ee728b)
Start importing Assets/Models/Space kit/rocket_topB.fbx using Guid(8665299774dde4646a9decb7ed320060) Importer(815301076,1909f56bfc062723c751e8b465ee728b)  -> (artifact id: 'd9d6cd67405d12411b5cf7c828a6fe9d') in 0.040588 seconds
Number of updated asset objects reloaded before import = 0
Number of asset objects unloaded after import = 11
========================================================================
Received Import Request.
  Time since last request: 0.000022 seconds.
  path: Assets/Models/Space kit/rail_middle.fbx
  artifactKey: Guid(a1120c693fb064241b05ff21aca7d705) Importer(815301076,1909f56bfc062723c751e8b465ee728b)
Start importing Assets/Models/Space kit/rail_middle.fbx using Guid(a1120c693fb064241b05ff21aca7d705) Importer(815301076,1909f56bfc062723c751e8b465ee728b)  -> (artifact id: '1f46e39b71bc21bef79beaabe59b40fb') in 0.032482 seconds
Number of updated asset objects reloaded before import = 0
Number of asset objects unloaded after import = 10
========================================================================
Received Import Request.
  Time since last request: 0.000023 seconds.
  path: Assets/Models/Space kit/rock_largeB.fbx
  artifactKey: Guid(0433b91fc6870a94ab2422b08559d1db) Importer(815301076,1909f56bfc062723c751e8b465ee728b)
Start importing Assets/Models/Space kit/rock_largeB.fbx using Guid(0433b91fc6870a94ab2422b08559d1db) Importer(815301076,1909f56bfc062723c751e8b465ee728b)  -> (artifact id: '924b839919398cdf776ce4be9dcaf9de') in 0.032575 seconds
Number of updated asset objects reloaded before import = 0
Number of asset objects unloaded after import = 10
========================================================================
Received Import Request.
  Time since last request: 0.000023 seconds.
  path: Assets/Models/Space kit/satelliteDish_large.fbx
  artifactKey: Guid(147a88389fea8344e8567cd8b801ce01) Importer(815301076,1909f56bfc062723c751e8b465ee728b)
Start importing Assets/Models/Space kit/satelliteDish_large.fbx using Guid(147a88389fea8344e8567cd8b801ce01) Importer(815301076,1909f56bfc062723c751e8b465ee728b)  -> (artifact id: 'd33bb3446a54b890c5ca0e6d6810fa5d') in 0.036868 seconds
Number of updated asset objects reloaded before import = 0
Number of asset objects unloaded after import = 11
========================================================================
Received Import Request.
  Time since last request: 0.000028 seconds.
  path: Assets/Models/Space kit/structure_diagonal.fbx
  artifactKey: Guid(e2df27d4513a62b44956d1dd16787ca7) Importer(815301076,1909f56bfc062723c751e8b465ee728b)
Start importing Assets/Models/Space kit/structure_diagonal.fbx using Guid(e2df27d4513a62b44956d1dd16787ca7) Importer(815301076,1909f56bfc062723c751e8b465ee728b)  -> (artifact id: 'c928b17c21b7e663e1fb3abdc6336b72') in 0.041388 seconds
Number of updated asset objects reloaded before import = 0
Number of asset objects unloaded after import = 11
========================================================================
Received Prepare
Begin MonoManager ReloadAssembly
- Loaded All Assemblies, in  0.581 seconds
Refreshing native plugins compatible for Editor in 3.13 ms, found 3 plugins.
Native extension for UWP target not found
Native extension for WindowsStandalone target not found
Native extension for iOS target not found
Native extension for Android target not found
Native extension for OSXStandalone target not found
Native extension for WebGL target not found
[Package Manager] Server::EnsureServerProcessIsRunning -- launch failed, reason: Unity was launched with the -noUpm command-line argument
[Package Manager] UpmClient::Send -- Unable to send message (not connected to UPM process).
[Package Manager] Cannot connect to Unity Package Manager local server
Mono: successfully reloaded assembly
- Finished resetting the current domain, in  1.365 seconds
Domain Reload Profiling: 1945ms
	BeginReloadAssembly (198ms)
		ExecutionOrderSort (0ms)
		DisableScriptedObjects (12ms)
		BackupInstance (0ms)
		ReleaseScriptingObjects (0ms)
		CreateAndSetChildDomain (51ms)
	RebuildCommonClasses (37ms)
	RebuildNativeTypeToScriptingClass (14ms)
	initialDomainReloadingComplete (30ms)
	LoadAllAssembliesAndSetupDomain (301ms)
		LoadAssemblies (374ms)
		RebuildTransferFunctionScriptingTraits (0ms)
		AnalyzeDomain (27ms)
			TypeCache.Refresh (10ms)
				TypeCache.ScanAssembly (0ms)
			ScanForSourceGeneratedMonoScriptInfo (0ms)
			ResolveRequiredComponents (14ms)
	FinalizeReload (1365ms)
		ReleaseScriptCaches (0ms)
		RebuildScriptCaches (0ms)
		SetupLoadedEditorAssemblies (630ms)
			LogAssemblyErrors (0ms)
			InitializePlatformSupportModulesInManaged (48ms)
			SetLoadedEditorAssemblies (4ms)
			RefreshPlugins (0ms)
			BeforeProcessingInitializeOnLoad (84ms)
			ProcessInitializeOnLoadAttributes (401ms)
			ProcessInitializeOnLoadMethodAttributes (90ms)
			AfterProcessingInitializeOnLoad (4ms)
			EditorAssembliesLoaded (0ms)
		ExecutionOrderSort2 (0ms)
		AwakeInstancesAfterBackupRestoration (28ms)
Refreshing native plugins compatible for Editor in 3.83 ms, found 3 plugins.
Preloading 0 native plugins for Editor in 0.00 ms.
Unloading 5083 Unused Serialized files (Serialized files now loaded: 0)
Unloading 43 unused Assets / (390.8 KB). Loaded Objects now: 5791.
Memory consumption went from 189.7 MB to 189.4 MB.
Total: 4.656500 ms (FindLiveObjects: 0.851600 ms CreateObjectMapping: 0.307300 ms MarkObjects: 3.358600 ms  DeleteObjects: 0.137500 ms)

Prepare: number of updated asset objects reloaded= 0
AssetImportParameters requested are different than current active one (requested -> active):
  custom:container-demuxer-ogg: 62fdf1f143b41e24485cea50d1cbac27 -> 
  custom:video-decoder-ogg-theora: a1e56fd34408186e4bbccfd4996cb3dc -> 
  custom:framework-win-MediaFoundation: 216162199b28c13a410421893ffa2e32 -> 
  custom:CustomObjectIndexerAttribute: 72b91833f83ae208fae7752999fa3104 -> 
  custom:container-demuxer-webm: 4f35f7cbe854078d1ac9338744f61a02 -> 
  custom:container-muxer-webm: aa71ff27fc2769a1b78a27578f13a17b -> 
  custom:video-decoder-webm-vp8: 9c59270c3fd7afecdb556c50c9e8de78 -> 
  custom:SearchIndexIgnoredProperties: e643bd26f0fe6173181afceb89e7c659 -> 
  custom:AudioImporter_EditorPlatform: d09bf68614088b80899f8185d706f6e7 -> 
  custom:video-encoder-webm-vp8: eb34c28f22e8b96e1ab97ce403110664 -> 
  custom:audio-decoder-ogg-vorbis: bf7c407c2cedff20999df2af8eb42d56 -> 
  custom:audio-encoder-webm-vorbis: bf7c407c2cedff20999df2af8eb42d56 -> 
Editor requested this worker to shutdown with reason: Scaling down because of idle timeout
TcpMessagingSession - receive error
AssetImportWorkerClient::OnTransportError - code=2 error=End of file
AssetImportWorker is now disconnected from the server
Process exiting
Exiting without the bug reporter. Application will terminate with return code 0